-- The C compiler identification is GNU 12.4.0
-- The CXX compiler identification is GNU 12.4.0
-- Detecting C compiler ABI info
-- Detecting C compiler ABI info - done
-- Check for working C compiler: /usr/bin/gcc-12 - skipped
-- Detecting C compile features
-- Detecting C compile features - done
-- Detecting CXX compiler ABI info
-- Detecting CXX compiler ABI info - done
-- Check for working CXX compiler: /usr/bin/g++-12 - skipped
-- Detecting CXX compile features
-- Detecting CXX compile features - done
-- Building for ROS 2 Jazzy
-- Found ament_cmake: 2.5.2 (/usr/local/MATLAB/R2025b/sys/ros2/glnxa64/ros2/share/ament_cmake/cmake)
-- Found Python3: /home/ema/.matlab/R2025b/ros2/glnxa64/venv/bin/python3 (found version "3.10.20") found components: Interpreter 
-- Found ament_cmake_ros: 0.12.0 (/usr/local/MATLAB/R2025b/sys/ros2/glnxa64/ros2/share/ament_cmake_ros/cmake)
-- Found rosidl_typesupport_c: 3.2.2 (/usr/local/MATLAB/R2025b/sys/ros2/glnxa64/ros2/share/rosidl_typesupport_c/cmake)
-- Using all available rosidl_typesupport_c: rosidl_typesupport_fastrtps_c;rosidl_typesupport_introspection_c
-- Found rosidl_typesupport_cpp: 3.2.2 (/usr/local/MATLAB/R2025b/sys/ros2/glnxa64/ros2/share/rosidl_typesupport_cpp/cmake)
-- Using all available rosidl_typesupport_cpp: rosidl_typesupport_fastrtps_cpp;rosidl_typesupport_introspection_cpp
-- Found rosidl_default_generators: 1.6.0 (/usr/local/MATLAB/R2025b/sys/ros2/glnxa64/ros2/share/rosidl_default_generators/cmake)
-- Found rosidl_adapter: 4.8.1 (/usr/local/MATLAB/R2025b/sys/ros2/glnxa64/ros2/share/rosidl_adapter/cmake)
-- Found class_loader: 2.7.0 (/usr/local/MATLAB/R2025b/sys/ros2/glnxa64/ros2/share/class_loader/cmake)
-- Found rclcpp: 28.1.3 (/usr/local/MATLAB/R2025b/sys/ros2/glnxa64/ros2/share/rclcpp/cmake)
-- Found rmw_implementation_cmake: 7.3.1 (/usr/local/MATLAB/R2025b/sys/ros2/glnxa64/ros2/share/rmw_implementation_cmake/cmake)
-- Found rmw_fastrtps_cpp: 9.0.0 (/usr/local/MATLAB/R2025b/sys/ros2/glnxa64/ros2/share/rmw_fastrtps_cpp/cmake)
-- Found FastRTPS: /usr/local/MATLAB/R2025b/sys/ros2/glnxa64/ros2/include (Required is at least version "2.13") 
-- Using RMW implementation 'rmw_fastrtps_cpp' as default
-- Using all available rosidl_typesupport_c: rosidl_typesupport_fastrtps_c;rosidl_typesupport_introspection_c
-- Using all available rosidl_typesupport_cpp: rosidl_typesupport_fastrtps_cpp;rosidl_typesupport_introspection_cpp
-- Configuring done
-- Generating done
-- Build files have been written to: /home/ema/Desktop/work/rover/src/matlab_msg_gen/glnxa64/build/interfaces
[1/27] Generating type hashes for ROS interfaces
[2/27] Generating C code for ROS interfaces
[3/27] Generating C++ code for ROS interfaces
[4/27] Building C object CMakeFiles/interfaces__rosidl_generator_c.dir/rosidl_generator_c/interfaces/msg/detail/float32_array8__description.c.o
[5/27] Building C object CMakeFiles/interfaces__rosidl_generator_c.dir/rosidl_generator_c/interfaces/msg/detail/float32_array8__type_support.c.o
[6/27] Building C object CMakeFiles/interfaces__rosidl_generator_c.dir/rosidl_generator_c/interfaces/msg/detail/float32_array8__functions.c.o
[7/27] Linking C shared library libinterfaces__rosidl_generator_c.so
[8/27] Generating C introspection for ROS interfaces
[9/27] Generating C++ type support for eProsima Fast-RTPS
[10/27] Generating C type support for eProsima Fast-RTPS
[11/27] Building C object CMakeFiles/interfaces__rosidl_typesupport_introspection_c.dir/rosidl_typesupport_introspection_c/interfaces/msg/detail/float32_array8__type_support.c.o
[12/27] Generating C++ introspection for ROS interfaces
[13/27] Generating C type support dispatch for ROS interfaces
[14/27] Linking C shared library libinterfaces__rosidl_typesupport_introspection_c.so
[15/27] Building CXX object CMakeFiles/interfaces__rosidl_typesupport_c.dir/rosidl_typesupport_c/interfaces/msg/float32_array8__type_support.cpp.o
[16/27] Generating C++ type support dispatch for ROS interfaces
[17/27] Linking CXX shared library libinterfaces__rosidl_typesupport_c.so
[18/27] Building CXX object CMakeFiles/interfaces__rosidl_typesupport_introspection_cpp.dir/rosidl_typesupport_introspection_cpp/interfaces/msg/detail/float32_array8__type_support.cpp.o
[19/27] Building CXX object CMakeFiles/interfaces__rosidl_typesupport_cpp.dir/rosidl_typesupport_cpp/interfaces/msg/float32_array8__type_support.cpp.o
[20/27] Linking CXX shared library libinterfaces__rosidl_typesupport_introspection_cpp.so
[21/27] Building CXX object CMakeFiles/interfaces__rosidl_typesupport_fastrtps_c.dir/rosidl_typesupport_fastrtps_c/interfaces/msg/detail/float32_array8__type_support_c.cpp.o
[22/27] Linking CXX shared library libinterfaces__rosidl_typesupport_cpp.so
[23/27] Linking CXX shared library libinterfaces__rosidl_typesupport_fastrtps_c.so
[24/27] Building CXX object CMakeFiles/interfaces__rosidl_typesupport_fastrtps_cpp.dir/rosidl_typesupport_fastrtps_cpp/interfaces/msg/detail/dds_fastrtps/float32_array8__type_support.cpp.o
[25/27] Linking CXX shared library libinterfaces__rosidl_typesupport_fastrtps_cpp.so
[26/27] Building CXX object CMakeFiles/interfaces_matlab.dir/src/interfaces_Float32Array8_message.cpp.o
[27/27] Linking CXX shared library libinterfaces_matlab.so
-- Install configuration: "Release"
-- Installing: /home/ema/Desktop/work/rover/src/matlab_msg_gen/glnxa64/install/share/ament_index/resource_index/rosidl_interfaces/interfaces
-- Installing: /home/ema/Desktop/work/rover/src/matlab_msg_gen/glnxa64/install/share/interfaces/msg/Float32Array8.json
-- Installing: /home/ema/Desktop/work/rover/src/matlab_msg_gen/glnxa64/install/include/interfaces/interfaces
-- Installing: /home/ema/Desktop/work/rover/src/matlab_msg_gen/glnxa64/install/include/interfaces/interfaces/msg
-- Installing: /home/ema/Desktop/work/rover/src/matlab_msg_gen/glnxa64/install/include/interfaces/interfaces/msg/detail
-- Installing: /home/ema/Desktop/work/rover/src/matlab_msg_gen/glnxa64/install/include/interfaces/interfaces/msg/detail/float32_array8__functions.h
-- Installing: /home/ema/Desktop/work/rover/src/matlab_msg_gen/glnxa64/install/include/interfaces/interfaces/msg/detail/float32_array8__struct.h
-- Installing: /home/ema/Desktop/work/rover/src/matlab_msg_gen/glnxa64/install/include/interfaces/interfaces/msg/detail/float32_array8__functions.c
-- Installing: /home/ema/Desktop/work/rover/src/matlab_msg_gen/glnxa64/install/include/interfaces/interfaces/msg/detail/float32_array8__type_support.c
-- Installing: /home/ema/Desktop/work/rover/src/matlab_msg_gen/glnxa64/install/include/interfaces/interfaces/msg/detail/float32_array8__description.c
-- Installing: /home/ema/Desktop/work/rover/src/matlab_msg_gen/glnxa64/install/include/interfaces/interfaces/msg/detail/float32_array8__type_support.h
-- Installing: /home/ema/Desktop/work/rover/src/matlab_msg_gen/glnxa64/install/include/interfaces/interfaces/msg/float32_array8.h
-- Installing: /home/ema/Desktop/work/rover/src/matlab_msg_gen/glnxa64/install/include/interfaces/interfaces/msg/rosidl_generator_c__visibility_control.h
-- Installing: /home/ema/Desktop/work/rover/src/matlab_msg_gen/glnxa64/install/share/interfaces/environment/library_path.sh
-- Installing: /home/ema/Desktop/work/rover/src/matlab_msg_gen/glnxa64/install/share/interfaces/environment/library_path.dsv
-- Installing: /home/ema/Desktop/work/rover/src/matlab_msg_gen/glnxa64/install/lib/libinterfaces__rosidl_generator_c.so
-- Up-to-date: /home/ema/Desktop/work/rover/src/matlab_msg_gen/glnxa64/install/include/interfaces/interfaces
-- Up-to-date: /home/ema/Desktop/work/rover/src/matlab_msg_gen/glnxa64/install/include/interfaces/interfaces/msg
-- Up-to-date: /home/ema/Desktop/work/rover/src/matlab_msg_gen/glnxa64/install/include/interfaces/interfaces/msg/detail
-- Installing: /home/ema/Desktop/work/rover/src/matlab_msg_gen/glnxa64/install/include/interfaces/interfaces/msg/detail/float32_array8__rosidl_typesupport_fastrtps_c.h
-- Installing: /home/ema/Desktop/work/rover/src/matlab_msg_gen/glnxa64/install/include/interfaces/interfaces/msg/rosidl_typesupport_fastrtps_c__visibility_control.h
-- Installing: /home/ema/Desktop/work/rover/src/matlab_msg_gen/glnxa64/install/lib/libinterfaces__rosidl_typesupport_fastrtps_c.so
-- Up-to-date: /home/ema/Desktop/work/rover/src/matlab_msg_gen/glnxa64/install/include/interfaces/interfaces
-- Up-to-date: /home/ema/Desktop/work/rover/src/matlab_msg_gen/glnxa64/install/include/interfaces/interfaces/msg
-- Up-to-date: /home/ema/Desktop/work/rover/src/matlab_msg_gen/glnxa64/install/include/interfaces/interfaces/msg/detail
-- Up-to-date: /home/ema/Desktop/work/rover/src/matlab_msg_gen/glnxa64/install/include/interfaces/interfaces/msg/detail/float32_array8__type_support.c
-- Installing: /home/ema/Desktop/work/rover/src/matlab_msg_gen/glnxa64/install/include/interfaces/interfaces/msg/detail/float32_array8__rosidl_typesupport_introspection_c.h
-- Installing: /home/ema/Desktop/work/rover/src/matlab_msg_gen/glnxa64/install/include/interfaces/interfaces/msg/rosidl_typesupport_introspection_c__visibility_control.h
-- Installing: /home/ema/Desktop/work/rover/src/matlab_msg_gen/glnxa64/install/lib/libinterfaces__rosidl_typesupport_introspection_c.so
-- Installing: /home/ema/Desktop/work/rover/src/matlab_msg_gen/glnxa64/install/lib/libinterfaces__rosidl_typesupport_c.so
-- Up-to-date: /home/ema/Desktop/work/rover/src/matlab_msg_gen/glnxa64/install/include/interfaces/interfaces
-- Up-to-date: /home/ema/Desktop/work/rover/src/matlab_msg_gen/glnxa64/install/include/interfaces/interfaces/msg
-- Up-to-date: /home/ema/Desktop/work/rover/src/matlab_msg_gen/glnxa64/install/include/interfaces/interfaces/msg/detail
-- Installing: /home/ema/Desktop/work/rover/src/matlab_msg_gen/glnxa64/install/include/interfaces/interfaces/msg/detail/float32_array8__type_support.hpp
-- Installing: /home/ema/Desktop/work/rover/src/matlab_msg_gen/glnxa64/install/include/interfaces/interfaces/msg/detail/float32_array8__struct.hpp
-- Installing: /home/ema/Desktop/work/rover/src/matlab_msg_gen/glnxa64/install/include/interfaces/interfaces/msg/detail/float32_array8__builder.hpp
-- Installing: /home/ema/Desktop/work/rover/src/matlab_msg_gen/glnxa64/install/include/interfaces/interfaces/msg/detail/float32_array8__traits.hpp
-- Installing: /home/ema/Desktop/work/rover/src/matlab_msg_gen/glnxa64/install/include/interfaces/interfaces/msg/float32_array8.hpp
-- Installing: /home/ema/Desktop/work/rover/src/matlab_msg_gen/glnxa64/install/include/interfaces/interfaces/msg/rosidl_generator_cpp__visibility_control.hpp
-- Up-to-date: /home/ema/Desktop/work/rover/src/matlab_msg_gen/glnxa64/install/include/interfaces/interfaces
-- Up-to-date: /home/ema/Desktop/work/rover/src/matlab_msg_gen/glnxa64/install/include/interfaces/interfaces/msg
-- Up-to-date: /home/ema/Desktop/work/rover/src/matlab_msg_gen/glnxa64/install/include/interfaces/interfaces/msg/detail
-- Installing: /home/ema/Desktop/work/rover/src/matlab_msg_gen/glnxa64/install/include/interfaces/interfaces/msg/detail/dds_fastrtps
-- Installing: /home/ema/Desktop/work/rover/src/matlab_msg_gen/glnxa64/install/include/interfaces/interfaces/msg/detail/float32_array8__rosidl_typesupport_fastrtps_cpp.hpp
-- Installing: /home/ema/Desktop/work/rover/src/matlab_msg_gen/glnxa64/install/include/interfaces/interfaces/msg/rosidl_typesupport_fastrtps_cpp__visibility_control.h
-- Installing: /home/ema/Desktop/work/rover/src/matlab_msg_gen/glnxa64/install/lib/libinterfaces__rosidl_typesupport_fastrtps_cpp.so
-- Up-to-date: /home/ema/Desktop/work/rover/src/matlab_msg_gen/glnxa64/install/include/interfaces/interfaces
-- Up-to-date: /home/ema/Desktop/work/rover/src/matlab_msg_gen/glnxa64/install/include/interfaces/interfaces/msg
-- Up-to-date: /home/ema/Desktop/work/rover/src/matlab_msg_gen/glnxa64/install/include/interfaces/interfaces/msg/detail
-- Installing: /home/ema/Desktop/work/rover/src/matlab_msg_gen/glnxa64/install/include/interfaces/interfaces/msg/detail/float32_array8__rosidl_typesupport_introspection_cpp.hpp
-- Installing: /home/ema/Desktop/work/rover/src/matlab_msg_gen/glnxa64/install/include/interfaces/interfaces/msg/detail/float32_array8__type_support.cpp
-- Installing: /home/ema/Desktop/work/rover/src/matlab_msg_gen/glnxa64/install/lib/libinterfaces__rosidl_typesupport_introspection_cpp.so
-- Installing: /home/ema/Desktop/work/rover/src/matlab_msg_gen/glnxa64/install/lib/libinterfaces__rosidl_typesupport_cpp.so
-- Installing: /home/ema/Desktop/work/rover/src/matlab_msg_gen/glnxa64/install/share/interfaces/msg/Float32Array8.idl
-- Installing: /home/ema/Desktop/work/rover/src/matlab_msg_gen/glnxa64/install/share/interfaces/msg/Float32Array8.msg
-- Up-to-date: /home/ema/Desktop/work/rover/src/matlab_msg_gen/glnxa64/install/include
-- Up-to-date: /home/ema/Desktop/work/rover/src/matlab_msg_gen/glnxa64/install/include/interfaces
-- Installing: /home/ema/Desktop/work/rover/src/matlab_msg_gen/glnxa64/install/include/interfaces/visibility_control.h
-- Installing: /home/ema/Desktop/work/rover/src/matlab_msg_gen/glnxa64/install/lib/libinterfaces_matlab.so
-- Installing: /home/ema/Desktop/work/rover/src/matlab_msg_gen/glnxa64/install/m/
-- Installing: /home/ema/Desktop/work/rover/src/matlab_msg_gen/glnxa64/install/m//+ros
-- Installing: /home/ema/Desktop/work/rover/src/matlab_msg_gen/glnxa64/install/m//+ros/+internal
-- Installing: /home/ema/Desktop/work/rover/src/matlab_msg_gen/glnxa64/install/m//+ros/+internal/+ros2
-- Installing: /home/ema/Desktop/work/rover/src/matlab_msg_gen/glnxa64/install/m//+ros/+internal/+ros2/+custommessages
-- Installing: /home/ema/Desktop/work/rover/src/matlab_msg_gen/glnxa64/install/m//+ros/+internal/+ros2/+custommessages/+interfaces
-- Installing: /home/ema/Desktop/work/rover/src/matlab_msg_gen/glnxa64/install/m//+ros/+internal/+ros2/+custommessages/+interfaces/float32Array8.m
-- Installing: /home/ema/Desktop/work/rover/src/matlab_msg_gen/glnxa64/install/share/ament_index/resource_index/package_run_dependencies/interfaces
-- Installing: /home/ema/Desktop/work/rover/src/matlab_msg_gen/glnxa64/install/share/ament_index/resource_index/parent_prefix_path/interfaces
-- Installing: /home/ema/Desktop/work/rover/src/matlab_msg_gen/glnxa64/install/share/interfaces/environment/ament_prefix_path.sh
-- Installing: /home/ema/Desktop/work/rover/src/matlab_msg_gen/glnxa64/install/share/interfaces/environment/ament_prefix_path.dsv
-- Installing: /home/ema/Desktop/work/rover/src/matlab_msg_gen/glnxa64/install/share/interfaces/environment/path.sh
-- Installing: /home/ema/Desktop/work/rover/src/matlab_msg_gen/glnxa64/install/share/interfaces/environment/path.dsv
-- Installing: /home/ema/Desktop/work/rover/src/matlab_msg_gen/glnxa64/install/share/interfaces/local_setup.bash
-- Installing: /home/ema/Desktop/work/rover/src/matlab_msg_gen/glnxa64/install/share/interfaces/local_setup.sh
-- Installing: /home/ema/Desktop/work/rover/src/matlab_msg_gen/glnxa64/install/share/interfaces/local_setup.zsh
-- Installing: /home/ema/Desktop/work/rover/src/matlab_msg_gen/glnxa64/install/share/interfaces/local_setup.dsv
-- Installing: /home/ema/Desktop/work/rover/src/matlab_msg_gen/glnxa64/install/share/interfaces/package.dsv
-- Installing: /home/ema/Desktop/work/rover/src/matlab_msg_gen/glnxa64/install/share/ament_index/resource_index/packages/interfaces
-- Installing: /home/ema/Desktop/work/rover/src/matlab_msg_gen/glnxa64/install/share/interfaces/cmake/export_interfaces__rosidl_generator_cExport.cmake
-- Installing: /home/ema/Desktop/work/rover/src/matlab_msg_gen/glnxa64/install/share/interfaces/cmake/export_interfaces__rosidl_generator_cExport-release.cmake
-- Installing: /home/ema/Desktop/work/rover/src/matlab_msg_gen/glnxa64/install/share/interfaces/cmake/export_interfaces__rosidl_typesupport_fastrtps_cExport.cmake
-- Installing: /home/ema/Desktop/work/rover/src/matlab_msg_gen/glnxa64/install/share/interfaces/cmake/export_interfaces__rosidl_typesupport_fastrtps_cExport-release.cmake
-- Installing: /home/ema/Desktop/work/rover/src/matlab_msg_gen/glnxa64/install/share/interfaces/cmake/interfaces__rosidl_typesupport_introspection_cExport.cmake
-- Installing: /home/ema/Desktop/work/rover/src/matlab_msg_gen/glnxa64/install/share/interfaces/cmake/interfaces__rosidl_typesupport_introspection_cExport-release.cmake
-- Installing: /home/ema/Desktop/work/rover/src/matlab_msg_gen/glnxa64/install/share/interfaces/cmake/interfaces__rosidl_typesupport_cExport.cmake
-- Installing: /home/ema/Desktop/work/rover/src/matlab_msg_gen/glnxa64/install/share/interfaces/cmake/interfaces__rosidl_typesupport_cExport-release.cmake
-- Installing: /home/ema/Desktop/work/rover/src/matlab_msg_gen/glnxa64/install/share/interfaces/cmake/export_interfaces__rosidl_generator_cppExport.cmake
-- Installing: /home/ema/Desktop/work/rover/src/matlab_msg_gen/glnxa64/install/share/interfaces/cmake/export_interfaces__rosidl_typesupport_fastrtps_cppExport.cmake
-- Installing: /home/ema/Desktop/work/rover/src/matlab_msg_gen/glnxa64/install/share/interfaces/cmake/export_interfaces__rosidl_typesupport_fastrtps_cppExport-release.cmake
-- Installing: /home/ema/Desktop/work/rover/src/matlab_msg_gen/glnxa64/install/share/interfaces/cmake/interfaces__rosidl_typesupport_introspection_cppExport.cmake
-- Installing: /home/ema/Desktop/work/rover/src/matlab_msg_gen/glnxa64/install/share/interfaces/cmake/interfaces__rosidl_typesupport_introspection_cppExport-release.cmake
-- Installing: /home/ema/Desktop/work/rover/src/matlab_msg_gen/glnxa64/install/share/interfaces/cmake/interfaces__rosidl_typesupport_cppExport.cmake
-- Installing: /home/ema/Desktop/work/rover/src/matlab_msg_gen/glnxa64/install/share/interfaces/cmake/interfaces__rosidl_typesupport_cppExport-release.cmake
-- Installing: /home/ema/Desktop/work/rover/src/matlab_msg_gen/glnxa64/install/share/interfaces/cmake/rosidl_cmake-extras.cmake
-- Installing: /home/ema/Desktop/work/rover/src/matlab_msg_gen/glnxa64/install/share/interfaces/cmake/ament_cmake_export_include_directories-extras.cmake
-- Installing: /home/ema/Desktop/work/rover/src/matlab_msg_gen/glnxa64/install/share/interfaces/cmake/ament_cmake_export_libraries-extras.cmake
-- Installing: /home/ema/Desktop/work/rover/src/matlab_msg_gen/glnxa64/install/share/interfaces/cmake/ament_cmake_export_targets-extras.cmake
-- Installing: /home/ema/Desktop/work/rover/src/matlab_msg_gen/glnxa64/install/share/interfaces/cmake/rosidl_cmake_export_typesupport_targets-extras.cmake
-- Installing: /home/ema/Desktop/work/rover/src/matlab_msg_gen/glnxa64/install/share/interfaces/cmake/ament_cmake_export_dependencies-extras.cmake
-- Installing: /home/ema/Desktop/work/rover/src/matlab_msg_gen/glnxa64/install/share/interfaces/cmake/rosidl_cmake_export_typesupport_libraries-extras.cmake
-- Installing: /home/ema/Desktop/work/rover/src/matlab_msg_gen/glnxa64/install/share/interfaces/cmake/interfacesConfig.cmake
-- Installing: /home/ema/Desktop/work/rover/src/matlab_msg_gen/glnxa64/install/share/interfaces/cmake/interfacesConfig-version.cmake
-- Installing: /home/ema/Desktop/work/rover/src/matlab_msg_gen/glnxa64/install/share/interfaces/package.xml
