[0.008s] Invoking command in '/home/ema/Desktop/work/ettorone_mujoco_cpp/build/ettorone_mujoco_cpp': CMAKE_PREFIX_PATH=${CMAKE_PREFIX_PATH}:/opt/ros/jazzy DEBUGINFOD_URLS=https://debuginfod.ubuntu.com /usr/bin/cmake --build /home/ema/Desktop/work/ettorone_mujoco_cpp/build/ettorone_mujoco_cpp -- -j16 -l16
[0.059s] [ 33%] [32mBuilding CXX object CMakeFiles/mj_ros2_ettorone.dir/src/mj_ettorone_node.cpp.o[0m
[4.362s] [ 66%] [32m[1mLinking CXX executable mj_ros2_ettorone[0m
[4.538s] [100%] Built target mj_ros2_ettorone
[4.547s] Invoked command in '/home/ema/Desktop/work/ettorone_mujoco_cpp/build/ettorone_mujoco_cpp' returned '0': CMAKE_PREFIX_PATH=${CMAKE_PREFIX_PATH}:/opt/ros/jazzy DEBUGINFOD_URLS=https://debuginfod.ubuntu.com /usr/bin/cmake --build /home/ema/Desktop/work/ettorone_mujoco_cpp/build/ettorone_mujoco_cpp -- -j16 -l16
[4.555s] Invoking command in '/home/ema/Desktop/work/ettorone_mujoco_cpp/build/ettorone_mujoco_cpp': CMAKE_PREFIX_PATH=${CMAKE_PREFIX_PATH}:/opt/ros/jazzy DEBUGINFOD_URLS=https://debuginfod.ubuntu.com /usr/bin/cmake --install /home/ema/Desktop/work/ettorone_mujoco_cpp/build/ettorone_mujoco_cpp
[4.560s] -- Install configuration: ""
[4.560s] -- Installing: /home/ema/Desktop/work/ettorone_mujoco_cpp/install/ettorone_mujoco_cpp/lib/ettorone_mujoco_cpp/mj_ros2_ettorone
[4.565s] -- Set non-toolchain portion of runtime path of "/home/ema/Desktop/work/ettorone_mujoco_cpp/install/ettorone_mujoco_cpp/lib/ettorone_mujoco_cpp/mj_ros2_ettorone" to "/home/ema/mujoco-3.6.0/lib"
[4.565s] -- Up-to-date: /home/ema/Desktop/work/ettorone_mujoco_cpp/install/ettorone_mujoco_cpp/include
[4.565s] -- Up-to-date: /home/ema/Desktop/work/ettorone_mujoco_cpp/install/ettorone_mujoco_cpp/include/ettorone_mujoco_cpp
[4.565s] -- Up-to-date: /home/ema/Desktop/work/ettorone_mujoco_cpp/install/ettorone_mujoco_cpp/include/ettorone_mujoco_cpp/mj_ettorone_node.hpp
[4.565s] -- Up-to-date: /home/ema/Desktop/work/ettorone_mujoco_cpp/install/ettorone_mujoco_cpp/share/ament_index/resource_index/package_run_dependencies/ettorone_mujoco_cpp
[4.565s] -- Up-to-date: /home/ema/Desktop/work/ettorone_mujoco_cpp/install/ettorone_mujoco_cpp/share/ament_index/resource_index/parent_prefix_path/ettorone_mujoco_cpp
[4.566s] -- Up-to-date: /home/ema/Desktop/work/ettorone_mujoco_cpp/install/ettorone_mujoco_cpp/share/ettorone_mujoco_cpp/environment/ament_prefix_path.sh
[4.566s] -- Up-to-date: /home/ema/Desktop/work/ettorone_mujoco_cpp/install/ettorone_mujoco_cpp/share/ettorone_mujoco_cpp/environment/ament_prefix_path.dsv
[4.567s] -- Up-to-date: /home/ema/Desktop/work/ettorone_mujoco_cpp/install/ettorone_mujoco_cpp/share/ettorone_mujoco_cpp/environment/path.sh
[4.567s] -- Up-to-date: /home/ema/Desktop/work/ettorone_mujoco_cpp/install/ettorone_mujoco_cpp/share/ettorone_mujoco_cpp/environment/path.dsv
[4.567s] -- Up-to-date: /home/ema/Desktop/work/ettorone_mujoco_cpp/install/ettorone_mujoco_cpp/share/ettorone_mujoco_cpp/local_setup.bash
[4.567s] -- Up-to-date: /home/ema/Desktop/work/ettorone_mujoco_cpp/install/ettorone_mujoco_cpp/share/ettorone_mujoco_cpp/local_setup.sh
[4.567s] -- Up-to-date: /home/ema/Desktop/work/ettorone_mujoco_cpp/install/ettorone_mujoco_cpp/share/ettorone_mujoco_cpp/local_setup.zsh
[4.567s] -- Up-to-date: /home/ema/Desktop/work/ettorone_mujoco_cpp/install/ettorone_mujoco_cpp/share/ettorone_mujoco_cpp/local_setup.dsv
[4.567s] -- Installing: /home/ema/Desktop/work/ettorone_mujoco_cpp/install/ettorone_mujoco_cpp/share/ettorone_mujoco_cpp/package.dsv
[4.567s] -- Up-to-date: /home/ema/Desktop/work/ettorone_mujoco_cpp/install/ettorone_mujoco_cpp/share/ament_index/resource_index/packages/ettorone_mujoco_cpp
[4.567s] -- Up-to-date: /home/ema/Desktop/work/ettorone_mujoco_cpp/install/ettorone_mujoco_cpp/share/ettorone_mujoco_cpp/cmake/ettorone_mujoco_cppConfig.cmake
[4.568s] -- Up-to-date: /home/ema/Desktop/work/ettorone_mujoco_cpp/install/ettorone_mujoco_cpp/share/ettorone_mujoco_cpp/cmake/ettorone_mujoco_cppConfig-version.cmake
[4.568s] -- Up-to-date: /home/ema/Desktop/work/ettorone_mujoco_cpp/install/ettorone_mujoco_cpp/share/ettorone_mujoco_cpp/package.xml
[4.568s] Invoked command in '/home/ema/Desktop/work/ettorone_mujoco_cpp/build/ettorone_mujoco_cpp' returned '0': CMAKE_PREFIX_PATH=${CMAKE_PREFIX_PATH}:/opt/ros/jazzy DEBUGINFOD_URLS=https://debuginfod.ubuntu.com /usr/bin/cmake --install /home/ema/Desktop/work/ettorone_mujoco_cpp/build/ettorone_mujoco_cpp
