[0.006s] Invoking command in '/home/ema/Desktop/work/ettorone_mujoco_cpp/build/ettorone_mujoco_cpp': CMAKE_PREFIX_PATH=${CMAKE_PREFIX_PATH}:/opt/ros/jazzy DEBUGINFOD_URLS=https://debuginfod.ubuntu.com /usr/bin/cmake --build /home/ema/Desktop/work/ettorone_mujoco_cpp/build/ettorone_mujoco_cpp -- -j16 -l16
[0.056s] [ 33%] [32mBuilding CXX object CMakeFiles/mj_ros2_ettorone.dir/src/main.cpp.o[0m
[0.058s] [ 66%] [32mBuilding CXX object CMakeFiles/mj_ros2_ettorone.dir/src/mj_ettorone_node.cpp.o[0m
[5.032s] [100%] [32m[1mLinking CXX executable mj_ros2_ettorone[0m
[5.203s] [100%] Built target mj_ros2_ettorone
[5.210s] Invoked command in '/home/ema/Desktop/work/ettorone_mujoco_cpp/build/ettorone_mujoco_cpp' returned '0': CMAKE_PREFIX_PATH=${CMAKE_PREFIX_PATH}:/opt/ros/jazzy DEBUGINFOD_URLS=https://debuginfod.ubuntu.com /usr/bin/cmake --build /home/ema/Desktop/work/ettorone_mujoco_cpp/build/ettorone_mujoco_cpp -- -j16 -l16
[5.217s] Invoking command in '/home/ema/Desktop/work/ettorone_mujoco_cpp/build/ettorone_mujoco_cpp': CMAKE_PREFIX_PATH=${CMAKE_PREFIX_PATH}:/opt/ros/jazzy DEBUGINFOD_URLS=https://debuginfod.ubuntu.com /usr/bin/cmake --install /home/ema/Desktop/work/ettorone_mujoco_cpp/build/ettorone_mujoco_cpp
[5.222s] -- Install configuration: ""
[5.222s] -- Installing: /home/ema/Desktop/work/ettorone_mujoco_cpp/install/ettorone_mujoco_cpp/lib/ettorone_mujoco_cpp/mj_ros2_ettorone
[5.225s] -- Set non-toolchain portion of runtime path of "/home/ema/Desktop/work/ettorone_mujoco_cpp/install/ettorone_mujoco_cpp/lib/ettorone_mujoco_cpp/mj_ros2_ettorone" to "/home/ema/mujoco-3.6.0/lib"
[5.225s] -- Up-to-date: /home/ema/Desktop/work/ettorone_mujoco_cpp/install/ettorone_mujoco_cpp/include
[5.225s] -- Up-to-date: /home/ema/Desktop/work/ettorone_mujoco_cpp/install/ettorone_mujoco_cpp/include/ettorone_mujoco_cpp
[5.225s] -- Installing: /home/ema/Desktop/work/ettorone_mujoco_cpp/install/ettorone_mujoco_cpp/include/ettorone_mujoco_cpp/mj_ettorone_node.hpp
[5.225s] -- Up-to-date: /home/ema/Desktop/work/ettorone_mujoco_cpp/install/ettorone_mujoco_cpp/share/ament_index/resource_index/package_run_dependencies/ettorone_mujoco_cpp
[5.225s] -- Up-to-date: /home/ema/Desktop/work/ettorone_mujoco_cpp/install/ettorone_mujoco_cpp/share/ament_index/resource_index/parent_prefix_path/ettorone_mujoco_cpp
[5.225s] -- Up-to-date: /home/ema/Desktop/work/ettorone_mujoco_cpp/install/ettorone_mujoco_cpp/share/ettorone_mujoco_cpp/environment/ament_prefix_path.sh
[5.225s] -- Up-to-date: /home/ema/Desktop/work/ettorone_mujoco_cpp/install/ettorone_mujoco_cpp/share/ettorone_mujoco_cpp/environment/ament_prefix_path.dsv
[5.225s] -- Up-to-date: /home/ema/Desktop/work/ettorone_mujoco_cpp/install/ettorone_mujoco_cpp/share/ettorone_mujoco_cpp/environment/path.sh
[5.225s] -- Up-to-date: /home/ema/Desktop/work/ettorone_mujoco_cpp/install/ettorone_mujoco_cpp/share/ettorone_mujoco_cpp/environment/path.dsv
[5.225s] -- Up-to-date: /home/ema/Desktop/work/ettorone_mujoco_cpp/install/ettorone_mujoco_cpp/share/ettorone_mujoco_cpp/local_setup.bash
[5.225s] -- Up-to-date: /home/ema/Desktop/work/ettorone_mujoco_cpp/install/ettorone_mujoco_cpp/share/ettorone_mujoco_cpp/local_setup.sh
[5.226s] -- Up-to-date: /home/ema/Desktop/work/ettorone_mujoco_cpp/install/ettorone_mujoco_cpp/share/ettorone_mujoco_cpp/local_setup.zsh
[5.226s] -- Up-to-date: /home/ema/Desktop/work/ettorone_mujoco_cpp/install/ettorone_mujoco_cpp/share/ettorone_mujoco_cpp/local_setup.dsv
[5.226s] -- Installing: /home/ema/Desktop/work/ettorone_mujoco_cpp/install/ettorone_mujoco_cpp/share/ettorone_mujoco_cpp/package.dsv
[5.226s] -- Up-to-date: /home/ema/Desktop/work/ettorone_mujoco_cpp/install/ettorone_mujoco_cpp/share/ament_index/resource_index/packages/ettorone_mujoco_cpp
[5.226s] -- Up-to-date: /home/ema/Desktop/work/ettorone_mujoco_cpp/install/ettorone_mujoco_cpp/share/ettorone_mujoco_cpp/cmake/ettorone_mujoco_cppConfig.cmake
[5.226s] -- Up-to-date: /home/ema/Desktop/work/ettorone_mujoco_cpp/install/ettorone_mujoco_cpp/share/ettorone_mujoco_cpp/cmake/ettorone_mujoco_cppConfig-version.cmake
[5.227s] -- Up-to-date: /home/ema/Desktop/work/ettorone_mujoco_cpp/install/ettorone_mujoco_cpp/share/ettorone_mujoco_cpp/package.xml
[5.227s] Invoked command in '/home/ema/Desktop/work/ettorone_mujoco_cpp/build/ettorone_mujoco_cpp' returned '0': CMAKE_PREFIX_PATH=${CMAKE_PREFIX_PATH}:/opt/ros/jazzy DEBUGINFOD_URLS=https://debuginfod.ubuntu.com /usr/bin/cmake --install /home/ema/Desktop/work/ettorone_mujoco_cpp/build/ettorone_mujoco_cpp
