[0.008s] Invoking command in '/home/ema/Desktop/work/ettorone_mujoco_cpp/build/ettorone_mujoco_cpp': CMAKE_PREFIX_PATH=${CMAKE_PREFIX_PATH}:/opt/ros/jazzy DEBUGINFOD_URLS=https://debuginfod.ubuntu.com /usr/bin/cmake --build /home/ema/Desktop/work/ettorone_mujoco_cpp/build/ettorone_mujoco_cpp -- -j16 -l16
[0.057s] [ 66%] [32mBuilding CXX object CMakeFiles/mj_ros2_ettorone.dir/src/main.cpp.o[0m
[0.057s] [ 66%] [32mBuilding CXX object CMakeFiles/mj_ros2_ettorone.dir/src/mj_ettorone_node.cpp.o[0m
[1.285s] In file included from [01m[K/home/ema/Desktop/work/ettorone_mujoco_cpp/src/main.cpp:2[m[K:
[1.285s] [01m[K/home/ema/Desktop/work/ettorone_mujoco_cpp/include/ettorone_mujoco_cpp/mj_ettorone_node.hpp:27:13:[m[K [01;31m[Kerror: [m[K‘[01m[Ksubscription_[m[K’ in namespace ‘[01m[Krclcpp[m[K’ does not name a template type; did you mean ‘[01m[KSubscription[m[K’?
[1.285s]    27 |     rclcpp::[01;31m[Ksubscription_[m[K<std_msgs::msg::Float32MultiArray>::SharedPtr subscription_;
[1.285s]       |             [01;31m[K^~~~~~~~~~~~~[m[K
[1.285s]       |             [32m[KSubscription[m[K
[1.287s] In file included from [01m[K/home/ema/Desktop/work/ettorone_mujoco_cpp/src/mj_ettorone_node.cpp:1[m[K:
[1.287s] [01m[K/home/ema/Desktop/work/ettorone_mujoco_cpp/include/ettorone_mujoco_cpp/mj_ettorone_node.hpp:27:13:[m[K [01;31m[Kerror: [m[K‘[01m[Ksubscription_[m[K’ in namespace ‘[01m[Krclcpp[m[K’ does not name a template type; did you mean ‘[01m[KSubscription[m[K’?
[1.287s]    27 |     rclcpp::[01;31m[Ksubscription_[m[K<std_msgs::msg::Float32MultiArray>::SharedPtr subscription_;
[1.287s]       |             [01;31m[K^~~~~~~~~~~~~[m[K
[1.287s]       |             [32m[KSubscription[m[K
[1.299s] [01m[K/home/ema/Desktop/work/ettorone_mujoco_cpp/src/mj_ettorone_node.cpp:[m[K In constructor ‘[01m[KMjEttorone::[01;32m[KMjEttorone[m[K()[m[K’:
[1.299s] [01m[K/home/ema/Desktop/work/ettorone_mujoco_cpp/src/mj_ettorone_node.cpp:61:5:[m[K [01;31m[Kerror: [m[K‘[01m[Kpub_msg_[m[K’ was not declared in this scope
[1.299s]    61 |     [01;31m[Kpub_msg_[m[K.data.assign(8, 0.0f);
[1.299s]       |     [01;31m[K^~~~~~~~[m[K
[1.306s] [01m[K/home/ema/Desktop/work/ettorone_mujoco_cpp/src/mj_ettorone_node.cpp:62:5:[m[K [01;31m[Kerror: [m[K‘[01m[Ksub_msg_[m[K’ was not declared in this scope
[1.306s]    62 |     [01;31m[Ksub_msg_[m[K.data.assign(8, 0.0f);
[1.306s]       |     [01;31m[K^~~~~~~~[m[K
[1.317s] [01m[K/home/ema/Desktop/work/ettorone_mujoco_cpp/src/mj_ettorone_node.cpp:66:5:[m[K [01;31m[Kerror: [m[K‘[01m[Ksubscription_[m[K’ was not declared in this scope; did you mean ‘[01m[Krmw_subscription_t[m[K’?
[1.317s]    66 |     [01;31m[Ksubscription_[m[K = this->create_subscription<std_msgs::msg::Float32MultiArray>(
[1.317s]       |     [01;31m[K^~~~~~~~~~~~~[m[K
[1.317s]       |     [32m[Krmw_subscription_t[m[K
[1.334s] [01m[K/home/ema/Desktop/work/ettorone_mujoco_cpp/src/mj_ettorone_node.cpp:[m[K At global scope:
[1.334s] [01m[K/home/ema/Desktop/work/ettorone_mujoco_cpp/src/mj_ettorone_node.cpp:123:6:[m[K [01;31m[Kerror: [m[Kno declaration matches ‘[01m[Kvoid MjEttorone::[01;32m[Klistener_callback[m[K(std_msgs::msg::Float32MultiArray_<std::allocator<void> >::SharedPtr)[m[K’
[1.334s]   123 | void [01;31m[KMjEttorone[m[K::listener_callback(const std_msgs::msg::Float32MultiArray::SharedPtr msg) {
[1.334s]       |      [01;31m[K^~~~~~~~~~[m[K
[1.334s] [01m[K/home/ema/Desktop/work/ettorone_mujoco_cpp/include/ettorone_mujoco_cpp/mj_ettorone_node.hpp:52:10:[m[K [01;36m[Knote: [m[Kcandidate is: ‘[01m[Kvoid MjEttorone::[01;32m[Klistener_callback[m[K(std_msgs::msg::Float32MultiArray)[m[K’
[1.334s]    52 |     void [01;36m[Klistener_callback[m[K(const std_msgs::msg::Float32MultiArray msg);
[1.334s]       |          [01;36m[K^~~~~~~~~~~~~~~~~[m[K
[1.334s] [01m[K/home/ema/Desktop/work/ettorone_mujoco_cpp/include/ettorone_mujoco_cpp/mj_ettorone_node.hpp:15:7:[m[K [01;36m[Knote: [m[K‘[01m[Kclass MjEttorone[m[K’ defined here
[1.334s]    15 | class [01;36m[KMjEttorone[m[K : public rclcpp::Node
[1.334s]       |       [01;36m[K^~~~~~~~~~[m[K
[1.343s] [01m[K/home/ema/Desktop/work/ettorone_mujoco_cpp/src/mj_ettorone_node.cpp:[m[K In member function ‘[01m[Kvoid MjEttorone::[01;32m[Kphysics_loop[m[K()[m[K’:
[1.343s] [01m[K/home/ema/Desktop/work/ettorone_mujoco_cpp/src/mj_ettorone_node.cpp:150:13:[m[K [01;31m[Kerror: [m[K‘[01m[Kpub_msg_[m[K’ was not declared in this scope
[1.343s]   150 |             [01;31m[Kpub_msg_[m[K.data[i] = data_->sensordata[i]; // Esempio
[1.343s]       |             [01;31m[K^~~~~~~~[m[K
[1.351s] [01m[K/home/ema/Desktop/work/ettorone_mujoco_cpp/src/mj_ettorone_node.cpp:154:29:[m[K [01;31m[Kerror: [m[K‘[01m[Kpub_msg_[m[K’ was not declared in this scope
[1.351s]   154 |         publisher_->publish([01;31m[Kpub_msg_[m[K);
[1.351s]       |                             [01;31m[K^~~~~~~~[m[K
[1.644s] gmake[2]: *** [CMakeFiles/mj_ros2_ettorone.dir/build.make:76: CMakeFiles/mj_ros2_ettorone.dir/src/main.cpp.o] Error 1
[1.644s] gmake[2]: *** Waiting for unfinished jobs....
[2.510s] gmake[2]: *** [CMakeFiles/mj_ros2_ettorone.dir/build.make:90: CMakeFiles/mj_ros2_ettorone.dir/src/mj_ettorone_node.cpp.o] Error 1
[2.510s] gmake[1]: *** [CMakeFiles/Makefile2:137: CMakeFiles/mj_ros2_ettorone.dir/all] Error 2
[2.510s] gmake: *** [Makefile:146: all] Error 2
[2.511s] Invoked command in '/home/ema/Desktop/work/ettorone_mujoco_cpp/build/ettorone_mujoco_cpp' returned '2': CMAKE_PREFIX_PATH=${CMAKE_PREFIX_PATH}:/opt/ros/jazzy DEBUGINFOD_URLS=https://debuginfod.ubuntu.com /usr/bin/cmake --build /home/ema/Desktop/work/ettorone_mujoco_cpp/build/ettorone_mujoco_cpp -- -j16 -l16
