[01m[K/home/ema/Desktop/work/ettorone_mujoco_cpp/src/main.cpp:[m[K In function ‘[01m[Kint[01;32m[K main[m[K(int, char**)[m[K’:
[01m[K/home/ema/Desktop/work/ettorone_mujoco_cpp/src/main.cpp:11:22:[m[K [01;31m[Kerror: [m[Kno matching function for call to ‘[01m[Krclcpp::executors::MultiThreadedExecutor::add_node(std::shared_ptr<MjEttorone>&)[m[K’
   11 |     [01;31m[Kexecutor.add_node(node)[m[K;
      |     [01;31m[K~~~~~~~~~~~~~~~~~^~~~~~[m[K
In file included from [01m[K/opt/ros/jazzy/include/rclcpp/rclcpp/executors/multi_threaded_executor.hpp:25[m[K,
                 from [01m[K/opt/ros/jazzy/include/rclcpp/rclcpp/executors.hpp:21[m[K,
                 from [01m[K/opt/ros/jazzy/include/rclcpp/rclcpp/rclcpp.hpp:172[m[K,
                 from [01m[K/home/ema/Desktop/work/ettorone_mujoco_cpp/src/main.cpp:1[m[K:
[01m[K/opt/ros/jazzy/include/rclcpp/rclcpp/executor.hpp:200:3:[m[K [01;36m[Knote: [m[Kcandidate: ‘[01m[Kvirtual void rclcpp::Executor::[01;32m[Kadd_node[m[K(rclcpp::node_interfaces::NodeBaseInterface::SharedPtr, bool)[m[K’
  200 |   [01;36m[Kadd_node[m[K(rclcpp::node_interfaces::NodeBaseInterface::SharedPtr node_ptr, bool notify = true);
      |   [01;36m[K^~~~~~~~[m[K
[01m[K/opt/ros/jazzy/include/rclcpp/rclcpp/executor.hpp:200:66:[m[K [01;36m[Knote: [m[K  no known conversion for argument 1 from ‘[01m[Kshared_ptr<[01;32m[KMjEttorone[m[K>[m[K’ to ‘[01m[Kshared_ptr<[01;32m[Krclcpp::node_interfaces::NodeBaseInterface[m[K>[m[K’
  200 |   add_node([01;36m[Krclcpp::node_interfaces::NodeBaseInterface::SharedPtr node_ptr[m[K, bool notify = true);
      |            [01;36m[K~~~~~~~~~~~~~~~~~~~~~~~~~~~~~~~~~~~~~~~~~~~~~~~~~~~~~~^~~~~~~~[m[K
[01m[K/opt/ros/jazzy/include/rclcpp/rclcpp/executor.hpp:208:3:[m[K [01;36m[Knote: [m[Kcandidate: ‘[01m[Kvirtual void rclcpp::Executor::[01;32m[Kadd_node[m[K(std::shared_ptr<rclcpp::Node>, bool)[m[K’
  208 |   [01;36m[Kadd_node[m[K(std::shared_ptr<rclcpp::Node> node_ptr, bool notify = true);
      |   [01;36m[K^~~~~~~~[m[K
[01m[K/opt/ros/jazzy/include/rclcpp/rclcpp/executor.hpp:208:42:[m[K [01;36m[Knote: [m[K  no known conversion for argument 1 from ‘[01m[Kshared_ptr<[01;32m[KMjEttorone[m[K>[m[K’ to ‘[01m[Kshared_ptr<[01;32m[Krclcpp::Node[m[K>[m[K’
  208 |   add_node([01;36m[Kstd::shared_ptr<rclcpp::Node> node_ptr[m[K, bool notify = true);
      |            [01;36m[K~~~~~~~~~~~~~~~~~~~~~~~~~~~~~~^~~~~~~~[m[K
[01m[K/home/ema/Desktop/work/ettorone_mujoco_cpp/src/mj_ettorone_node.cpp:3:7:[m[K [01;31m[Kerror: [m[Kredefinition of ‘[01m[Kclass MjEttorone[m[K’
    3 | class [01;31m[KMjEttorone[m[K : public rclcpp::Node
      |       [01;31m[K^~~~~~~~~~[m[K
In file included from [01m[K/home/ema/Desktop/work/ettorone_mujoco_cpp/src/mj_ettorone_node.cpp:1[m[K:
[01m[K/home/ema/Desktop/work/ettorone_mujoco_cpp/include/ettorone_mujoco_cpp/mj_ettorone_node.hpp:13:7:[m[K [01;36m[Knote: [m[Kprevious definition of ‘[01m[Kclass MjEttorone[m[K’
   13 | class [01;36m[KMjEttorone[m[K
      |       [01;36m[K^~~~~~~~~~[m[K
gmake[2]: *** [CMakeFiles/mj_ros2_ettorone.dir/build.make:76: CMakeFiles/mj_ros2_ettorone.dir/src/main.cpp.o] Error 1
gmake[2]: *** Waiting for unfinished jobs....
gmake[2]: *** [CMakeFiles/mj_ros2_ettorone.dir/build.make:90: CMakeFiles/mj_ros2_ettorone.dir/src/mj_ettorone_node.cpp.o] Error 1
gmake[1]: *** [CMakeFiles/Makefile2:137: CMakeFiles/mj_ros2_ettorone.dir/all] Error 2
gmake: *** [Makefile:146: all] Error 2
