[0.009s] Invoking command in '/home/ema/Desktop/work/ettorone_mujoco_cpp/build/ettorone_mujoco_cpp': CMAKE_PREFIX_PATH=${CMAKE_PREFIX_PATH}:/opt/ros/jazzy DEBUGINFOD_URLS=https://debuginfod.ubuntu.com /usr/bin/cmake --build /home/ema/Desktop/work/ettorone_mujoco_cpp/build/ettorone_mujoco_cpp -- -j16 -l16
[0.061s] [ 33%] [32mBuilding CXX object CMakeFiles/mj_ros2_ettorone.dir/src/main.cpp.o[0m
[1.741s] [ 66%] [32m[1mLinking CXX executable mj_ros2_ettorone[0m
[1.908s] [100%] Built target mj_ros2_ettorone
[1.916s] Invoked command in '/home/ema/Desktop/work/ettorone_mujoco_cpp/build/ettorone_mujoco_cpp' returned '0': CMAKE_PREFIX_PATH=${CMAKE_PREFIX_PATH}:/opt/ros/jazzy DEBUGINFOD_URLS=https://debuginfod.ubuntu.com /usr/bin/cmake --build /home/ema/Desktop/work/ettorone_mujoco_cpp/build/ettorone_mujoco_cpp -- -j16 -l16
[1.922s] Invoking command in '/home/ema/Desktop/work/ettorone_mujoco_cpp/build/ettorone_mujoco_cpp': CMAKE_PREFIX_PATH=${CMAKE_PREFIX_PATH}:/opt/ros/jazzy DEBUGINFOD_URLS=https://debuginfod.ubuntu.com /usr/bin/cmake --install /home/ema/Desktop/work/ettorone_mujoco_cpp/build/ettorone_mujoco_cpp
[1.927s] -- Install configuration: ""
[1.927s] -- Installing: /home/ema/Desktop/work/ettorone_mujoco_cpp/install/ettorone_mujoco_cpp/lib/ettorone_mujoco_cpp/mj_ros2_ettorone
[1.931s] -- Set non-toolchain portion of runtime path of "/home/ema/Desktop/work/ettorone_mujoco_cpp/install/ettorone_mujoco_cpp/lib/ettorone_mujoco_cpp/mj_ros2_ettorone" to "/home/ema/mujoco-3.6.0/lib"
[1.931s] -- Up-to-date: /home/ema/Desktop/work/ettorone_mujoco_cpp/install/ettorone_mujoco_cpp/include
[1.931s] -- Up-to-date: /home/ema/Desktop/work/ettorone_mujoco_cpp/install/ettorone_mujoco_cpp/include/ettorone_mujoco_cpp
[1.931s] -- Up-to-date: /home/ema/Desktop/work/ettorone_mujoco_cpp/install/ettorone_mujoco_cpp/include/ettorone_mujoco_cpp/mj_ettorone_node.hpp
[1.931s] -- Up-to-date: /home/ema/Desktop/work/ettorone_mujoco_cpp/install/ettorone_mujoco_cpp/share/ament_index/resource_index/package_run_dependencies/ettorone_mujoco_cpp
[1.931s] -- Up-to-date: /home/ema/Desktop/work/ettorone_mujoco_cpp/install/ettorone_mujoco_cpp/share/ament_index/resource_index/parent_prefix_path/ettorone_mujoco_cpp
[1.931s] -- Up-to-date: /home/ema/Desktop/work/ettorone_mujoco_cpp/install/ettorone_mujoco_cpp/share/ettorone_mujoco_cpp/environment/ament_prefix_path.sh
[1.931s] -- Up-to-date: /home/ema/Desktop/work/ettorone_mujoco_cpp/install/ettorone_mujoco_cpp/share/ettorone_mujoco_cpp/environment/ament_prefix_path.dsv
[1.931s] -- Up-to-date: /home/ema/Desktop/work/ettorone_mujoco_cpp/install/ettorone_mujoco_cpp/share/ettorone_mujoco_cpp/environment/path.sh
[1.932s] -- Up-to-date: /home/ema/Desktop/work/ettorone_mujoco_cpp/install/ettorone_mujoco_cpp/share/ettorone_mujoco_cpp/environment/path.dsv
[1.932s] -- Up-to-date: /home/ema/Desktop/work/ettorone_mujoco_cpp/install/ettorone_mujoco_cpp/share/ettorone_mujoco_cpp/local_setup.bash
[1.932s] -- Up-to-date: /home/ema/Desktop/work/ettorone_mujoco_cpp/install/ettorone_mujoco_cpp/share/ettorone_mujoco_cpp/local_setup.sh
[1.932s] -- Up-to-date: /home/ema/Desktop/work/ettorone_mujoco_cpp/install/ettorone_mujoco_cpp/share/ettorone_mujoco_cpp/local_setup.zsh
[1.932s] -- Up-to-date: /home/ema/Desktop/work/ettorone_mujoco_cpp/install/ettorone_mujoco_cpp/share/ettorone_mujoco_cpp/local_setup.dsv
[1.932s] -- Installing: /home/ema/Desktop/work/ettorone_mujoco_cpp/install/ettorone_mujoco_cpp/share/ettorone_mujoco_cpp/package.dsv
[1.932s] -- Up-to-date: /home/ema/Desktop/work/ettorone_mujoco_cpp/install/ettorone_mujoco_cpp/share/ament_index/resource_index/packages/ettorone_mujoco_cpp
[1.932s] -- Up-to-date: /home/ema/Desktop/work/ettorone_mujoco_cpp/install/ettorone_mujoco_cpp/share/ettorone_mujoco_cpp/cmake/ettorone_mujoco_cppConfig.cmake
[1.932s] -- Up-to-date: /home/ema/Desktop/work/ettorone_mujoco_cpp/install/ettorone_mujoco_cpp/share/ettorone_mujoco_cpp/cmake/ettorone_mujoco_cppConfig-version.cmake
[1.932s] -- Up-to-date: /home/ema/Desktop/work/ettorone_mujoco_cpp/install/ettorone_mujoco_cpp/share/ettorone_mujoco_cpp/package.xml
[1.932s] Invoked command in '/home/ema/Desktop/work/ettorone_mujoco_cpp/build/ettorone_mujoco_cpp' returned '0': CMAKE_PREFIX_PATH=${CMAKE_PREFIX_PATH}:/opt/ros/jazzy DEBUGINFOD_URLS=https://debuginfod.ubuntu.com /usr/bin/cmake --install /home/ema/Desktop/work/ettorone_mujoco_cpp/build/ettorone_mujoco_cpp
