[0.071s] DEBUG:colcon:Command line arguments: ['/usr/bin/colcon', 'build']
[0.071s] DEBUG:colcon:Parsed command line arguments: Namespace(log_base=None, log_level=None, verb_name='build', build_base='build', install_base='install', merge_install=False, symlink_install=False, test_result_base=None, continue_on_error=False, executor='parallel', parallel_workers=16, event_handlers=None, ignore_user_meta=False, metas=['./colcon.meta'], base_paths=['.'], packages_ignore=None, packages_ignore_regex=None, paths=None, packages_up_to=None, packages_up_to_regex=None, packages_above=None, packages_above_and_dependencies=None, packages_above_depth=None, packages_select_by_dep=None, packages_skip_by_dep=None, packages_skip_up_to=None, packages_select_build_failed=False, packages_skip_build_finished=False, packages_select_test_failures=False, packages_skip_test_passed=False, packages_select=None, packages_skip=None, packages_select_regex=None, packages_skip_regex=None, packages_start=None, packages_end=None, allow_overriding=[], cmake_args=None, cmake_target=None, cmake_target_skip_unavailable=False, cmake_clean_cache=False, cmake_clean_first=False, cmake_force_configure=False, ament_cmake_args=None, catkin_cmake_args=None, catkin_skip_building_tests=False, mixin_files=None, mixin=None, verb_parser=<colcon_mixin.mixin.mixin_argument.MixinArgumentDecorator object at 0x7dbd86e84e00>, verb_extension=<colcon_core.verb.build.BuildVerb object at 0x7dbd86fb0b90>, main=<bound method BuildVerb.main of <colcon_core.verb.build.BuildVerb object at 0x7dbd86fb0b90>>, mixin_verb=('build',))
[0.099s] Level 1:colcon.colcon_core.package_discovery:discover_packages(colcon_meta) check parameters
[0.099s] Level 1:colcon.colcon_core.package_discovery:discover_packages(recursive) check parameters
[0.099s] Level 1:colcon.colcon_core.package_discovery:discover_packages(ignore) check parameters
[0.099s] Level 1:colcon.colcon_core.package_discovery:discover_packages(path) check parameters
[0.099s] Level 1:colcon.colcon_core.package_discovery:discover_packages(colcon_meta) discover
[0.099s] Level 1:colcon.colcon_core.package_discovery:discover_packages(recursive) discover
[0.099s] INFO:colcon.colcon_core.package_discovery:Crawling recursively for packages in '/home/ema/Desktop/work/ettorone_mujoco_cpp'
[0.099s] Level 1:colcon.colcon_core.package_identification:_identify(.) by extensions ['ignore', 'ignore_ament_install']
[0.099s] Level 1:colcon.colcon_core.package_identification:_identify(.) by extension 'ignore'
[0.099s] Level 1:colcon.colcon_core.package_identification:_identify(.) by extension 'ignore_ament_install'
[0.099s] Level 1:colcon.colcon_core.package_identification:_identify(.) by extensions ['colcon_pkg']
[0.100s] Level 1:colcon.colcon_core.package_identification:_identify(.) by extension 'colcon_pkg'
[0.100s] Level 1:colcon.colcon_core.package_identification:_identify(.) by extensions ['colcon_meta']
[0.100s] Level 1:colcon.colcon_core.package_identification:_identify(.) by extension 'colcon_meta'
[0.100s] Level 1:colcon.colcon_core.package_identification:_identify(.) by extensions ['ros']
[0.100s] Level 1:colcon.colcon_core.package_identification:_identify(.) by extension 'ros'
[0.121s] DEBUG:colcon.colcon_core.package_identification:Package '.' with type 'ros.ament_cmake' and name 'ettorone_mujoco_cpp'
[0.121s] Level 1:colcon.colcon_core.package_discovery:discover_packages(recursive) using defaults
[0.121s] Level 1:colcon.colcon_core.package_discovery:discover_packages(ignore) discover
[0.122s] Level 1:colcon.colcon_core.package_discovery:discover_packages(ignore) using defaults
[0.122s] Level 1:colcon.colcon_core.package_discovery:discover_packages(path) discover
[0.122s] Level 1:colcon.colcon_core.package_discovery:discover_packages(path) using defaults
[0.134s] Level 1:colcon.colcon_core.package_discovery:discover_packages(prefix_path) check parameters
[0.134s] Level 1:colcon.colcon_core.package_discovery:discover_packages(prefix_path) discover
[0.135s] DEBUG:colcon.colcon_installed_package_information.package_discovery:Found 1 installed packages in /home/ema/Desktop/work/ettorone_mujoco_cpp/install
[0.136s] DEBUG:colcon.colcon_installed_package_information.package_discovery:Found 320 installed packages in /opt/ros/jazzy
[0.137s] Level 1:colcon.colcon_core.package_discovery:discover_packages(prefix_path) using defaults
[0.165s] Level 5:colcon.colcon_core.verb:set package 'ettorone_mujoco_cpp' build argument 'cmake_args' from command line to 'None'
[0.165s] Level 5:colcon.colcon_core.verb:set package 'ettorone_mujoco_cpp' build argument 'cmake_target' from command line to 'None'
[0.165s] Level 5:colcon.colcon_core.verb:set package 'ettorone_mujoco_cpp' build argument 'cmake_target_skip_unavailable' from command line to 'False'
[0.165s] Level 5:colcon.colcon_core.verb:set package 'ettorone_mujoco_cpp' build argument 'cmake_clean_cache' from command line to 'False'
[0.165s] Level 5:colcon.colcon_core.verb:set package 'ettorone_mujoco_cpp' build argument 'cmake_clean_first' from command line to 'False'
[0.165s] Level 5:colcon.colcon_core.verb:set package 'ettorone_mujoco_cpp' build argument 'cmake_force_configure' from command line to 'False'
[0.165s] Level 5:colcon.colcon_core.verb:set package 'ettorone_mujoco_cpp' build argument 'ament_cmake_args' from command line to 'None'
[0.165s] Level 5:colcon.colcon_core.verb:set package 'ettorone_mujoco_cpp' build argument 'catkin_cmake_args' from command line to 'None'
[0.165s] Level 5:colcon.colcon_core.verb:set package 'ettorone_mujoco_cpp' build argument 'catkin_skip_building_tests' from command line to 'False'
[0.165s] DEBUG:colcon.colcon_core.verb:Building package 'ettorone_mujoco_cpp' with the following arguments: {'ament_cmake_args': None, 'build_base': '/home/ema/Desktop/work/ettorone_mujoco_cpp/build/ettorone_mujoco_cpp', 'catkin_cmake_args': None, 'catkin_skip_building_tests': False, 'cmake_args': None, 'cmake_clean_cache': False, 'cmake_clean_first': False, 'cmake_force_configure': False, 'cmake_target': None, 'cmake_target_skip_unavailable': False, 'install_base': '/home/ema/Desktop/work/ettorone_mujoco_cpp/install/ettorone_mujoco_cpp', 'merge_install': False, 'path': '/home/ema/Desktop/work/ettorone_mujoco_cpp', 'symlink_install': False, 'test_result_base': None}
[0.165s] INFO:colcon.colcon_core.executor:Executing jobs using 'parallel' executor
[0.166s] DEBUG:colcon.colcon_parallel_executor.executor.parallel:run_until_complete
[0.166s] INFO:colcon.colcon_ros.task.ament_cmake.build:Building ROS package in '/home/ema/Desktop/work/ettorone_mujoco_cpp' with build type 'ament_cmake'
[0.166s] INFO:colcon.colcon_cmake.task.cmake.build:Building CMake package in '/home/ema/Desktop/work/ettorone_mujoco_cpp'
[0.167s] INFO:colcon.colcon_core.plugin_system:Skipping extension 'colcon_core.shell.bat': Not used on non-Windows systems
[0.167s] INFO:colcon.colcon_core.shell:Skip shell extension 'powershell' for command environment: Not usable outside of PowerShell
[0.167s] DEBUG:colcon.colcon_core.shell:Skip shell extension 'dsv' for command environment
[0.175s] DEBUG:colcon.colcon_core.event_handler.log_command:Invoking command in '/home/ema/Desktop/work/ettorone_mujoco_cpp/build/ettorone_mujoco_cpp': CMAKE_PREFIX_PATH=${CMAKE_PREFIX_PATH}:/opt/ros/jazzy DEBUGINFOD_URLS=https://debuginfod.ubuntu.com /usr/bin/cmake --build /home/ema/Desktop/work/ettorone_mujoco_cpp/build/ettorone_mujoco_cpp -- -j16 -l16
[2.082s] DEBUG:colcon.colcon_core.event_handler.log_command:Invoked command in '/home/ema/Desktop/work/ettorone_mujoco_cpp/build/ettorone_mujoco_cpp' returned '0': CMAKE_PREFIX_PATH=${CMAKE_PREFIX_PATH}:/opt/ros/jazzy DEBUGINFOD_URLS=https://debuginfod.ubuntu.com /usr/bin/cmake --build /home/ema/Desktop/work/ettorone_mujoco_cpp/build/ettorone_mujoco_cpp -- -j16 -l16
[2.089s] DEBUG:colcon.colcon_core.event_handler.log_command:Invoking command in '/home/ema/Desktop/work/ettorone_mujoco_cpp/build/ettorone_mujoco_cpp': CMAKE_PREFIX_PATH=${CMAKE_PREFIX_PATH}:/opt/ros/jazzy DEBUGINFOD_URLS=https://debuginfod.ubuntu.com /usr/bin/cmake --install /home/ema/Desktop/work/ettorone_mujoco_cpp/build/ettorone_mujoco_cpp
[2.098s] Level 1:colcon.colcon_core.environment:create_environment_scripts_only(ettorone_mujoco_cpp)
[2.098s] DEBUG:colcon.colcon_core.event_handler.log_command:Invoked command in '/home/ema/Desktop/work/ettorone_mujoco_cpp/build/ettorone_mujoco_cpp' returned '0': CMAKE_PREFIX_PATH=${CMAKE_PREFIX_PATH}:/opt/ros/jazzy DEBUGINFOD_URLS=https://debuginfod.ubuntu.com /usr/bin/cmake --install /home/ema/Desktop/work/ettorone_mujoco_cpp/build/ettorone_mujoco_cpp
[2.100s] Level 1:colcon.colcon_core.environment:checking '/home/ema/Desktop/work/ettorone_mujoco_cpp/install/ettorone_mujoco_cpp' for CMake module files
[2.100s] Level 1:colcon.colcon_core.environment:checking '/home/ema/Desktop/work/ettorone_mujoco_cpp/install/ettorone_mujoco_cpp' for CMake config files
[2.100s] Level 1:colcon.colcon_core.shell:create_environment_hook('ettorone_mujoco_cpp', 'cmake_prefix_path')
[2.100s] INFO:colcon.colcon_core.shell:Creating environment hook '/home/ema/Desktop/work/ettorone_mujoco_cpp/install/ettorone_mujoco_cpp/share/ettorone_mujoco_cpp/hook/cmake_prefix_path.ps1'
[2.101s] INFO:colcon.colcon_core.shell:Creating environment descriptor '/home/ema/Desktop/work/ettorone_mujoco_cpp/install/ettorone_mujoco_cpp/share/ettorone_mujoco_cpp/hook/cmake_prefix_path.dsv'
[2.101s] INFO:colcon.colcon_core.shell:Creating environment hook '/home/ema/Desktop/work/ettorone_mujoco_cpp/install/ettorone_mujoco_cpp/share/ettorone_mujoco_cpp/hook/cmake_prefix_path.sh'
[2.102s] Level 1:colcon.colcon_core.environment:checking '/home/ema/Desktop/work/ettorone_mujoco_cpp/install/ettorone_mujoco_cpp/lib'
[2.102s] Level 1:colcon.colcon_core.environment:checking '/home/ema/Desktop/work/ettorone_mujoco_cpp/install/ettorone_mujoco_cpp/bin'
[2.102s] Level 1:colcon.colcon_core.environment:checking '/home/ema/Desktop/work/ettorone_mujoco_cpp/install/ettorone_mujoco_cpp/lib/pkgconfig/ettorone_mujoco_cpp.pc'
[2.102s] Level 1:colcon.colcon_core.environment:checking '/home/ema/Desktop/work/ettorone_mujoco_cpp/install/ettorone_mujoco_cpp/lib/python3.12/site-packages'
[2.102s] Level 1:colcon.colcon_core.environment:checking '/home/ema/Desktop/work/ettorone_mujoco_cpp/install/ettorone_mujoco_cpp/bin'
[2.102s] INFO:colcon.colcon_core.shell:Creating package script '/home/ema/Desktop/work/ettorone_mujoco_cpp/install/ettorone_mujoco_cpp/share/ettorone_mujoco_cpp/package.ps1'
[2.103s] INFO:colcon.colcon_core.shell:Creating package descriptor '/home/ema/Desktop/work/ettorone_mujoco_cpp/install/ettorone_mujoco_cpp/share/ettorone_mujoco_cpp/package.dsv'
[2.103s] INFO:colcon.colcon_core.shell:Creating package script '/home/ema/Desktop/work/ettorone_mujoco_cpp/install/ettorone_mujoco_cpp/share/ettorone_mujoco_cpp/package.sh'
[2.103s] INFO:colcon.colcon_core.shell:Creating package script '/home/ema/Desktop/work/ettorone_mujoco_cpp/install/ettorone_mujoco_cpp/share/ettorone_mujoco_cpp/package.bash'
[2.103s] INFO:colcon.colcon_core.shell:Creating package script '/home/ema/Desktop/work/ettorone_mujoco_cpp/install/ettorone_mujoco_cpp/share/ettorone_mujoco_cpp/package.zsh'
[2.104s] Level 1:colcon.colcon_core.environment:create_file_with_runtime_dependencies(/home/ema/Desktop/work/ettorone_mujoco_cpp/install/ettorone_mujoco_cpp/share/colcon-core/packages/ettorone_mujoco_cpp)
[2.104s] Level 1:colcon.colcon_core.environment:create_environment_scripts_only(ettorone_mujoco_cpp)
[2.104s] Level 1:colcon.colcon_core.environment:checking '/home/ema/Desktop/work/ettorone_mujoco_cpp/install/ettorone_mujoco_cpp' for CMake module files
[2.104s] Level 1:colcon.colcon_core.environment:checking '/home/ema/Desktop/work/ettorone_mujoco_cpp/install/ettorone_mujoco_cpp' for CMake config files
[2.105s] Level 1:colcon.colcon_core.shell:create_environment_hook('ettorone_mujoco_cpp', 'cmake_prefix_path')
[2.105s] INFO:colcon.colcon_core.shell:Creating environment hook '/home/ema/Desktop/work/ettorone_mujoco_cpp/install/ettorone_mujoco_cpp/share/ettorone_mujoco_cpp/hook/cmake_prefix_path.ps1'
[2.105s] INFO:colcon.colcon_core.shell:Creating environment descriptor '/home/ema/Desktop/work/ettorone_mujoco_cpp/install/ettorone_mujoco_cpp/share/ettorone_mujoco_cpp/hook/cmake_prefix_path.dsv'
[2.105s] INFO:colcon.colcon_core.shell:Creating environment hook '/home/ema/Desktop/work/ettorone_mujoco_cpp/install/ettorone_mujoco_cpp/share/ettorone_mujoco_cpp/hook/cmake_prefix_path.sh'
[2.105s] Level 1:colcon.colcon_core.environment:checking '/home/ema/Desktop/work/ettorone_mujoco_cpp/install/ettorone_mujoco_cpp/lib'
[2.105s] Level 1:colcon.colcon_core.environment:checking '/home/ema/Desktop/work/ettorone_mujoco_cpp/install/ettorone_mujoco_cpp/bin'
[2.105s] Level 1:colcon.colcon_core.environment:checking '/home/ema/Desktop/work/ettorone_mujoco_cpp/install/ettorone_mujoco_cpp/lib/pkgconfig/ettorone_mujoco_cpp.pc'
[2.105s] Level 1:colcon.colcon_core.environment:checking '/home/ema/Desktop/work/ettorone_mujoco_cpp/install/ettorone_mujoco_cpp/lib/python3.12/site-packages'
[2.106s] Level 1:colcon.colcon_core.environment:checking '/home/ema/Desktop/work/ettorone_mujoco_cpp/install/ettorone_mujoco_cpp/bin'
[2.106s] INFO:colcon.colcon_core.shell:Creating package script '/home/ema/Desktop/work/ettorone_mujoco_cpp/install/ettorone_mujoco_cpp/share/ettorone_mujoco_cpp/package.ps1'
[2.106s] INFO:colcon.colcon_core.shell:Creating package descriptor '/home/ema/Desktop/work/ettorone_mujoco_cpp/install/ettorone_mujoco_cpp/share/ettorone_mujoco_cpp/package.dsv'
[2.106s] INFO:colcon.colcon_core.shell:Creating package script '/home/ema/Desktop/work/ettorone_mujoco_cpp/install/ettorone_mujoco_cpp/share/ettorone_mujoco_cpp/package.sh'
[2.106s] INFO:colcon.colcon_core.shell:Creating package script '/home/ema/Desktop/work/ettorone_mujoco_cpp/install/ettorone_mujoco_cpp/share/ettorone_mujoco_cpp/package.bash'
[2.106s] INFO:colcon.colcon_core.shell:Creating package script '/home/ema/Desktop/work/ettorone_mujoco_cpp/install/ettorone_mujoco_cpp/share/ettorone_mujoco_cpp/package.zsh'
[2.107s] Level 1:colcon.colcon_core.environment:create_file_with_runtime_dependencies(/home/ema/Desktop/work/ettorone_mujoco_cpp/install/ettorone_mujoco_cpp/share/colcon-core/packages/ettorone_mujoco_cpp)
[2.107s] DEBUG:colcon.colcon_parallel_executor.executor.parallel:closing loop
[2.107s] DEBUG:colcon.colcon_parallel_executor.executor.parallel:loop closed
[2.108s] DEBUG:colcon.colcon_parallel_executor.executor.parallel:run_until_complete finished with '0'
[2.108s] DEBUG:colcon.colcon_core.event_reactor:joining thread
[2.111s] INFO:colcon.colcon_core.plugin_system:Skipping extension 'colcon_notification.desktop_notification.terminal_notifier': Not used on non-Darwin systems
[2.111s] INFO:colcon.colcon_core.plugin_system:Skipping extension 'colcon_notification.desktop_notification.win32': Not used on non-Windows systems
[2.111s] INFO:colcon.colcon_notification.desktop_notification:Sending desktop notification using 'notify2'
[2.119s] DEBUG:colcon.colcon_core.event_reactor:joined thread
[2.120s] INFO:colcon.colcon_core.shell:Creating prefix script '/home/ema/Desktop/work/ettorone_mujoco_cpp/install/local_setup.ps1'
[2.121s] INFO:colcon.colcon_core.shell:Creating prefix util module '/home/ema/Desktop/work/ettorone_mujoco_cpp/install/_local_setup_util_ps1.py'
[2.122s] INFO:colcon.colcon_core.shell:Creating prefix chain script '/home/ema/Desktop/work/ettorone_mujoco_cpp/install/setup.ps1'
[2.123s] INFO:colcon.colcon_core.shell:Creating prefix script '/home/ema/Desktop/work/ettorone_mujoco_cpp/install/local_setup.sh'
[2.123s] INFO:colcon.colcon_core.shell:Creating prefix util module '/home/ema/Desktop/work/ettorone_mujoco_cpp/install/_local_setup_util_sh.py'
[2.124s] INFO:colcon.colcon_core.shell:Creating prefix chain script '/home/ema/Desktop/work/ettorone_mujoco_cpp/install/setup.sh'
[2.125s] INFO:colcon.colcon_core.shell:Creating prefix script '/home/ema/Desktop/work/ettorone_mujoco_cpp/install/local_setup.bash'
[2.126s] INFO:colcon.colcon_core.shell:Creating prefix chain script '/home/ema/Desktop/work/ettorone_mujoco_cpp/install/setup.bash'
[2.127s] INFO:colcon.colcon_core.shell:Creating prefix script '/home/ema/Desktop/work/ettorone_mujoco_cpp/install/local_setup.zsh'
[2.127s] INFO:colcon.colcon_core.shell:Creating prefix chain script '/home/ema/Desktop/work/ettorone_mujoco_cpp/install/setup.zsh'
