[0/1] Re-running CMake...
-- Building for ROS 2 Jazzy
-- Found ament_cmake: 2.5.2 (/usr/local/MATLAB/R2025b/sys/ros2/glnxa64/ros2/share/ament_cmake/cmake)
-- Found ament_cmake_ros: 0.12.0 (/usr/local/MATLAB/R2025b/sys/ros2/glnxa64/ros2/share/ament_cmake_ros/cmake)
-- Found rosidl_typesupport_c: 3.2.2 (/usr/local/MATLAB/R2025b/sys/ros2/glnxa64/ros2/share/rosidl_typesupport_c/cmake)
-- Using all available rosidl_typesupport_c: rosidl_typesupport_fastrtps_c;rosidl_typesupport_introspection_c
-- Found rosidl_typesupport_cpp: 3.2.2 (/usr/local/MATLAB/R2025b/sys/ros2/glnxa64/ros2/share/rosidl_typesupport_cpp/cmake)
-- Using all available rosidl_typesupport_cpp: rosidl_typesupport_fastrtps_cpp;rosidl_typesupport_introspection_cpp
-- Found rosidl_default_generators: 1.6.0 (/usr/local/MATLAB/R2025b/sys/ros2/glnxa64/ros2/share/rosidl_default_generators/cmake)
-- Found rosidl_adapter: 4.8.1 (/usr/local/MATLAB/R2025b/sys/ros2/glnxa64/ros2/share/rosidl_adapter/cmake)
-- Found class_loader: 2.7.0 (/usr/local/MATLAB/R2025b/sys/ros2/glnxa64/ros2/share/class_loader/cmake)
-- Found rclcpp: 28.1.3 (/usr/local/MATLAB/R2025b/sys/ros2/glnxa64/ros2/share/rclcpp/cmake)
-- Found rmw_implementation_cmake: 7.3.1 (/usr/local/MATLAB/R2025b/sys/ros2/glnxa64/ros2/share/rmw_implementation_cmake/cmake)
-- Found rmw_fastrtps_cpp: 9.0.0 (/usr/local/MATLAB/R2025b/sys/ros2/glnxa64/ros2/share/rmw_fastrtps_cpp/cmake)
-- Using RMW implementation 'rmw_fastrtps_cpp' as default
-- Using all available rosidl_typesupport_c: rosidl_typesupport_fastrtps_c;rosidl_typesupport_introspection_c
-- Using all available rosidl_typesupport_cpp: rosidl_typesupport_fastrtps_cpp;rosidl_typesupport_introspection_cpp
-- Configuring done
-- Generating done
-- Build files have been written to: /home/ema/Desktop/work/rover/src/matlab_msg_gen/glnxa64/build/interfaces
[1/38] Generating type hashes for ROS interfaces
[2/38] Generating C++ code for ROS interfaces
[3/38] Generating C code for ROS interfaces
[4/38] Building C object CMakeFiles/interfaces__rosidl_generator_c.dir/rosidl_generator_c/interfaces/msg/detail/float32_array12__type_support.c.o
[5/38] Building C object CMakeFiles/interfaces__rosidl_generator_c.dir/rosidl_generator_c/interfaces/msg/detail/float32_array8__type_support.c.o
[6/38] Building C object CMakeFiles/interfaces__rosidl_generator_c.dir/rosidl_generator_c/interfaces/msg/detail/float32_array12__description.c.o
[7/38] Building C object CMakeFiles/interfaces__rosidl_generator_c.dir/rosidl_generator_c/interfaces/msg/detail/float32_array8__description.c.o
[8/38] Building C object CMakeFiles/interfaces__rosidl_generator_c.dir/rosidl_generator_c/interfaces/msg/detail/float32_array8__functions.c.o
[9/38] Building C object CMakeFiles/interfaces__rosidl_generator_c.dir/rosidl_generator_c/interfaces/msg/detail/float32_array12__functions.c.o
[10/38] Linking C shared library libinterfaces__rosidl_generator_c.so
[11/38] Generating C type support for eProsima Fast-RTPS
[12/38] Generating C type support dispatch for ROS interfaces
[13/38] Generating C introspection for ROS interfaces
[14/38] Generating C++ introspection for ROS interfaces
[15/38] Generating C++ type support dispatch for ROS interfaces
[16/38] Generating C++ type support for eProsima Fast-RTPS
[17/38] Building C object CMakeFiles/interfaces__rosidl_typesupport_introspection_c.dir/rosidl_typesupport_introspection_c/interfaces/msg/detail/float32_array12__type_support.c.o
[18/38] Building CXX object CMakeFiles/interfaces__rosidl_typesupport_c.dir/rosidl_typesupport_c/interfaces/msg/float32_array8__type_support.cpp.o
[19/38] Building CXX object CMakeFiles/interfaces__rosidl_typesupport_c.dir/rosidl_typesupport_c/interfaces/msg/float32_array12__type_support.cpp.o
[20/38] Building C object CMakeFiles/interfaces__rosidl_typesupport_introspection_c.dir/rosidl_typesupport_introspection_c/interfaces/msg/detail/float32_array8__type_support.c.o
[21/38] Linking C shared library libinterfaces__rosidl_typesupport_introspection_c.so
[22/38] Linking CXX shared library libinterfaces__rosidl_typesupport_c.so
[23/38] Building CXX object CMakeFiles/interfaces__rosidl_typesupport_introspection_cpp.dir/rosidl_typesupport_introspection_cpp/interfaces/msg/detail/float32_array12__type_support.cpp.o
[24/38] Building CXX object CMakeFiles/interfaces__rosidl_typesupport_cpp.dir/rosidl_typesupport_cpp/interfaces/msg/float32_array8__type_support.cpp.o
[25/38] Building CXX object CMakeFiles/interfaces__rosidl_typesupport_cpp.dir/rosidl_typesupport_cpp/interfaces/msg/float32_array12__type_support.cpp.o
[26/38] Building CXX object CMakeFiles/interfaces__rosidl_typesupport_fastrtps_c.dir/rosidl_typesupport_fastrtps_c/interfaces/msg/detail/float32_array8__type_support_c.cpp.o
[27/38] Building CXX object CMakeFiles/interfaces__rosidl_typesupport_fastrtps_cpp.dir/rosidl_typesupport_fastrtps_cpp/interfaces/msg/detail/dds_fastrtps/float32_array12__type_support.cpp.o
[28/38] Building CXX object CMakeFiles/interfaces__rosidl_typesupport_fastrtps_cpp.dir/rosidl_typesupport_fastrtps_cpp/interfaces/msg/detail/dds_fastrtps/float32_array8__type_support.cpp.o
[29/38] Linking CXX shared library libinterfaces__rosidl_typesupport_cpp.so
[30/38] Building CXX object CMakeFiles/interfaces__rosidl_typesupport_introspection_cpp.dir/rosidl_typesupport_introspection_cpp/interfaces/msg/detail/float32_array8__type_support.cpp.o
[31/38] Linking CXX shared library libinterfaces__rosidl_typesupport_fastrtps_cpp.so
[32/38] Linking CXX shared library libinterfaces__rosidl_typesupport_introspection_cpp.so
[33/38] Building CXX object CMakeFiles/interfaces__rosidl_typesupport_fastrtps_c.dir/rosidl_typesupport_fastrtps_c/interfaces/msg/detail/float32_array12__type_support_c.cpp.o
[34/38] Linking CXX shared library libinterfaces__rosidl_typesupport_fastrtps_c.so
[35/38] Building CXX object CMakeFiles/interfaces_matlab.dir/src/interfaces_Float32Array12_message.cpp.o
[36/38] Building CXX object CMakeFiles/interfaces_matlab.dir/src/interfaces_Float32Array8_message.cpp.o
[37/38] Linking CXX shared library libinterfaces_matlab.so
-- Install configuration: "Release"
-- Installing: /home/ema/Desktop/work/rover/src/matlab_msg_gen/glnxa64/install/share/ament_index/resource_index/rosidl_interfaces/interfaces
-- Installing: /home/ema/Desktop/work/rover/src/matlab_msg_gen/glnxa64/install/share/interfaces/msg/Float32Array12.json
-- Installing: /home/ema/Desktop/work/rover/src/matlab_msg_gen/glnxa64/install/share/interfaces/msg/Float32Array8.json
-- Up-to-date: /home/ema/Desktop/work/rover/src/matlab_msg_gen/glnxa64/install/include/interfaces/interfaces
-- Up-to-date: /home/ema/Desktop/work/rover/src/matlab_msg_gen/glnxa64/install/include/interfaces/interfaces/msg
-- Up-to-date: /home/ema/Desktop/work/rover/src/matlab_msg_gen/glnxa64/install/include/interfaces/interfaces/msg/detail
-- Installing: /home/ema/Desktop/work/rover/src/matlab_msg_gen/glnxa64/install/include/interfaces/interfaces/msg/detail/float32_array12__functions.c
-- Installing: /home/ema/Desktop/work/rover/src/matlab_msg_gen/glnxa64/install/include/interfaces/interfaces/msg/detail/float32_array12__functions.h
-- Installing: /home/ema/Desktop/work/rover/src/matlab_msg_gen/glnxa64/install/include/interfaces/interfaces/msg/detail/float32_array8__functions.h
-- Installing: /home/ema/Desktop/work/rover/src/matlab_msg_gen/glnxa64/install/include/interfaces/interfaces/msg/detail/float32_array8__struct.h
-- Installing: /home/ema/Desktop/work/rover/src/matlab_msg_gen/glnxa64/install/include/interfaces/interfaces/msg/detail/float32_array8__functions.c
-- Installing: /home/ema/Desktop/work/rover/src/matlab_msg_gen/glnxa64/install/include/interfaces/interfaces/msg/detail/float32_array8__type_support.c
-- Installing: /home/ema/Desktop/work/rover/src/matlab_msg_gen/glnxa64/install/include/interfaces/interfaces/msg/detail/float32_array8__description.c
-- Installing: /home/ema/Desktop/work/rover/src/matlab_msg_gen/glnxa64/install/include/interfaces/interfaces/msg/detail/float32_array12__type_support.c
-- Installing: /home/ema/Desktop/work/rover/src/matlab_msg_gen/glnxa64/install/include/interfaces/interfaces/msg/detail/float32_array12__description.c
-- Installing: /home/ema/Desktop/work/rover/src/matlab_msg_gen/glnxa64/install/include/interfaces/interfaces/msg/detail/float32_array8__type_support.h
-- Installing: /home/ema/Desktop/work/rover/src/matlab_msg_gen/glnxa64/install/include/interfaces/interfaces/msg/detail/float32_array12__type_support.h
-- Installing: /home/ema/Desktop/work/rover/src/matlab_msg_gen/glnxa64/install/include/interfaces/interfaces/msg/detail/float32_array12__struct.h
-- Installing: /home/ema/Desktop/work/rover/src/matlab_msg_gen/glnxa64/install/include/interfaces/interfaces/msg/float32_array8.h
-- Installing: /home/ema/Desktop/work/rover/src/matlab_msg_gen/glnxa64/install/include/interfaces/interfaces/msg/float32_array12.h
-- Up-to-date: /home/ema/Desktop/work/rover/src/matlab_msg_gen/glnxa64/install/include/interfaces/interfaces/msg/rosidl_generator_c__visibility_control.h
-- Up-to-date: /home/ema/Desktop/work/rover/src/matlab_msg_gen/glnxa64/install/share/interfaces/environment/library_path.sh
-- Up-to-date: /home/ema/Desktop/work/rover/src/matlab_msg_gen/glnxa64/install/share/interfaces/environment/library_path.dsv
-- Installing: /home/ema/Desktop/work/rover/src/matlab_msg_gen/glnxa64/install/lib/libinterfaces__rosidl_generator_c.so
-- Up-to-date: /home/ema/Desktop/work/rover/src/matlab_msg_gen/glnxa64/install/include/interfaces/interfaces
-- Up-to-date: /home/ema/Desktop/work/rover/src/matlab_msg_gen/glnxa64/install/include/interfaces/interfaces/msg
-- Up-to-date: /home/ema/Desktop/work/rover/src/matlab_msg_gen/glnxa64/install/include/interfaces/interfaces/msg/detail
-- Installing: /home/ema/Desktop/work/rover/src/matlab_msg_gen/glnxa64/install/include/interfaces/interfaces/msg/detail/float32_array8__rosidl_typesupport_fastrtps_c.h
-- Installing: /home/ema/Desktop/work/rover/src/matlab_msg_gen/glnxa64/install/include/interfaces/interfaces/msg/detail/float32_array12__rosidl_typesupport_fastrtps_c.h
-- Up-to-date: /home/ema/Desktop/work/rover/src/matlab_msg_gen/glnxa64/install/include/interfaces/interfaces/msg/rosidl_typesupport_fastrtps_c__visibility_control.h
-- Installing: /home/ema/Desktop/work/rover/src/matlab_msg_gen/glnxa64/install/lib/libinterfaces__rosidl_typesupport_fastrtps_c.so
-- Up-to-date: /home/ema/Desktop/work/rover/src/matlab_msg_gen/glnxa64/install/include/interfaces/interfaces
-- Up-to-date: /home/ema/Desktop/work/rover/src/matlab_msg_gen/glnxa64/install/include/interfaces/interfaces/msg
-- Up-to-date: /home/ema/Desktop/work/rover/src/matlab_msg_gen/glnxa64/install/include/interfaces/interfaces/msg/detail
-- Up-to-date: /home/ema/Desktop/work/rover/src/matlab_msg_gen/glnxa64/install/include/interfaces/interfaces/msg/detail/float32_array8__type_support.c
-- Installing: /home/ema/Desktop/work/rover/src/matlab_msg_gen/glnxa64/install/include/interfaces/interfaces/msg/detail/float32_array12__rosidl_typesupport_introspection_c.h
-- Up-to-date: /home/ema/Desktop/work/rover/src/matlab_msg_gen/glnxa64/install/include/interfaces/interfaces/msg/detail/float32_array12__type_support.c
-- Installing: /home/ema/Desktop/work/rover/src/matlab_msg_gen/glnxa64/install/include/interfaces/interfaces/msg/detail/float32_array8__rosidl_typesupport_introspection_c.h
-- Up-to-date: /home/ema/Desktop/work/rover/src/matlab_msg_gen/glnxa64/install/include/interfaces/interfaces/msg/rosidl_typesupport_introspection_c__visibility_control.h
-- Installing: /home/ema/Desktop/work/rover/src/matlab_msg_gen/glnxa64/install/lib/libinterfaces__rosidl_typesupport_introspection_c.so
-- Installing: /home/ema/Desktop/work/rover/src/matlab_msg_gen/glnxa64/install/lib/libinterfaces__rosidl_typesupport_c.so
-- Up-to-date: /home/ema/Desktop/work/rover/src/matlab_msg_gen/glnxa64/install/include/interfaces/interfaces
-- Up-to-date: /home/ema/Desktop/work/rover/src/matlab_msg_gen/glnxa64/install/include/interfaces/interfaces/msg
-- Up-to-date: /home/ema/Desktop/work/rover/src/matlab_msg_gen/glnxa64/install/include/interfaces/interfaces/msg/detail
-- Installing: /home/ema/Desktop/work/rover/src/matlab_msg_gen/glnxa64/install/include/interfaces/interfaces/msg/detail/float32_array8__type_support.hpp
-- Installing: /home/ema/Desktop/work/rover/src/matlab_msg_gen/glnxa64/install/include/interfaces/interfaces/msg/detail/float32_array12__type_support.hpp
-- Installing: /home/ema/Desktop/work/rover/src/matlab_msg_gen/glnxa64/install/include/interfaces/interfaces/msg/detail/float32_array12__traits.hpp
-- Installing: /home/ema/Desktop/work/rover/src/matlab_msg_gen/glnxa64/install/include/interfaces/interfaces/msg/detail/float32_array12__builder.hpp
-- Installing: /home/ema/Desktop/work/rover/src/matlab_msg_gen/glnxa64/install/include/interfaces/interfaces/msg/detail/float32_array8__struct.hpp
-- Installing: /home/ema/Desktop/work/rover/src/matlab_msg_gen/glnxa64/install/include/interfaces/interfaces/msg/detail/float32_array12__struct.hpp
-- Installing: /home/ema/Desktop/work/rover/src/matlab_msg_gen/glnxa64/install/include/interfaces/interfaces/msg/detail/float32_array8__builder.hpp
-- Installing: /home/ema/Desktop/work/rover/src/matlab_msg_gen/glnxa64/install/include/interfaces/interfaces/msg/detail/float32_array8__traits.hpp
-- Installing: /home/ema/Desktop/work/rover/src/matlab_msg_gen/glnxa64/install/include/interfaces/interfaces/msg/float32_array12.hpp
-- Installing: /home/ema/Desktop/work/rover/src/matlab_msg_gen/glnxa64/install/include/interfaces/interfaces/msg/float32_array8.hpp
-- Up-to-date: /home/ema/Desktop/work/rover/src/matlab_msg_gen/glnxa64/install/include/interfaces/interfaces/msg/rosidl_generator_cpp__visibility_control.hpp
-- Up-to-date: /home/ema/Desktop/work/rover/src/matlab_msg_gen/glnxa64/install/include/interfaces/interfaces
-- Up-to-date: /home/ema/Desktop/work/rover/src/matlab_msg_gen/glnxa64/install/include/interfaces/interfaces/msg
-- Up-to-date: /home/ema/Desktop/work/rover/src/matlab_msg_gen/glnxa64/install/include/interfaces/interfaces/msg/detail
-- Up-to-date: /home/ema/Desktop/work/rover/src/matlab_msg_gen/glnxa64/install/include/interfaces/interfaces/msg/detail/dds_fastrtps
-- Installing: /home/ema/Desktop/work/rover/src/matlab_msg_gen/glnxa64/install/include/interfaces/interfaces/msg/detail/float32_array12__rosidl_typesupport_fastrtps_cpp.hpp
-- Installing: /home/ema/Desktop/work/rover/src/matlab_msg_gen/glnxa64/install/include/interfaces/interfaces/msg/detail/float32_array8__rosidl_typesupport_fastrtps_cpp.hpp
-- Up-to-date: /home/ema/Desktop/work/rover/src/matlab_msg_gen/glnxa64/install/include/interfaces/interfaces/msg/rosidl_typesupport_fastrtps_cpp__visibility_control.h
-- Installing: /home/ema/Desktop/work/rover/src/matlab_msg_gen/glnxa64/install/lib/libinterfaces__rosidl_typesupport_fastrtps_cpp.so
-- Up-to-date: /home/ema/Desktop/work/rover/src/matlab_msg_gen/glnxa64/install/include/interfaces/interfaces
-- Up-to-date: /home/ema/Desktop/work/rover/src/matlab_msg_gen/glnxa64/install/include/interfaces/interfaces/msg
-- Up-to-date: /home/ema/Desktop/work/rover/src/matlab_msg_gen/glnxa64/install/include/interfaces/interfaces/msg/detail
-- Installing: /home/ema/Desktop/work/rover/src/matlab_msg_gen/glnxa64/install/include/interfaces/interfaces/msg/detail/float32_array8__rosidl_typesupport_introspection_cpp.hpp
-- Installing: /home/ema/Desktop/work/rover/src/matlab_msg_gen/glnxa64/install/include/interfaces/interfaces/msg/detail/float32_array12__type_support.cpp
-- Installing: /home/ema/Desktop/work/rover/src/matlab_msg_gen/glnxa64/install/include/interfaces/interfaces/msg/detail/float32_array8__type_support.cpp
-- Installing: /home/ema/Desktop/work/rover/src/matlab_msg_gen/glnxa64/install/include/interfaces/interfaces/msg/detail/float32_array12__rosidl_typesupport_introspection_cpp.hpp
-- Installing: /home/ema/Desktop/work/rover/src/matlab_msg_gen/glnxa64/install/lib/libinterfaces__rosidl_typesupport_introspection_cpp.so
-- Installing: /home/ema/Desktop/work/rover/src/matlab_msg_gen/glnxa64/install/lib/libinterfaces__rosidl_typesupport_cpp.so
-- Installing: /home/ema/Desktop/work/rover/src/matlab_msg_gen/glnxa64/install/share/interfaces/msg/Float32Array12.idl
-- Up-to-date: /home/ema/Desktop/work/rover/src/matlab_msg_gen/glnxa64/install/share/interfaces/msg/Float32Array8.idl
-- Installing: /home/ema/Desktop/work/rover/src/matlab_msg_gen/glnxa64/install/share/interfaces/msg/Float32Array12.msg
-- Installing: /home/ema/Desktop/work/rover/src/matlab_msg_gen/glnxa64/install/share/interfaces/msg/Float32Array8.msg
-- Up-to-date: /home/ema/Desktop/work/rover/src/matlab_msg_gen/glnxa64/install/include
-- Up-to-date: /home/ema/Desktop/work/rover/src/matlab_msg_gen/glnxa64/install/include/interfaces
-- Up-to-date: /home/ema/Desktop/work/rover/src/matlab_msg_gen/glnxa64/install/include/interfaces/visibility_control.h
-- Installing: /home/ema/Desktop/work/rover/src/matlab_msg_gen/glnxa64/install/lib/libinterfaces_matlab.so
-- Up-to-date: /home/ema/Desktop/work/rover/src/matlab_msg_gen/glnxa64/install/m/
-- Up-to-date: /home/ema/Desktop/work/rover/src/matlab_msg_gen/glnxa64/install/m//+ros
-- Up-to-date: /home/ema/Desktop/work/rover/src/matlab_msg_gen/glnxa64/install/m//+ros/+internal
-- Up-to-date: /home/ema/Desktop/work/rover/src/matlab_msg_gen/glnxa64/install/m//+ros/+internal/+ros2
-- Up-to-date: /home/ema/Desktop/work/rover/src/matlab_msg_gen/glnxa64/install/m//+ros/+internal/+ros2/+custommessages
-- Up-to-date: /home/ema/Desktop/work/rover/src/matlab_msg_gen/glnxa64/install/m//+ros/+internal/+ros2/+custommessages/+interfaces
-- Installing: /home/ema/Desktop/work/rover/src/matlab_msg_gen/glnxa64/install/m//+ros/+internal/+ros2/+custommessages/+interfaces/float32Array12.m
-- Up-to-date: /home/ema/Desktop/work/rover/src/matlab_msg_gen/glnxa64/install/m//+ros/+internal/+ros2/+custommessages/+interfaces/float32Array8.m
-- Up-to-date: /home/ema/Desktop/work/rover/src/matlab_msg_gen/glnxa64/install/share/ament_index/resource_index/package_run_dependencies/interfaces
-- Installing: /home/ema/Desktop/work/rover/src/matlab_msg_gen/glnxa64/install/share/ament_index/resource_index/parent_prefix_path/interfaces
-- Up-to-date: /home/ema/Desktop/work/rover/src/matlab_msg_gen/glnxa64/install/share/interfaces/environment/ament_prefix_path.sh
-- Up-to-date: /home/ema/Desktop/work/rover/src/matlab_msg_gen/glnxa64/install/share/interfaces/environment/ament_prefix_path.dsv
-- Up-to-date: /home/ema/Desktop/work/rover/src/matlab_msg_gen/glnxa64/install/share/interfaces/environment/path.sh
-- Up-to-date: /home/ema/Desktop/work/rover/src/matlab_msg_gen/glnxa64/install/share/interfaces/environment/path.dsv
-- Up-to-date: /home/ema/Desktop/work/rover/src/matlab_msg_gen/glnxa64/install/share/interfaces/local_setup.bash
-- Up-to-date: /home/ema/Desktop/work/rover/src/matlab_msg_gen/glnxa64/install/share/interfaces/local_setup.sh
-- Up-to-date: /home/ema/Desktop/work/rover/src/matlab_msg_gen/glnxa64/install/share/interfaces/local_setup.zsh
-- Up-to-date: /home/ema/Desktop/work/rover/src/matlab_msg_gen/glnxa64/install/share/interfaces/local_setup.dsv
-- Installing: /home/ema/Desktop/work/rover/src/matlab_msg_gen/glnxa64/install/share/interfaces/package.dsv
-- Up-to-date: /home/ema/Desktop/work/rover/src/matlab_msg_gen/glnxa64/install/share/ament_index/resource_index/packages/interfaces
-- Up-to-date: /home/ema/Desktop/work/rover/src/matlab_msg_gen/glnxa64/install/share/interfaces/cmake/export_interfaces__rosidl_generator_cExport.cmake
-- Up-to-date: /home/ema/Desktop/work/rover/src/matlab_msg_gen/glnxa64/install/share/interfaces/cmake/export_interfaces__rosidl_generator_cExport-release.cmake
-- Up-to-date: /home/ema/Desktop/work/rover/src/matlab_msg_gen/glnxa64/install/share/interfaces/cmake/export_interfaces__rosidl_typesupport_fastrtps_cExport.cmake
-- Up-to-date: /home/ema/Desktop/work/rover/src/matlab_msg_gen/glnxa64/install/share/interfaces/cmake/export_interfaces__rosidl_typesupport_fastrtps_cExport-release.cmake
-- Up-to-date: /home/ema/Desktop/work/rover/src/matlab_msg_gen/glnxa64/install/share/interfaces/cmake/interfaces__rosidl_typesupport_introspection_cExport.cmake
-- Up-to-date: /home/ema/Desktop/work/rover/src/matlab_msg_gen/glnxa64/install/share/interfaces/cmake/interfaces__rosidl_typesupport_introspection_cExport-release.cmake
-- Up-to-date: /home/ema/Desktop/work/rover/src/matlab_msg_gen/glnxa64/install/share/interfaces/cmake/interfaces__rosidl_typesupport_cExport.cmake
-- Up-to-date: /home/ema/Desktop/work/rover/src/matlab_msg_gen/glnxa64/install/share/interfaces/cmake/interfaces__rosidl_typesupport_cExport-release.cmake
-- Up-to-date: /home/ema/Desktop/work/rover/src/matlab_msg_gen/glnxa64/install/share/interfaces/cmake/export_interfaces__rosidl_generator_cppExport.cmake
-- Up-to-date: /home/ema/Desktop/work/rover/src/matlab_msg_gen/glnxa64/install/share/interfaces/cmake/export_interfaces__rosidl_typesupport_fastrtps_cppExport.cmake
-- Up-to-date: /home/ema/Desktop/work/rover/src/matlab_msg_gen/glnxa64/install/share/interfaces/cmake/export_interfaces__rosidl_typesupport_fastrtps_cppExport-release.cmake
-- Up-to-date: /home/ema/Desktop/work/rover/src/matlab_msg_gen/glnxa64/install/share/interfaces/cmake/interfaces__rosidl_typesupport_introspection_cppExport.cmake
-- Up-to-date: /home/ema/Desktop/work/rover/src/matlab_msg_gen/glnxa64/install/share/interfaces/cmake/interfaces__rosidl_typesupport_introspection_cppExport-release.cmake
-- Up-to-date: /home/ema/Desktop/work/rover/src/matlab_msg_gen/glnxa64/install/share/interfaces/cmake/interfaces__rosidl_typesupport_cppExport.cmake
-- Up-to-date: /home/ema/Desktop/work/rover/src/matlab_msg_gen/glnxa64/install/share/interfaces/cmake/interfaces__rosidl_typesupport_cppExport-release.cmake
-- Installing: /home/ema/Desktop/work/rover/src/matlab_msg_gen/glnxa64/install/share/interfaces/cmake/rosidl_cmake-extras.cmake
-- Up-to-date: /home/ema/Desktop/work/rover/src/matlab_msg_gen/glnxa64/install/share/interfaces/cmake/ament_cmake_export_include_directories-extras.cmake
-- Up-to-date: /home/ema/Desktop/work/rover/src/matlab_msg_gen/glnxa64/install/share/interfaces/cmake/ament_cmake_export_libraries-extras.cmake
-- Up-to-date: /home/ema/Desktop/work/rover/src/matlab_msg_gen/glnxa64/install/share/interfaces/cmake/ament_cmake_export_targets-extras.cmake
-- Up-to-date: /home/ema/Desktop/work/rover/src/matlab_msg_gen/glnxa64/install/share/interfaces/cmake/rosidl_cmake_export_typesupport_targets-extras.cmake
-- Up-to-date: /home/ema/Desktop/work/rover/src/matlab_msg_gen/glnxa64/install/share/interfaces/cmake/ament_cmake_export_dependencies-extras.cmake
-- Up-to-date: /home/ema/Desktop/work/rover/src/matlab_msg_gen/glnxa64/install/share/interfaces/cmake/rosidl_cmake_export_typesupport_libraries-extras.cmake
-- Up-to-date: /home/ema/Desktop/work/rover/src/matlab_msg_gen/glnxa64/install/share/interfaces/cmake/interfacesConfig.cmake
-- Up-to-date: /home/ema/Desktop/work/rover/src/matlab_msg_gen/glnxa64/install/share/interfaces/cmake/interfacesConfig-version.cmake
-- Installing: /home/ema/Desktop/work/rover/src/matlab_msg_gen/glnxa64/install/share/interfaces/package.xml
