[0.015s] Invoking command in '/home/ema/Desktop/work/rover/src/matlab_msg_gen/glnxa64/build/interfaces': DEBUGINFOD_URLS=https://debuginfod.ubuntu.com PS1=(venv) VIRTUAL_ENV_PROMPT=(venv) /usr/local/MATLAB/R2025b/bin/glnxa64/cmake/bin/cmake --build /home/ema/Desktop/work/rover/src/matlab_msg_gen/glnxa64/build/interfaces -- -j16 -l16
[0.038s] [0/1] Re-running CMake...
[0.047s] -- Building for ROS 2 Jazzy
[0.047s] -- Found ament_cmake: 2.5.2 (/usr/local/MATLAB/R2025b/sys/ros2/glnxa64/ros2/share/ament_cmake/cmake)
[0.104s] -- Found ament_cmake_ros: 0.12.0 (/usr/local/MATLAB/R2025b/sys/ros2/glnxa64/ros2/share/ament_cmake_ros/cmake)
[0.108s] -- Found rosidl_typesupport_c: 3.2.2 (/usr/local/MATLAB/R2025b/sys/ros2/glnxa64/ros2/share/rosidl_typesupport_c/cmake)
[0.108s] -- Using all available rosidl_typesupport_c: rosidl_typesupport_fastrtps_c;rosidl_typesupport_introspection_c
[0.134s] -- Found rosidl_typesupport_cpp: 3.2.2 (/usr/local/MATLAB/R2025b/sys/ros2/glnxa64/ros2/share/rosidl_typesupport_cpp/cmake)
[0.134s] -- Using all available rosidl_typesupport_cpp: rosidl_typesupport_fastrtps_cpp;rosidl_typesupport_introspection_cpp
[0.151s] -- Found rosidl_default_generators: 1.6.0 (/usr/local/MATLAB/R2025b/sys/ros2/glnxa64/ros2/share/rosidl_default_generators/cmake)
[0.154s] -- Found rosidl_adapter: 4.8.1 (/usr/local/MATLAB/R2025b/sys/ros2/glnxa64/ros2/share/rosidl_adapter/cmake)
[0.156s] -- Found class_loader: 2.7.0 (/usr/local/MATLAB/R2025b/sys/ros2/glnxa64/ros2/share/class_loader/cmake)
[0.158s] -- Found rclcpp: 28.1.3 (/usr/local/MATLAB/R2025b/sys/ros2/glnxa64/ros2/share/rclcpp/cmake)
[0.196s] -- Found rmw_implementation_cmake: 7.3.1 (/usr/local/MATLAB/R2025b/sys/ros2/glnxa64/ros2/share/rmw_implementation_cmake/cmake)
[0.197s] -- Found rmw_fastrtps_cpp: 9.0.0 (/usr/local/MATLAB/R2025b/sys/ros2/glnxa64/ros2/share/rmw_fastrtps_cpp/cmake)
[0.221s] -- Using RMW implementation 'rmw_fastrtps_cpp' as default
[0.403s] -- Using all available rosidl_typesupport_c: rosidl_typesupport_fastrtps_c;rosidl_typesupport_introspection_c
[0.454s] -- Using all available rosidl_typesupport_cpp: rosidl_typesupport_fastrtps_cpp;rosidl_typesupport_introspection_cpp
[0.462s] -- Configuring done
[0.481s] -- Generating done
[0.486s] -- Build files have been written to: /home/ema/Desktop/work/rover/src/matlab_msg_gen/glnxa64/build/interfaces
[0.598s] [1/38] Generating type hashes for ROS interfaces
[0.719s] [2/38] Generating C++ code for ROS interfaces
[0.742s] [3/38] Generating C code for ROS interfaces
[0.766s] [4/38] Building C object CMakeFiles/interfaces__rosidl_generator_c.dir/rosidl_generator_c/interfaces/msg/detail/float32_array12__type_support.c.o
[0.766s] [5/38] Building C object CMakeFiles/interfaces__rosidl_generator_c.dir/rosidl_generator_c/interfaces/msg/detail/float32_array8__type_support.c.o
[0.778s] [6/38] Building C object CMakeFiles/interfaces__rosidl_generator_c.dir/rosidl_generator_c/interfaces/msg/detail/float32_array12__description.c.o
[0.781s] [7/38] Building C object CMakeFiles/interfaces__rosidl_generator_c.dir/rosidl_generator_c/interfaces/msg/detail/float32_array8__description.c.o
[0.802s] [8/38] Building C object CMakeFiles/interfaces__rosidl_generator_c.dir/rosidl_generator_c/interfaces/msg/detail/float32_array8__functions.c.o
[0.804s] [9/38] Building C object CMakeFiles/interfaces__rosidl_generator_c.dir/rosidl_generator_c/interfaces/msg/detail/float32_array12__functions.c.o
[0.819s] [10/38] Linking C shared library libinterfaces__rosidl_generator_c.so
[0.948s] [11/38] Generating C type support for eProsima Fast-RTPS
[0.954s] [12/38] Generating C type support dispatch for ROS interfaces
[0.960s] [13/38] Generating C introspection for ROS interfaces
[0.971s] [14/38] Generating C++ introspection for ROS interfaces
[0.977s] [15/38] Generating C++ type support dispatch for ROS interfaces
[0.988s] [16/38] Generating C++ type support for eProsima Fast-RTPS
[1.002s] [17/38] Building C object CMakeFiles/interfaces__rosidl_typesupport_introspection_c.dir/rosidl_typesupport_introspection_c/interfaces/msg/detail/float32_array12__type_support.c.o
[1.009s] [18/38] Building CXX object CMakeFiles/interfaces__rosidl_typesupport_c.dir/rosidl_typesupport_c/interfaces/msg/float32_array8__type_support.cpp.o
[1.010s] [19/38] Building CXX object CMakeFiles/interfaces__rosidl_typesupport_c.dir/rosidl_typesupport_c/interfaces/msg/float32_array12__type_support.cpp.o
[1.012s] [20/38] Building C object CMakeFiles/interfaces__rosidl_typesupport_introspection_c.dir/rosidl_typesupport_introspection_c/interfaces/msg/detail/float32_array8__type_support.c.o
[1.037s] [21/38] Linking C shared library libinterfaces__rosidl_typesupport_introspection_c.so
[1.071s] [22/38] Linking CXX shared library libinterfaces__rosidl_typesupport_c.so
[1.188s] [23/38] Building CXX object CMakeFiles/interfaces__rosidl_typesupport_introspection_cpp.dir/rosidl_typesupport_introspection_cpp/interfaces/msg/detail/float32_array12__type_support.cpp.o
[1.267s] [24/38] Building CXX object CMakeFiles/interfaces__rosidl_typesupport_cpp.dir/rosidl_typesupport_cpp/interfaces/msg/float32_array8__type_support.cpp.o
[1.275s] [25/38] Building CXX object CMakeFiles/interfaces__rosidl_typesupport_cpp.dir/rosidl_typesupport_cpp/interfaces/msg/float32_array12__type_support.cpp.o
[1.299s] [26/38] Building CXX object CMakeFiles/interfaces__rosidl_typesupport_fastrtps_c.dir/rosidl_typesupport_fastrtps_c/interfaces/msg/detail/float32_array8__type_support_c.cpp.o
[1.308s] [27/38] Building CXX object CMakeFiles/interfaces__rosidl_typesupport_fastrtps_cpp.dir/rosidl_typesupport_fastrtps_cpp/interfaces/msg/detail/dds_fastrtps/float32_array12__type_support.cpp.o
[1.310s] [28/38] Building CXX object CMakeFiles/interfaces__rosidl_typesupport_fastrtps_cpp.dir/rosidl_typesupport_fastrtps_cpp/interfaces/msg/detail/dds_fastrtps/float32_array8__type_support.cpp.o
[1.313s] [29/38] Linking CXX shared library libinterfaces__rosidl_typesupport_cpp.so
[1.341s] [30/38] Building CXX object CMakeFiles/interfaces__rosidl_typesupport_introspection_cpp.dir/rosidl_typesupport_introspection_cpp/interfaces/msg/detail/float32_array8__type_support.cpp.o
[1.348s] [31/38] Linking CXX shared library libinterfaces__rosidl_typesupport_fastrtps_cpp.so
[1.383s] [32/38] Linking CXX shared library libinterfaces__rosidl_typesupport_introspection_cpp.so
[1.421s] [33/38] Building CXX object CMakeFiles/interfaces__rosidl_typesupport_fastrtps_c.dir/rosidl_typesupport_fastrtps_c/interfaces/msg/detail/float32_array12__type_support_c.cpp.o
[1.454s] [34/38] Linking CXX shared library libinterfaces__rosidl_typesupport_fastrtps_c.so
[7.572s] [35/38] Building CXX object CMakeFiles/interfaces_matlab.dir/src/interfaces_Float32Array12_message.cpp.o
[7.620s] [36/38] Building CXX object CMakeFiles/interfaces_matlab.dir/src/interfaces_Float32Array8_message.cpp.o
[7.847s] [37/38] Linking CXX shared library libinterfaces_matlab.so
[7.848s] Invoked command in '/home/ema/Desktop/work/rover/src/matlab_msg_gen/glnxa64/build/interfaces' returned '0': DEBUGINFOD_URLS=https://debuginfod.ubuntu.com PS1=(venv) VIRTUAL_ENV_PROMPT=(venv) /usr/local/MATLAB/R2025b/bin/glnxa64/cmake/bin/cmake --build /home/ema/Desktop/work/rover/src/matlab_msg_gen/glnxa64/build/interfaces -- -j16 -l16
[7.861s] Invoking command in '/home/ema/Desktop/work/rover/src/matlab_msg_gen/glnxa64/build/interfaces': DEBUGINFOD_URLS=https://debuginfod.ubuntu.com PS1=(venv) VIRTUAL_ENV_PROMPT=(venv) /usr/local/MATLAB/R2025b/bin/glnxa64/cmake/bin/cmake --install /home/ema/Desktop/work/rover/src/matlab_msg_gen/glnxa64/build/interfaces
[7.863s] -- Install configuration: "Release"
[7.863s] -- Installing: /home/ema/Desktop/work/rover/src/matlab_msg_gen/glnxa64/install/share/ament_index/resource_index/rosidl_interfaces/interfaces
[7.863s] -- Installing: /home/ema/Desktop/work/rover/src/matlab_msg_gen/glnxa64/install/share/interfaces/msg/Float32Array12.json
[7.863s] -- Installing: /home/ema/Desktop/work/rover/src/matlab_msg_gen/glnxa64/install/share/interfaces/msg/Float32Array8.json
[7.863s] -- Up-to-date: /home/ema/Desktop/work/rover/src/matlab_msg_gen/glnxa64/install/include/interfaces/interfaces
[7.863s] -- Up-to-date: /home/ema/Desktop/work/rover/src/matlab_msg_gen/glnxa64/install/include/interfaces/interfaces/msg
[7.863s] -- Up-to-date: /home/ema/Desktop/work/rover/src/matlab_msg_gen/glnxa64/install/include/interfaces/interfaces/msg/detail
[7.863s] -- Installing: /home/ema/Desktop/work/rover/src/matlab_msg_gen/glnxa64/install/include/interfaces/interfaces/msg/detail/float32_array12__functions.c
[7.864s] -- Installing: /home/ema/Desktop/work/rover/src/matlab_msg_gen/glnxa64/install/include/interfaces/interfaces/msg/detail/float32_array12__functions.h
[7.864s] -- Installing: /home/ema/Desktop/work/rover/src/matlab_msg_gen/glnxa64/install/include/interfaces/interfaces/msg/detail/float32_array8__functions.h
[7.864s] -- Installing: /home/ema/Desktop/work/rover/src/matlab_msg_gen/glnxa64/install/include/interfaces/interfaces/msg/detail/float32_array8__struct.h
[7.864s] -- Installing: /home/ema/Desktop/work/rover/src/matlab_msg_gen/glnxa64/install/include/interfaces/interfaces/msg/detail/float32_array8__functions.c
[7.864s] -- Installing: /home/ema/Desktop/work/rover/src/matlab_msg_gen/glnxa64/install/include/interfaces/interfaces/msg/detail/float32_array8__type_support.c
[7.864s] -- Installing: /home/ema/Desktop/work/rover/src/matlab_msg_gen/glnxa64/install/include/interfaces/interfaces/msg/detail/float32_array8__description.c
[7.865s] -- Installing: /home/ema/Desktop/work/rover/src/matlab_msg_gen/glnxa64/install/include/interfaces/interfaces/msg/detail/float32_array12__type_support.c
[7.865s] -- Installing: /home/ema/Desktop/work/rover/src/matlab_msg_gen/glnxa64/install/include/interfaces/interfaces/msg/detail/float32_array12__description.c
[7.865s] -- Installing: /home/ema/Desktop/work/rover/src/matlab_msg_gen/glnxa64/install/include/interfaces/interfaces/msg/detail/float32_array8__type_support.h
[7.865s] -- Installing: /home/ema/Desktop/work/rover/src/matlab_msg_gen/glnxa64/install/include/interfaces/interfaces/msg/detail/float32_array12__type_support.h
[7.865s] -- Installing: /home/ema/Desktop/work/rover/src/matlab_msg_gen/glnxa64/install/include/interfaces/interfaces/msg/detail/float32_array12__struct.h
[7.865s] -- Installing: /home/ema/Desktop/work/rover/src/matlab_msg_gen/glnxa64/install/include/interfaces/interfaces/msg/float32_array8.h
[7.865s] -- Installing: /home/ema/Desktop/work/rover/src/matlab_msg_gen/glnxa64/install/include/interfaces/interfaces/msg/float32_array12.h
[7.865s] -- Up-to-date: /home/ema/Desktop/work/rover/src/matlab_msg_gen/glnxa64/install/include/interfaces/interfaces/msg/rosidl_generator_c__visibility_control.h
[7.865s] -- Up-to-date: /home/ema/Desktop/work/rover/src/matlab_msg_gen/glnxa64/install/share/interfaces/environment/library_path.sh
[7.865s] -- Up-to-date: /home/ema/Desktop/work/rover/src/matlab_msg_gen/glnxa64/install/share/interfaces/environment/library_path.dsv
[7.865s] -- Installing: /home/ema/Desktop/work/rover/src/matlab_msg_gen/glnxa64/install/lib/libinterfaces__rosidl_generator_c.so
[7.865s] -- Up-to-date: /home/ema/Desktop/work/rover/src/matlab_msg_gen/glnxa64/install/include/interfaces/interfaces
[7.865s] -- Up-to-date: /home/ema/Desktop/work/rover/src/matlab_msg_gen/glnxa64/install/include/interfaces/interfaces/msg
[7.865s] -- Up-to-date: /home/ema/Desktop/work/rover/src/matlab_msg_gen/glnxa64/install/include/interfaces/interfaces/msg/detail
[7.865s] -- Installing: /home/ema/Desktop/work/rover/src/matlab_msg_gen/glnxa64/install/include/interfaces/interfaces/msg/detail/float32_array8__rosidl_typesupport_fastrtps_c.h
[7.865s] -- Installing: /home/ema/Desktop/work/rover/src/matlab_msg_gen/glnxa64/install/include/interfaces/interfaces/msg/detail/float32_array12__rosidl_typesupport_fastrtps_c.h
[7.865s] -- Up-to-date: /home/ema/Desktop/work/rover/src/matlab_msg_gen/glnxa64/install/include/interfaces/interfaces/msg/rosidl_typesupport_fastrtps_c__visibility_control.h
[7.865s] -- Installing: /home/ema/Desktop/work/rover/src/matlab_msg_gen/glnxa64/install/lib/libinterfaces__rosidl_typesupport_fastrtps_c.so
[7.865s] -- Up-to-date: /home/ema/Desktop/work/rover/src/matlab_msg_gen/glnxa64/install/include/interfaces/interfaces
[7.865s] -- Up-to-date: /home/ema/Desktop/work/rover/src/matlab_msg_gen/glnxa64/install/include/interfaces/interfaces/msg
[7.865s] -- Up-to-date: /home/ema/Desktop/work/rover/src/matlab_msg_gen/glnxa64/install/include/interfaces/interfaces/msg/detail
[7.865s] -- Up-to-date: /home/ema/Desktop/work/rover/src/matlab_msg_gen/glnxa64/install/include/interfaces/interfaces/msg/detail/float32_array8__type_support.c
[7.866s] -- Installing: /home/ema/Desktop/work/rover/src/matlab_msg_gen/glnxa64/install/include/interfaces/interfaces/msg/detail/float32_array12__rosidl_typesupport_introspection_c.h
[7.866s] -- Up-to-date: /home/ema/Desktop/work/rover/src/matlab_msg_gen/glnxa64/install/include/interfaces/interfaces/msg/detail/float32_array12__type_support.c
[7.866s] -- Installing: /home/ema/Desktop/work/rover/src/matlab_msg_gen/glnxa64/install/include/interfaces/interfaces/msg/detail/float32_array8__rosidl_typesupport_introspection_c.h
[7.866s] -- Up-to-date: /home/ema/Desktop/work/rover/src/matlab_msg_gen/glnxa64/install/include/interfaces/interfaces/msg/rosidl_typesupport_introspection_c__visibility_control.h
[7.866s] -- Installing: /home/ema/Desktop/work/rover/src/matlab_msg_gen/glnxa64/install/lib/libinterfaces__rosidl_typesupport_introspection_c.so
[7.866s] -- Installing: /home/ema/Desktop/work/rover/src/matlab_msg_gen/glnxa64/install/lib/libinterfaces__rosidl_typesupport_c.so
[7.866s] -- Up-to-date: /home/ema/Desktop/work/rover/src/matlab_msg_gen/glnxa64/install/include/interfaces/interfaces
[7.866s] -- Up-to-date: /home/ema/Desktop/work/rover/src/matlab_msg_gen/glnxa64/install/include/interfaces/interfaces/msg
[7.866s] -- Up-to-date: /home/ema/Desktop/work/rover/src/matlab_msg_gen/glnxa64/install/include/interfaces/interfaces/msg/detail
[7.866s] -- Installing: /home/ema/Desktop/work/rover/src/matlab_msg_gen/glnxa64/install/include/interfaces/interfaces/msg/detail/float32_array8__type_support.hpp
[7.866s] -- Installing: /home/ema/Desktop/work/rover/src/matlab_msg_gen/glnxa64/install/include/interfaces/interfaces/msg/detail/float32_array12__type_support.hpp
[7.866s] -- Installing: /home/ema/Desktop/work/rover/src/matlab_msg_gen/glnxa64/install/include/interfaces/interfaces/msg/detail/float32_array12__traits.hpp
[7.866s] -- Installing: /home/ema/Desktop/work/rover/src/matlab_msg_gen/glnxa64/install/include/interfaces/interfaces/msg/detail/float32_array12__builder.hpp
[7.866s] -- Installing: /home/ema/Desktop/work/rover/src/matlab_msg_gen/glnxa64/install/include/interfaces/interfaces/msg/detail/float32_array8__struct.hpp
[7.866s] -- Installing: /home/ema/Desktop/work/rover/src/matlab_msg_gen/glnxa64/install/include/interfaces/interfaces/msg/detail/float32_array12__struct.hpp
[7.866s] -- Installing: /home/ema/Desktop/work/rover/src/matlab_msg_gen/glnxa64/install/include/interfaces/interfaces/msg/detail/float32_array8__builder.hpp
[7.866s] -- Installing: /home/ema/Desktop/work/rover/src/matlab_msg_gen/glnxa64/install/include/interfaces/interfaces/msg/detail/float32_array8__traits.hpp
[7.866s] -- Installing: /home/ema/Desktop/work/rover/src/matlab_msg_gen/glnxa64/install/include/interfaces/interfaces/msg/float32_array12.hpp
[7.866s] -- Installing: /home/ema/Desktop/work/rover/src/matlab_msg_gen/glnxa64/install/include/interfaces/interfaces/msg/float32_array8.hpp
[7.866s] -- Up-to-date: /home/ema/Desktop/work/rover/src/matlab_msg_gen/glnxa64/install/include/interfaces/interfaces/msg/rosidl_generator_cpp__visibility_control.hpp
[7.866s] -- Up-to-date: /home/ema/Desktop/work/rover/src/matlab_msg_gen/glnxa64/install/include/interfaces/interfaces
[7.866s] -- Up-to-date: /home/ema/Desktop/work/rover/src/matlab_msg_gen/glnxa64/install/include/interfaces/interfaces/msg
[7.866s] -- Up-to-date: /home/ema/Desktop/work/rover/src/matlab_msg_gen/glnxa64/install/include/interfaces/interfaces/msg/detail
[7.866s] -- Up-to-date: /home/ema/Desktop/work/rover/src/matlab_msg_gen/glnxa64/install/include/interfaces/interfaces/msg/detail/dds_fastrtps
[7.866s] -- Installing: /home/ema/Desktop/work/rover/src/matlab_msg_gen/glnxa64/install/include/interfaces/interfaces/msg/detail/float32_array12__rosidl_typesupport_fastrtps_cpp.hpp
[7.866s] -- Installing: /home/ema/Desktop/work/rover/src/matlab_msg_gen/glnxa64/install/include/interfaces/interfaces/msg/detail/float32_array8__rosidl_typesupport_fastrtps_cpp.hpp
[7.866s] -- Up-to-date: /home/ema/Desktop/work/rover/src/matlab_msg_gen/glnxa64/install/include/interfaces/interfaces/msg/rosidl_typesupport_fastrtps_cpp__visibility_control.h
[7.867s] -- Installing: /home/ema/Desktop/work/rover/src/matlab_msg_gen/glnxa64/install/lib/libinterfaces__rosidl_typesupport_fastrtps_cpp.so
[7.867s] -- Up-to-date: /home/ema/Desktop/work/rover/src/matlab_msg_gen/glnxa64/install/include/interfaces/interfaces
[7.867s] -- Up-to-date: /home/ema/Desktop/work/rover/src/matlab_msg_gen/glnxa64/install/include/interfaces/interfaces/msg
[7.867s] -- Up-to-date: /home/ema/Desktop/work/rover/src/matlab_msg_gen/glnxa64/install/include/interfaces/interfaces/msg/detail
[7.867s] -- Installing: /home/ema/Desktop/work/rover/src/matlab_msg_gen/glnxa64/install/include/interfaces/interfaces/msg/detail/float32_array8__rosidl_typesupport_introspection_cpp.hpp
[7.867s] -- Installing: /home/ema/Desktop/work/rover/src/matlab_msg_gen/glnxa64/install/include/interfaces/interfaces/msg/detail/float32_array12__type_support.cpp
[7.867s] -- Installing: /home/ema/Desktop/work/rover/src/matlab_msg_gen/glnxa64/install/include/interfaces/interfaces/msg/detail/float32_array8__type_support.cpp
[7.867s] -- Installing: /home/ema/Desktop/work/rover/src/matlab_msg_gen/glnxa64/install/include/interfaces/interfaces/msg/detail/float32_array12__rosidl_typesupport_introspection_cpp.hpp
[7.867s] -- Installing: /home/ema/Desktop/work/rover/src/matlab_msg_gen/glnxa64/install/lib/libinterfaces__rosidl_typesupport_introspection_cpp.so
[7.867s] -- Installing: /home/ema/Desktop/work/rover/src/matlab_msg_gen/glnxa64/install/lib/libinterfaces__rosidl_typesupport_cpp.so
[7.867s] -- Installing: /home/ema/Desktop/work/rover/src/matlab_msg_gen/glnxa64/install/share/interfaces/msg/Float32Array12.idl
[7.867s] -- Up-to-date: /home/ema/Desktop/work/rover/src/matlab_msg_gen/glnxa64/install/share/interfaces/msg/Float32Array8.idl
[7.867s] -- Installing: /home/ema/Desktop/work/rover/src/matlab_msg_gen/glnxa64/install/share/interfaces/msg/Float32Array12.msg
[7.867s] -- Installing: /home/ema/Desktop/work/rover/src/matlab_msg_gen/glnxa64/install/share/interfaces/msg/Float32Array8.msg
[7.867s] -- Up-to-date: /home/ema/Desktop/work/rover/src/matlab_msg_gen/glnxa64/install/include
[7.867s] -- Up-to-date: /home/ema/Desktop/work/rover/src/matlab_msg_gen/glnxa64/install/include/interfaces
[7.867s] -- Up-to-date: /home/ema/Desktop/work/rover/src/matlab_msg_gen/glnxa64/install/include/interfaces/visibility_control.h
[7.867s] -- Installing: /home/ema/Desktop/work/rover/src/matlab_msg_gen/glnxa64/install/lib/libinterfaces_matlab.so
[7.870s] -- Up-to-date: /home/ema/Desktop/work/rover/src/matlab_msg_gen/glnxa64/install/m/
[7.870s] -- Up-to-date: /home/ema/Desktop/work/rover/src/matlab_msg_gen/glnxa64/install/m//+ros
[7.870s] -- Up-to-date: /home/ema/Desktop/work/rover/src/matlab_msg_gen/glnxa64/install/m//+ros/+internal
[7.870s] -- Up-to-date: /home/ema/Desktop/work/rover/src/matlab_msg_gen/glnxa64/install/m//+ros/+internal/+ros2
[7.870s] -- Up-to-date: /home/ema/Desktop/work/rover/src/matlab_msg_gen/glnxa64/install/m//+ros/+internal/+ros2/+custommessages
[7.870s] -- Up-to-date: /home/ema/Desktop/work/rover/src/matlab_msg_gen/glnxa64/install/m//+ros/+internal/+ros2/+custommessages/+interfaces
[7.870s] -- Installing: /home/ema/Desktop/work/rover/src/matlab_msg_gen/glnxa64/install/m//+ros/+internal/+ros2/+custommessages/+interfaces/float32Array12.m
[7.870s] -- Up-to-date: /home/ema/Desktop/work/rover/src/matlab_msg_gen/glnxa64/install/m//+ros/+internal/+ros2/+custommessages/+interfaces/float32Array8.m
[7.870s] -- Up-to-date: /home/ema/Desktop/work/rover/src/matlab_msg_gen/glnxa64/install/share/ament_index/resource_index/package_run_dependencies/interfaces
[7.870s] -- Installing: /home/ema/Desktop/work/rover/src/matlab_msg_gen/glnxa64/install/share/ament_index/resource_index/parent_prefix_path/interfaces
[7.870s] -- Up-to-date: /home/ema/Desktop/work/rover/src/matlab_msg_gen/glnxa64/install/share/interfaces/environment/ament_prefix_path.sh
[7.870s] -- Up-to-date: /home/ema/Desktop/work/rover/src/matlab_msg_gen/glnxa64/install/share/interfaces/environment/ament_prefix_path.dsv
[7.870s] -- Up-to-date: /home/ema/Desktop/work/rover/src/matlab_msg_gen/glnxa64/install/share/interfaces/environment/path.sh
[7.871s] -- Up-to-date: /home/ema/Desktop/work/rover/src/matlab_msg_gen/glnxa64/install/share/interfaces/environment/path.dsv
[7.871s] -- Up-to-date: /home/ema/Desktop/work/rover/src/matlab_msg_gen/glnxa64/install/share/interfaces/local_setup.bash
[7.871s] -- Up-to-date: /home/ema/Desktop/work/rover/src/matlab_msg_gen/glnxa64/install/share/interfaces/local_setup.sh
[7.871s] -- Up-to-date: /home/ema/Desktop/work/rover/src/matlab_msg_gen/glnxa64/install/share/interfaces/local_setup.zsh
[7.871s] -- Up-to-date: /home/ema/Desktop/work/rover/src/matlab_msg_gen/glnxa64/install/share/interfaces/local_setup.dsv
[7.871s] -- Installing: /home/ema/Desktop/work/rover/src/matlab_msg_gen/glnxa64/install/share/interfaces/package.dsv
[7.871s] -- Up-to-date: /home/ema/Desktop/work/rover/src/matlab_msg_gen/glnxa64/install/share/ament_index/resource_index/packages/interfaces
[7.871s] -- Up-to-date: /home/ema/Desktop/work/rover/src/matlab_msg_gen/glnxa64/install/share/interfaces/cmake/export_interfaces__rosidl_generator_cExport.cmake
[7.871s] -- Up-to-date: /home/ema/Desktop/work/rover/src/matlab_msg_gen/glnxa64/install/share/interfaces/cmake/export_interfaces__rosidl_generator_cExport-release.cmake
[7.871s] -- Up-to-date: /home/ema/Desktop/work/rover/src/matlab_msg_gen/glnxa64/install/share/interfaces/cmake/export_interfaces__rosidl_typesupport_fastrtps_cExport.cmake
[7.871s] -- Up-to-date: /home/ema/Desktop/work/rover/src/matlab_msg_gen/glnxa64/install/share/interfaces/cmake/export_interfaces__rosidl_typesupport_fastrtps_cExport-release.cmake
[7.871s] -- Up-to-date: /home/ema/Desktop/work/rover/src/matlab_msg_gen/glnxa64/install/share/interfaces/cmake/interfaces__rosidl_typesupport_introspection_cExport.cmake
[7.871s] -- Up-to-date: /home/ema/Desktop/work/rover/src/matlab_msg_gen/glnxa64/install/share/interfaces/cmake/interfaces__rosidl_typesupport_introspection_cExport-release.cmake
[7.871s] -- Up-to-date: /home/ema/Desktop/work/rover/src/matlab_msg_gen/glnxa64/install/share/interfaces/cmake/interfaces__rosidl_typesupport_cExport.cmake
[7.871s] -- Up-to-date: /home/ema/Desktop/work/rover/src/matlab_msg_gen/glnxa64/install/share/interfaces/cmake/interfaces__rosidl_typesupport_cExport-release.cmake
[7.871s] -- Up-to-date: /home/ema/Desktop/work/rover/src/matlab_msg_gen/glnxa64/install/share/interfaces/cmake/export_interfaces__rosidl_generator_cppExport.cmake
[7.871s] -- Up-to-date: /home/ema/Desktop/work/rover/src/matlab_msg_gen/glnxa64/install/share/interfaces/cmake/export_interfaces__rosidl_typesupport_fastrtps_cppExport.cmake
[7.871s] -- Up-to-date: /home/ema/Desktop/work/rover/src/matlab_msg_gen/glnxa64/install/share/interfaces/cmake/export_interfaces__rosidl_typesupport_fastrtps_cppExport-release.cmake
[7.871s] -- Up-to-date: /home/ema/Desktop/work/rover/src/matlab_msg_gen/glnxa64/install/share/interfaces/cmake/interfaces__rosidl_typesupport_introspection_cppExport.cmake
[7.872s] -- Up-to-date: /home/ema/Desktop/work/rover/src/matlab_msg_gen/glnxa64/install/share/interfaces/cmake/interfaces__rosidl_typesupport_introspection_cppExport-release.cmake
[7.872s] -- Up-to-date: /home/ema/Desktop/work/rover/src/matlab_msg_gen/glnxa64/install/share/interfaces/cmake/interfaces__rosidl_typesupport_cppExport.cmake
[7.872s] -- Up-to-date: /home/ema/Desktop/work/rover/src/matlab_msg_gen/glnxa64/install/share/interfaces/cmake/interfaces__rosidl_typesupport_cppExport-release.cmake
[7.872s] -- Installing: /home/ema/Desktop/work/rover/src/matlab_msg_gen/glnxa64/install/share/interfaces/cmake/rosidl_cmake-extras.cmake
[7.872s] -- Up-to-date: /home/ema/Desktop/work/rover/src/matlab_msg_gen/glnxa64/install/share/interfaces/cmake/ament_cmake_export_include_directories-extras.cmake
[7.873s] -- Up-to-date: /home/ema/Desktop/work/rover/src/matlab_msg_gen/glnxa64/install/share/interfaces/cmake/ament_cmake_export_libraries-extras.cmake
[7.873s] -- Up-to-date: /home/ema/Desktop/work/rover/src/matlab_msg_gen/glnxa64/install/share/interfaces/cmake/ament_cmake_export_targets-extras.cmake
[7.873s] -- Up-to-date: /home/ema/Desktop/work/rover/src/matlab_msg_gen/glnxa64/install/share/interfaces/cmake/rosidl_cmake_export_typesupport_targets-extras.cmake
[7.873s] -- Up-to-date: /home/ema/Desktop/work/rover/src/matlab_msg_gen/glnxa64/install/share/interfaces/cmake/ament_cmake_export_dependencies-extras.cmake
[7.873s] -- Up-to-date: /home/ema/Desktop/work/rover/src/matlab_msg_gen/glnxa64/install/share/interfaces/cmake/rosidl_cmake_export_typesupport_libraries-extras.cmake
[7.873s] -- Up-to-date: /home/ema/Desktop/work/rover/src/matlab_msg_gen/glnxa64/install/share/interfaces/cmake/interfacesConfig.cmake
[7.873s] -- Up-to-date: /home/ema/Desktop/work/rover/src/matlab_msg_gen/glnxa64/install/share/interfaces/cmake/interfacesConfig-version.cmake
[7.873s] -- Installing: /home/ema/Desktop/work/rover/src/matlab_msg_gen/glnxa64/install/share/interfaces/package.xml
[7.873s] Invoked command in '/home/ema/Desktop/work/rover/src/matlab_msg_gen/glnxa64/build/interfaces' returned '0': DEBUGINFOD_URLS=https://debuginfod.ubuntu.com PS1=(venv) VIRTUAL_ENV_PROMPT=(venv) /usr/local/MATLAB/R2025b/bin/glnxa64/cmake/bin/cmake --install /home/ema/Desktop/work/rover/src/matlab_msg_gen/glnxa64/build/interfaces
