[0.207s] DEBUG:colcon:Command line arguments: ['/home/ema/.matlab/R2025b/ros2/glnxa64/venv/bin/colcon', 'build', '--merge-install', '--cmake-args', '-DCMAKE_BUILD_TYPE=Release', '-DCMAKE_SHARED_LINKER_FLAGS=-Wl,-no-as-needed', '-DBUILD_TESTING=OFF', '-DALIAS_ROS2_TF2=1', '-DCMAKE_CXX_FLAGS_RELEASE=-O0', '-G', 'Ninja', '-DCMAKE_C_COMPILER=/usr/bin/gcc-12', '-DCMAKE_CXX_COMPILER=/usr/bin/g++-12']
[0.207s] DEBUG:colcon:Parsed command line arguments: Namespace(log_base=None, log_level=None, verb_name='build', build_base='build', install_base='install', merge_install=True, symlink_install=False, test_result_base=None, continue_on_error=False, executor='parallel', parallel_workers=16, event_handlers=None, ignore_user_meta=False, metas=['./colcon.meta'], base_paths=['.'], packages_ignore=None, packages_ignore_regex=None, paths=None, packages_up_to=None, packages_up_to_regex=None, packages_above=None, packages_above_and_dependencies=None, packages_above_depth=None, packages_select_by_dep=None, packages_skip_by_dep=None, packages_skip_up_to=None, packages_select_build_failed=False, packages_skip_build_finished=False, packages_select_test_failures=False, packages_skip_test_passed=False, packages_select=None, packages_skip=None, packages_select_regex=None, packages_skip_regex=None, packages_start=None, packages_end=None, cmake_args=['-DCMAKE_BUILD_TYPE=Release', '-DCMAKE_SHARED_LINKER_FLAGS=-Wl,-no-as-needed', '-DBUILD_TESTING=OFF', '-DALIAS_ROS2_TF2=1', '-DCMAKE_CXX_FLAGS_RELEASE=-O0', '-G', 'Ninja', '-DCMAKE_C_COMPILER=/usr/bin/gcc-12', '-DCMAKE_CXX_COMPILER=/usr/bin/g++-12'], cmake_target=None, cmake_target_skip_unavailable=False, cmake_clean_cache=False, cmake_clean_first=False, cmake_force_configure=False, ament_cmake_args=None, catkin_cmake_args=None, catkin_skip_building_tests=False, verb_parser=<colcon_defaults.argument_parser.defaults.DefaultArgumentsDecorator object at 0x705478d22d10>, verb_extension=<colcon_core.verb.build.BuildVerb object at 0x705478c985e0>, main=<bound method BuildVerb.main of <colcon_core.verb.build.BuildVerb object at 0x705478c985e0>>)
[0.225s] Level 1:colcon.colcon_core.package_discovery:discover_packages(colcon_meta) check parameters
[0.225s] Level 1:colcon.colcon_core.package_discovery:discover_packages(recursive) check parameters
[0.225s] Level 1:colcon.colcon_core.package_discovery:discover_packages(ignore) check parameters
[0.225s] Level 1:colcon.colcon_core.package_discovery:discover_packages(path) check parameters
[0.225s] Level 1:colcon.colcon_core.package_discovery:discover_packages(colcon_meta) discover
[0.225s] Level 1:colcon.colcon_core.package_discovery:discover_packages(recursive) discover
[0.225s] INFO:colcon.colcon_core.package_discovery:Crawling recursively for packages in '/home/ema/Desktop/work/rover/src/matlab_msg_gen/glnxa64'
[0.225s] Level 1:colcon.colcon_core.package_identification:_identify(.) by extensions ['ignore', 'ignore_ament_install']
[0.225s] Level 1:colcon.colcon_core.package_identification:_identify(.) by extension 'ignore'
[0.225s] Level 1:colcon.colcon_core.package_identification:_identify(.) by extension 'ignore_ament_install'
[0.225s] Level 1:colcon.colcon_core.package_identification:_identify(.) by extensions ['colcon_pkg']
[0.225s] Level 1:colcon.colcon_core.package_identification:_identify(.) by extension 'colcon_pkg'
[0.225s] Level 1:colcon.colcon_core.package_identification:_identify(.) by extensions ['colcon_meta']
[0.225s] Level 1:colcon.colcon_core.package_identification:_identify(.) by extension 'colcon_meta'
[0.225s] Level 1:colcon.colcon_core.package_identification:_identify(.) by extensions ['ros']
[0.225s] Level 1:colcon.colcon_core.package_identification:_identify(.) by extension 'ros'
[0.235s] Level 1:colcon.colcon_core.package_identification:_identify(.) by extensions ['cmake', 'python']
[0.235s] Level 1:colcon.colcon_core.package_identification:_identify(.) by extension 'cmake'
[0.235s] Level 1:colcon.colcon_core.package_identification:_identify(.) by extension 'python'
[0.235s] Level 1:colcon.colcon_core.package_identification:_identify(.) by extensions ['python_setup_py']
[0.235s] Level 1:colcon.colcon_core.package_identification:_identify(.) by extension 'python_setup_py'
[0.235s] Level 1:colcon.colcon_core.package_identification:_identify(build) by extensions ['ignore', 'ignore_ament_install']
[0.235s] Level 1:colcon.colcon_core.package_identification:_identify(build) by extension 'ignore'
[0.235s] Level 1:colcon.colcon_core.package_identification:_identify(build) ignored
[0.235s] Level 1:colcon.colcon_core.package_identification:_identify(install) by extensions ['ignore', 'ignore_ament_install']
[0.235s] Level 1:colcon.colcon_core.package_identification:_identify(install) by extension 'ignore'
[0.235s] Level 1:colcon.colcon_core.package_identification:_identify(install) ignored
[0.236s] Level 1:colcon.colcon_core.package_identification:_identify(log) by extensions ['ignore', 'ignore_ament_install']
[0.236s] Level 1:colcon.colcon_core.package_identification:_identify(log) by extension 'ignore'
[0.236s] Level 1:colcon.colcon_core.package_identification:_identify(log) ignored
[0.236s] Level 1:colcon.colcon_core.package_identification:_identify(src) by extensions ['ignore', 'ignore_ament_install']
[0.236s] Level 1:colcon.colcon_core.package_identification:_identify(src) by extension 'ignore'
[0.236s] Level 1:colcon.colcon_core.package_identification:_identify(src) by extension 'ignore_ament_install'
[0.236s] Level 1:colcon.colcon_core.package_identification:_identify(src) by extensions ['colcon_pkg']
[0.236s] Level 1:colcon.colcon_core.package_identification:_identify(src) by extension 'colcon_pkg'
[0.236s] Level 1:colcon.colcon_core.package_identification:_identify(src) by extensions ['colcon_meta']
[0.236s] Level 1:colcon.colcon_core.package_identification:_identify(src) by extension 'colcon_meta'
[0.236s] Level 1:colcon.colcon_core.package_identification:_identify(src) by extensions ['ros']
[0.236s] Level 1:colcon.colcon_core.package_identification:_identify(src) by extension 'ros'
[0.236s] Level 1:colcon.colcon_core.package_identification:_identify(src) by extensions ['cmake', 'python']
[0.236s] Level 1:colcon.colcon_core.package_identification:_identify(src) by extension 'cmake'
[0.236s] Level 1:colcon.colcon_core.package_identification:_identify(src) by extension 'python'
[0.236s] Level 1:colcon.colcon_core.package_identification:_identify(src) by extensions ['python_setup_py']
[0.236s] Level 1:colcon.colcon_core.package_identification:_identify(src) by extension 'python_setup_py'
[0.236s] Level 1:colcon.colcon_core.package_identification:_identify(src/interfaces) by extensions ['ignore', 'ignore_ament_install']
[0.236s] Level 1:colcon.colcon_core.package_identification:_identify(src/interfaces) by extension 'ignore'
[0.236s] Level 1:colcon.colcon_core.package_identification:_identify(src/interfaces) by extension 'ignore_ament_install'
[0.236s] Level 1:colcon.colcon_core.package_identification:_identify(src/interfaces) by extensions ['colcon_pkg']
[0.236s] Level 1:colcon.colcon_core.package_identification:_identify(src/interfaces) by extension 'colcon_pkg'
[0.236s] Level 1:colcon.colcon_core.package_identification:_identify(src/interfaces) by extensions ['colcon_meta']
[0.236s] Level 1:colcon.colcon_core.package_identification:_identify(src/interfaces) by extension 'colcon_meta'
[0.236s] Level 1:colcon.colcon_core.package_identification:_identify(src/interfaces) by extensions ['ros']
[0.236s] Level 1:colcon.colcon_core.package_identification:_identify(src/interfaces) by extension 'ros'
[0.237s] DEBUG:colcon.colcon_core.package_identification:Package 'src/interfaces' with type 'ros.ament_cmake' and name 'interfaces'
[0.237s] Level 1:colcon.colcon_core.package_discovery:discover_packages(recursive) using defaults
[0.237s] Level 1:colcon.colcon_core.package_discovery:discover_packages(ignore) discover
[0.237s] Level 1:colcon.colcon_core.package_discovery:discover_packages(ignore) using defaults
[0.237s] Level 1:colcon.colcon_core.package_discovery:discover_packages(path) discover
[0.237s] Level 1:colcon.colcon_core.package_discovery:discover_packages(path) using defaults
[0.265s] Level 5:colcon.colcon_core.verb:set package 'interfaces' build argument 'cmake_args' from command line to '['-DCMAKE_BUILD_TYPE=Release', '-DCMAKE_SHARED_LINKER_FLAGS=-Wl,-no-as-needed', '-DBUILD_TESTING=OFF', '-DALIAS_ROS2_TF2=1', '-DCMAKE_CXX_FLAGS_RELEASE=-O0', '-G', 'Ninja', '-DCMAKE_C_COMPILER=/usr/bin/gcc-12', '-DCMAKE_CXX_COMPILER=/usr/bin/g++-12']'
[0.265s] Level 5:colcon.colcon_core.verb:set package 'interfaces' build argument 'cmake_target' from command line to 'None'
[0.265s] Level 5:colcon.colcon_core.verb:set package 'interfaces' build argument 'cmake_target_skip_unavailable' from command line to 'False'
[0.265s] Level 5:colcon.colcon_core.verb:set package 'interfaces' build argument 'cmake_clean_cache' from command line to 'False'
[0.265s] Level 5:colcon.colcon_core.verb:set package 'interfaces' build argument 'cmake_clean_first' from command line to 'False'
[0.265s] Level 5:colcon.colcon_core.verb:set package 'interfaces' build argument 'cmake_force_configure' from command line to 'False'
[0.265s] Level 5:colcon.colcon_core.verb:set package 'interfaces' build argument 'ament_cmake_args' from command line to 'None'
[0.265s] Level 5:colcon.colcon_core.verb:set package 'interfaces' build argument 'catkin_cmake_args' from command line to 'None'
[0.265s] Level 5:colcon.colcon_core.verb:set package 'interfaces' build argument 'catkin_skip_building_tests' from command line to 'False'
[0.265s] DEBUG:colcon.colcon_core.verb:Building package 'interfaces' with the following arguments: {'ament_cmake_args': None, 'build_base': '/home/ema/Desktop/work/rover/src/matlab_msg_gen/glnxa64/build/interfaces', 'catkin_cmake_args': None, 'catkin_skip_building_tests': False, 'cmake_args': ['-DCMAKE_BUILD_TYPE=Release', '-DCMAKE_SHARED_LINKER_FLAGS=-Wl,-no-as-needed', '-DBUILD_TESTING=OFF', '-DALIAS_ROS2_TF2=1', '-DCMAKE_CXX_FLAGS_RELEASE=-O0', '-G', 'Ninja', '-DCMAKE_C_COMPILER=/usr/bin/gcc-12', '-DCMAKE_CXX_COMPILER=/usr/bin/g++-12'], 'cmake_clean_cache': False, 'cmake_clean_first': False, 'cmake_force_configure': False, 'cmake_target': None, 'cmake_target_skip_unavailable': False, 'install_base': '/home/ema/Desktop/work/rover/src/matlab_msg_gen/glnxa64/install', 'merge_install': True, 'path': '/home/ema/Desktop/work/rover/src/matlab_msg_gen/glnxa64/src/interfaces', 'symlink_install': False, 'test_result_base': None}
[0.266s] INFO:colcon.colcon_core.executor:Executing jobs using 'parallel' executor
[0.271s] DEBUG:colcon.colcon_parallel_executor.executor.parallel:run_until_complete
[0.271s] INFO:colcon.colcon_ros.task.ament_cmake.build:Building ROS package in '/home/ema/Desktop/work/rover/src/matlab_msg_gen/glnxa64/src/interfaces' with build type 'ament_cmake'
[0.271s] INFO:colcon.colcon_cmake.task.cmake.build:Building CMake package in '/home/ema/Desktop/work/rover/src/matlab_msg_gen/glnxa64/src/interfaces'
[0.278s] INFO:colcon.colcon_core.plugin_system:Skipping extension 'colcon_core.shell.bat': Not used on non-Windows systems
[0.278s] INFO:colcon.colcon_core.shell:Skip shell extension 'powershell' for command environment: Not usable outside of PowerShell
[0.278s] DEBUG:colcon.colcon_core.shell:Skip shell extension 'dsv' for command environment
[0.291s] DEBUG:colcon.colcon_core.event_handler.log_command:Invoking command in '/home/ema/Desktop/work/rover/src/matlab_msg_gen/glnxa64/build/interfaces': DEBUGINFOD_URLS=https://debuginfod.ubuntu.com PS1=(venv) VIRTUAL_ENV_PROMPT=(venv) /usr/local/MATLAB/R2025b/bin/glnxa64/cmake/bin/cmake /home/ema/Desktop/work/rover/src/matlab_msg_gen/glnxa64/src/interfaces -DCMAKE_BUILD_TYPE=Release -DCMAKE_SHARED_LINKER_FLAGS=-Wl,-no-as-needed -DBUILD_TESTING=OFF -DALIAS_ROS2_TF2=1 -DCMAKE_CXX_FLAGS_RELEASE=-O0 -G Ninja -DCMAKE_C_COMPILER=/usr/bin/gcc-12 -DCMAKE_CXX_COMPILER=/usr/bin/g++-12 -DCMAKE_INSTALL_PREFIX=/home/ema/Desktop/work/rover/src/matlab_msg_gen/glnxa64/install
[1.108s] DEBUG:colcon.colcon_core.event_handler.log_command:Invoked command in '/home/ema/Desktop/work/rover/src/matlab_msg_gen/glnxa64/build/interfaces' returned '0': DEBUGINFOD_URLS=https://debuginfod.ubuntu.com PS1=(venv) VIRTUAL_ENV_PROMPT=(venv) /usr/local/MATLAB/R2025b/bin/glnxa64/cmake/bin/cmake /home/ema/Desktop/work/rover/src/matlab_msg_gen/glnxa64/src/interfaces -DCMAKE_BUILD_TYPE=Release -DCMAKE_SHARED_LINKER_FLAGS=-Wl,-no-as-needed -DBUILD_TESTING=OFF -DALIAS_ROS2_TF2=1 -DCMAKE_CXX_FLAGS_RELEASE=-O0 -G Ninja -DCMAKE_C_COMPILER=/usr/bin/gcc-12 -DCMAKE_CXX_COMPILER=/usr/bin/g++-12 -DCMAKE_INSTALL_PREFIX=/home/ema/Desktop/work/rover/src/matlab_msg_gen/glnxa64/install
[1.109s] DEBUG:colcon.colcon_core.event_handler.log_command:Invoking command in '/home/ema/Desktop/work/rover/src/matlab_msg_gen/glnxa64/build/interfaces': DEBUGINFOD_URLS=https://debuginfod.ubuntu.com PS1=(venv) VIRTUAL_ENV_PROMPT=(venv) /usr/local/MATLAB/R2025b/bin/glnxa64/cmake/bin/cmake --build /home/ema/Desktop/work/rover/src/matlab_msg_gen/glnxa64/build/interfaces -- -j16 -l16
[7.492s] DEBUG:colcon.colcon_core.event_handler.log_command:Invoked command in '/home/ema/Desktop/work/rover/src/matlab_msg_gen/glnxa64/build/interfaces' returned '0': DEBUGINFOD_URLS=https://debuginfod.ubuntu.com PS1=(venv) VIRTUAL_ENV_PROMPT=(venv) /usr/local/MATLAB/R2025b/bin/glnxa64/cmake/bin/cmake --build /home/ema/Desktop/work/rover/src/matlab_msg_gen/glnxa64/build/interfaces -- -j16 -l16
[7.505s] DEBUG:colcon.colcon_core.event_handler.log_command:Invoking command in '/home/ema/Desktop/work/rover/src/matlab_msg_gen/glnxa64/build/interfaces': DEBUGINFOD_URLS=https://debuginfod.ubuntu.com PS1=(venv) VIRTUAL_ENV_PROMPT=(venv) /usr/local/MATLAB/R2025b/bin/glnxa64/cmake/bin/cmake --install /home/ema/Desktop/work/rover/src/matlab_msg_gen/glnxa64/build/interfaces
[7.512s] Level 1:colcon.colcon_core.environment:create_environment_scripts_only(interfaces)
[7.513s] DEBUG:colcon.colcon_core.event_handler.log_command:Invoked command in '/home/ema/Desktop/work/rover/src/matlab_msg_gen/glnxa64/build/interfaces' returned '0': DEBUGINFOD_URLS=https://debuginfod.ubuntu.com PS1=(venv) VIRTUAL_ENV_PROMPT=(venv) /usr/local/MATLAB/R2025b/bin/glnxa64/cmake/bin/cmake --install /home/ema/Desktop/work/rover/src/matlab_msg_gen/glnxa64/build/interfaces
[7.516s] Level 1:colcon.colcon_core.environment:checking '/home/ema/Desktop/work/rover/src/matlab_msg_gen/glnxa64/install' for CMake module files
[7.516s] Level 1:colcon.colcon_core.environment:checking '/home/ema/Desktop/work/rover/src/matlab_msg_gen/glnxa64/install' for CMake config files
[7.516s] Level 1:colcon.colcon_core.shell:create_environment_hook('interfaces', 'cmake_prefix_path')
[7.519s] INFO:colcon.colcon_core.shell:Creating environment hook '/home/ema/Desktop/work/rover/src/matlab_msg_gen/glnxa64/install/share/interfaces/hook/cmake_prefix_path.ps1'
[7.519s] INFO:colcon.colcon_core.shell:Creating environment descriptor '/home/ema/Desktop/work/rover/src/matlab_msg_gen/glnxa64/install/share/interfaces/hook/cmake_prefix_path.dsv'
[7.519s] INFO:colcon.colcon_core.shell:Creating environment hook '/home/ema/Desktop/work/rover/src/matlab_msg_gen/glnxa64/install/share/interfaces/hook/cmake_prefix_path.sh'
[7.520s] Level 1:colcon.colcon_core.environment:checking '/home/ema/Desktop/work/rover/src/matlab_msg_gen/glnxa64/install/lib'
[7.520s] Level 1:colcon.colcon_core.shell:create_environment_hook('interfaces', 'ld_library_path_lib')
[7.522s] INFO:colcon.colcon_core.shell:Creating environment hook '/home/ema/Desktop/work/rover/src/matlab_msg_gen/glnxa64/install/share/interfaces/hook/ld_library_path_lib.ps1'
[7.522s] INFO:colcon.colcon_core.shell:Creating environment descriptor '/home/ema/Desktop/work/rover/src/matlab_msg_gen/glnxa64/install/share/interfaces/hook/ld_library_path_lib.dsv'
[7.522s] INFO:colcon.colcon_core.shell:Creating environment hook '/home/ema/Desktop/work/rover/src/matlab_msg_gen/glnxa64/install/share/interfaces/hook/ld_library_path_lib.sh'
[7.522s] Level 1:colcon.colcon_core.environment:checking '/home/ema/Desktop/work/rover/src/matlab_msg_gen/glnxa64/install/bin'
[7.522s] Level 1:colcon.colcon_core.environment:checking '/home/ema/Desktop/work/rover/src/matlab_msg_gen/glnxa64/install/lib/pkgconfig/interfaces.pc'
[7.523s] Level 1:colcon.colcon_core.environment:checking '/home/ema/Desktop/work/rover/src/matlab_msg_gen/glnxa64/install/lib/python3.10/site-packages'
[7.523s] Level 1:colcon.colcon_core.environment:checking '/home/ema/Desktop/work/rover/src/matlab_msg_gen/glnxa64/install/bin'
[7.525s] INFO:colcon.colcon_core.shell:Creating package script '/home/ema/Desktop/work/rover/src/matlab_msg_gen/glnxa64/install/share/interfaces/package.ps1'
[7.526s] INFO:colcon.colcon_core.shell:Creating package descriptor '/home/ema/Desktop/work/rover/src/matlab_msg_gen/glnxa64/install/share/interfaces/package.dsv'
[7.526s] INFO:colcon.colcon_core.shell:Creating package script '/home/ema/Desktop/work/rover/src/matlab_msg_gen/glnxa64/install/share/interfaces/package.sh'
[7.526s] INFO:colcon.colcon_core.shell:Creating package script '/home/ema/Desktop/work/rover/src/matlab_msg_gen/glnxa64/install/share/interfaces/package.bash'
[7.526s] INFO:colcon.colcon_core.shell:Creating package script '/home/ema/Desktop/work/rover/src/matlab_msg_gen/glnxa64/install/share/interfaces/package.zsh'
[7.526s] Level 1:colcon.colcon_core.environment:create_file_with_runtime_dependencies(/home/ema/Desktop/work/rover/src/matlab_msg_gen/glnxa64/install/share/colcon-core/packages/interfaces)
[7.540s] Level 1:colcon.colcon_core.environment:create_environment_scripts_only(interfaces)
[7.543s] Level 1:colcon.colcon_core.environment:checking '/home/ema/Desktop/work/rover/src/matlab_msg_gen/glnxa64/install' for CMake module files
[7.543s] Level 1:colcon.colcon_core.environment:checking '/home/ema/Desktop/work/rover/src/matlab_msg_gen/glnxa64/install' for CMake config files
[7.543s] Level 1:colcon.colcon_core.shell:create_environment_hook('interfaces', 'cmake_prefix_path')
[7.546s] INFO:colcon.colcon_core.shell:Creating environment hook '/home/ema/Desktop/work/rover/src/matlab_msg_gen/glnxa64/install/share/interfaces/hook/cmake_prefix_path.ps1'
[7.546s] INFO:colcon.colcon_core.shell:Creating environment descriptor '/home/ema/Desktop/work/rover/src/matlab_msg_gen/glnxa64/install/share/interfaces/hook/cmake_prefix_path.dsv'
[7.546s] INFO:colcon.colcon_core.shell:Creating environment hook '/home/ema/Desktop/work/rover/src/matlab_msg_gen/glnxa64/install/share/interfaces/hook/cmake_prefix_path.sh'
[7.546s] Level 1:colcon.colcon_core.environment:checking '/home/ema/Desktop/work/rover/src/matlab_msg_gen/glnxa64/install/lib'
[7.546s] Level 1:colcon.colcon_core.shell:create_environment_hook('interfaces', 'ld_library_path_lib')
[7.548s] INFO:colcon.colcon_core.shell:Creating environment hook '/home/ema/Desktop/work/rover/src/matlab_msg_gen/glnxa64/install/share/interfaces/hook/ld_library_path_lib.ps1'
[7.549s] INFO:colcon.colcon_core.shell:Creating environment descriptor '/home/ema/Desktop/work/rover/src/matlab_msg_gen/glnxa64/install/share/interfaces/hook/ld_library_path_lib.dsv'
[7.549s] INFO:colcon.colcon_core.shell:Creating environment hook '/home/ema/Desktop/work/rover/src/matlab_msg_gen/glnxa64/install/share/interfaces/hook/ld_library_path_lib.sh'
[7.549s] Level 1:colcon.colcon_core.environment:checking '/home/ema/Desktop/work/rover/src/matlab_msg_gen/glnxa64/install/bin'
[7.549s] Level 1:colcon.colcon_core.environment:checking '/home/ema/Desktop/work/rover/src/matlab_msg_gen/glnxa64/install/lib/pkgconfig/interfaces.pc'
[7.549s] Level 1:colcon.colcon_core.environment:checking '/home/ema/Desktop/work/rover/src/matlab_msg_gen/glnxa64/install/lib/python3.10/site-packages'
[7.549s] Level 1:colcon.colcon_core.environment:checking '/home/ema/Desktop/work/rover/src/matlab_msg_gen/glnxa64/install/bin'
[7.551s] INFO:colcon.colcon_core.shell:Creating package script '/home/ema/Desktop/work/rover/src/matlab_msg_gen/glnxa64/install/share/interfaces/package.ps1'
[7.552s] INFO:colcon.colcon_core.shell:Creating package descriptor '/home/ema/Desktop/work/rover/src/matlab_msg_gen/glnxa64/install/share/interfaces/package.dsv'
[7.552s] INFO:colcon.colcon_core.shell:Creating package script '/home/ema/Desktop/work/rover/src/matlab_msg_gen/glnxa64/install/share/interfaces/package.sh'
[7.552s] INFO:colcon.colcon_core.shell:Creating package script '/home/ema/Desktop/work/rover/src/matlab_msg_gen/glnxa64/install/share/interfaces/package.bash'
[7.552s] INFO:colcon.colcon_core.shell:Creating package script '/home/ema/Desktop/work/rover/src/matlab_msg_gen/glnxa64/install/share/interfaces/package.zsh'
[7.552s] Level 1:colcon.colcon_core.environment:create_file_with_runtime_dependencies(/home/ema/Desktop/work/rover/src/matlab_msg_gen/glnxa64/install/share/colcon-core/packages/interfaces)
[7.552s] DEBUG:colcon.colcon_parallel_executor.executor.parallel:closing loop
[7.553s] DEBUG:colcon.colcon_parallel_executor.executor.parallel:loop closed
[7.553s] DEBUG:colcon.colcon_parallel_executor.executor.parallel:run_until_complete finished with '0'
[7.553s] DEBUG:colcon.colcon_core.event_reactor:joining thread
[7.556s] INFO:colcon.colcon_core.plugin_system:Skipping extension 'colcon_notification.desktop_notification.notify2': 'notify2' not found
[7.556s] INFO:colcon.colcon_core.plugin_system:Skipping extension 'colcon_notification.desktop_notification.terminal_notifier': Not used on non-Darwin systems
[7.556s] INFO:colcon.colcon_core.plugin_system:Skipping extension 'colcon_notification.desktop_notification.win32': Not used on non-Windows systems
[7.556s] INFO:colcon.colcon_notification.desktop_notification:Sending desktop notification using 'notify_send'
[7.572s] DEBUG:colcon.colcon_core.event_reactor:joined thread
[7.575s] INFO:colcon.colcon_core.shell:Creating prefix script '/home/ema/Desktop/work/rover/src/matlab_msg_gen/glnxa64/install/local_setup.ps1'
[7.575s] INFO:colcon.colcon_core.shell:Creating prefix util module '/home/ema/Desktop/work/rover/src/matlab_msg_gen/glnxa64/install/_local_setup_util_ps1.py'
[7.576s] INFO:colcon.colcon_core.shell:Creating prefix chain script '/home/ema/Desktop/work/rover/src/matlab_msg_gen/glnxa64/install/setup.ps1'
[7.578s] INFO:colcon.colcon_core.shell:Creating prefix script '/home/ema/Desktop/work/rover/src/matlab_msg_gen/glnxa64/install/local_setup.sh'
[7.578s] INFO:colcon.colcon_core.shell:Creating prefix util module '/home/ema/Desktop/work/rover/src/matlab_msg_gen/glnxa64/install/_local_setup_util_sh.py'
[7.578s] INFO:colcon.colcon_core.shell:Creating prefix chain script '/home/ema/Desktop/work/rover/src/matlab_msg_gen/glnxa64/install/setup.sh'
[7.580s] INFO:colcon.colcon_core.shell:Creating prefix script '/home/ema/Desktop/work/rover/src/matlab_msg_gen/glnxa64/install/local_setup.bash'
[7.580s] INFO:colcon.colcon_core.shell:Creating prefix chain script '/home/ema/Desktop/work/rover/src/matlab_msg_gen/glnxa64/install/setup.bash'
[7.582s] INFO:colcon.colcon_core.shell:Creating prefix script '/home/ema/Desktop/work/rover/src/matlab_msg_gen/glnxa64/install/local_setup.zsh'
[7.582s] INFO:colcon.colcon_core.shell:Creating prefix chain script '/home/ema/Desktop/work/rover/src/matlab_msg_gen/glnxa64/install/setup.zsh'
