[0.016s] Invoking command in '/home/ema/Desktop/work/rover/src/matlab_msg_gen/glnxa64/build/interfaces': DEBUGINFOD_URLS=https://debuginfod.ubuntu.com PS1=(venv) VIRTUAL_ENV_PROMPT=(venv) /usr/local/MATLAB/R2025b/bin/glnxa64/cmake/bin/cmake --build /home/ema/Desktop/work/rover/src/matlab_msg_gen/glnxa64/build/interfaces -- -j16 -l16
[0.038s] [0/1] Re-running CMake...
[0.049s] -- Building for ROS 2 Jazzy
[0.049s] -- Found ament_cmake: 2.5.2 (/usr/local/MATLAB/R2025b/sys/ros2/glnxa64/ros2/share/ament_cmake/cmake)
[0.107s] -- Found ament_cmake_ros: 0.12.0 (/usr/local/MATLAB/R2025b/sys/ros2/glnxa64/ros2/share/ament_cmake_ros/cmake)
[0.110s] -- Found rosidl_typesupport_c: 3.2.2 (/usr/local/MATLAB/R2025b/sys/ros2/glnxa64/ros2/share/rosidl_typesupport_c/cmake)
[0.111s] -- Using all available rosidl_typesupport_c: rosidl_typesupport_fastrtps_c;rosidl_typesupport_introspection_c
[0.141s] -- Found rosidl_typesupport_cpp: 3.2.2 (/usr/local/MATLAB/R2025b/sys/ros2/glnxa64/ros2/share/rosidl_typesupport_cpp/cmake)
[0.141s] -- Using all available rosidl_typesupport_cpp: rosidl_typesupport_fastrtps_cpp;rosidl_typesupport_introspection_cpp
[0.158s] -- Found rosidl_default_generators: 1.6.0 (/usr/local/MATLAB/R2025b/sys/ros2/glnxa64/ros2/share/rosidl_default_generators/cmake)
[0.161s] -- Found rosidl_adapter: 4.8.1 (/usr/local/MATLAB/R2025b/sys/ros2/glnxa64/ros2/share/rosidl_adapter/cmake)
[0.162s] -- Found class_loader: 2.7.0 (/usr/local/MATLAB/R2025b/sys/ros2/glnxa64/ros2/share/class_loader/cmake)
[0.164s] -- Found rclcpp: 28.1.3 (/usr/local/MATLAB/R2025b/sys/ros2/glnxa64/ros2/share/rclcpp/cmake)
[0.203s] -- Found rmw_implementation_cmake: 7.3.1 (/usr/local/MATLAB/R2025b/sys/ros2/glnxa64/ros2/share/rmw_implementation_cmake/cmake)
[0.204s] -- Found rmw_fastrtps_cpp: 9.0.0 (/usr/local/MATLAB/R2025b/sys/ros2/glnxa64/ros2/share/rmw_fastrtps_cpp/cmake)
[0.228s] -- Using RMW implementation 'rmw_fastrtps_cpp' as default
[0.416s] -- Using all available rosidl_typesupport_c: rosidl_typesupport_fastrtps_c;rosidl_typesupport_introspection_c
[0.471s] -- Using all available rosidl_typesupport_cpp: rosidl_typesupport_fastrtps_cpp;rosidl_typesupport_introspection_cpp
[0.480s] -- Configuring done
[0.496s] -- Generating done
[0.500s] -- Build files have been written to: /home/ema/Desktop/work/rover/src/matlab_msg_gen/glnxa64/build/interfaces
[0.520s] ninja: no work to do.
[0.522s] Invoked command in '/home/ema/Desktop/work/rover/src/matlab_msg_gen/glnxa64/build/interfaces' returned '0': DEBUGINFOD_URLS=https://debuginfod.ubuntu.com PS1=(venv) VIRTUAL_ENV_PROMPT=(venv) /usr/local/MATLAB/R2025b/bin/glnxa64/cmake/bin/cmake --build /home/ema/Desktop/work/rover/src/matlab_msg_gen/glnxa64/build/interfaces -- -j16 -l16
[0.532s] Invoking command in '/home/ema/Desktop/work/rover/src/matlab_msg_gen/glnxa64/build/interfaces': DEBUGINFOD_URLS=https://debuginfod.ubuntu.com PS1=(venv) VIRTUAL_ENV_PROMPT=(venv) /usr/local/MATLAB/R2025b/bin/glnxa64/cmake/bin/cmake --install /home/ema/Desktop/work/rover/src/matlab_msg_gen/glnxa64/build/interfaces
[0.534s] -- Install configuration: "Release"
[0.534s] -- Up-to-date: /home/ema/Desktop/work/rover/src/matlab_msg_gen/glnxa64/install/share/ament_index/resource_index/rosidl_interfaces/interfaces
[0.534s] -- Up-to-date: /home/ema/Desktop/work/rover/src/matlab_msg_gen/glnxa64/install/share/interfaces/msg/Float32Array12.json
[0.534s] -- Up-to-date: /home/ema/Desktop/work/rover/src/matlab_msg_gen/glnxa64/install/share/interfaces/msg/Float32Array8.json
[0.534s] -- Up-to-date: /home/ema/Desktop/work/rover/src/matlab_msg_gen/glnxa64/install/include/interfaces/interfaces
[0.534s] -- Up-to-date: /home/ema/Desktop/work/rover/src/matlab_msg_gen/glnxa64/install/include/interfaces/interfaces/msg
[0.534s] -- Up-to-date: /home/ema/Desktop/work/rover/src/matlab_msg_gen/glnxa64/install/include/interfaces/interfaces/msg/detail
[0.534s] -- Up-to-date: /home/ema/Desktop/work/rover/src/matlab_msg_gen/glnxa64/install/include/interfaces/interfaces/msg/detail/float32_array12__functions.c
[0.535s] -- Up-to-date: /home/ema/Desktop/work/rover/src/matlab_msg_gen/glnxa64/install/include/interfaces/interfaces/msg/detail/float32_array12__functions.h
[0.535s] -- Up-to-date: /home/ema/Desktop/work/rover/src/matlab_msg_gen/glnxa64/install/include/interfaces/interfaces/msg/detail/float32_array8__functions.h
[0.535s] -- Up-to-date: /home/ema/Desktop/work/rover/src/matlab_msg_gen/glnxa64/install/include/interfaces/interfaces/msg/detail/float32_array8__struct.h
[0.535s] -- Up-to-date: /home/ema/Desktop/work/rover/src/matlab_msg_gen/glnxa64/install/include/interfaces/interfaces/msg/detail/float32_array8__functions.c
[0.535s] -- Up-to-date: /home/ema/Desktop/work/rover/src/matlab_msg_gen/glnxa64/install/include/interfaces/interfaces/msg/detail/float32_array8__type_support.c
[0.535s] -- Up-to-date: /home/ema/Desktop/work/rover/src/matlab_msg_gen/glnxa64/install/include/interfaces/interfaces/msg/detail/float32_array8__description.c
[0.535s] -- Up-to-date: /home/ema/Desktop/work/rover/src/matlab_msg_gen/glnxa64/install/include/interfaces/interfaces/msg/detail/float32_array12__type_support.c
[0.535s] -- Up-to-date: /home/ema/Desktop/work/rover/src/matlab_msg_gen/glnxa64/install/include/interfaces/interfaces/msg/detail/float32_array12__description.c
[0.535s] -- Up-to-date: /home/ema/Desktop/work/rover/src/matlab_msg_gen/glnxa64/install/include/interfaces/interfaces/msg/detail/float32_array8__type_support.h
[0.535s] -- Up-to-date: /home/ema/Desktop/work/rover/src/matlab_msg_gen/glnxa64/install/include/interfaces/interfaces/msg/detail/float32_array12__type_support.h
[0.535s] -- Up-to-date: /home/ema/Desktop/work/rover/src/matlab_msg_gen/glnxa64/install/include/interfaces/interfaces/msg/detail/float32_array12__struct.h
[0.535s] -- Up-to-date: /home/ema/Desktop/work/rover/src/matlab_msg_gen/glnxa64/install/include/interfaces/interfaces/msg/float32_array8.h
[0.535s] -- Up-to-date: /home/ema/Desktop/work/rover/src/matlab_msg_gen/glnxa64/install/include/interfaces/interfaces/msg/float32_array12.h
[0.535s] -- Up-to-date: /home/ema/Desktop/work/rover/src/matlab_msg_gen/glnxa64/install/include/interfaces/interfaces/msg/rosidl_generator_c__visibility_control.h
[0.535s] -- Up-to-date: /home/ema/Desktop/work/rover/src/matlab_msg_gen/glnxa64/install/share/interfaces/environment/library_path.sh
[0.535s] -- Up-to-date: /home/ema/Desktop/work/rover/src/matlab_msg_gen/glnxa64/install/share/interfaces/environment/library_path.dsv
[0.535s] -- Up-to-date: /home/ema/Desktop/work/rover/src/matlab_msg_gen/glnxa64/install/lib/libinterfaces__rosidl_generator_c.so
[0.535s] -- Up-to-date: /home/ema/Desktop/work/rover/src/matlab_msg_gen/glnxa64/install/include/interfaces/interfaces
[0.535s] -- Up-to-date: /home/ema/Desktop/work/rover/src/matlab_msg_gen/glnxa64/install/include/interfaces/interfaces/msg
[0.535s] -- Up-to-date: /home/ema/Desktop/work/rover/src/matlab_msg_gen/glnxa64/install/include/interfaces/interfaces/msg/detail
[0.535s] -- Up-to-date: /home/ema/Desktop/work/rover/src/matlab_msg_gen/glnxa64/install/include/interfaces/interfaces/msg/detail/float32_array8__rosidl_typesupport_fastrtps_c.h
[0.535s] -- Up-to-date: /home/ema/Desktop/work/rover/src/matlab_msg_gen/glnxa64/install/include/interfaces/interfaces/msg/detail/float32_array12__rosidl_typesupport_fastrtps_c.h
[0.535s] -- Up-to-date: /home/ema/Desktop/work/rover/src/matlab_msg_gen/glnxa64/install/include/interfaces/interfaces/msg/rosidl_typesupport_fastrtps_c__visibility_control.h
[0.535s] -- Up-to-date: /home/ema/Desktop/work/rover/src/matlab_msg_gen/glnxa64/install/lib/libinterfaces__rosidl_typesupport_fastrtps_c.so
[0.535s] -- Up-to-date: /home/ema/Desktop/work/rover/src/matlab_msg_gen/glnxa64/install/include/interfaces/interfaces
[0.535s] -- Up-to-date: /home/ema/Desktop/work/rover/src/matlab_msg_gen/glnxa64/install/include/interfaces/interfaces/msg
[0.535s] -- Up-to-date: /home/ema/Desktop/work/rover/src/matlab_msg_gen/glnxa64/install/include/interfaces/interfaces/msg/detail
[0.535s] -- Up-to-date: /home/ema/Desktop/work/rover/src/matlab_msg_gen/glnxa64/install/include/interfaces/interfaces/msg/detail/float32_array8__type_support.c
[0.535s] -- Up-to-date: /home/ema/Desktop/work/rover/src/matlab_msg_gen/glnxa64/install/include/interfaces/interfaces/msg/detail/float32_array12__rosidl_typesupport_introspection_c.h
[0.535s] -- Up-to-date: /home/ema/Desktop/work/rover/src/matlab_msg_gen/glnxa64/install/include/interfaces/interfaces/msg/detail/float32_array12__type_support.c
[0.535s] -- Up-to-date: /home/ema/Desktop/work/rover/src/matlab_msg_gen/glnxa64/install/include/interfaces/interfaces/msg/detail/float32_array8__rosidl_typesupport_introspection_c.h
[0.535s] -- Up-to-date: /home/ema/Desktop/work/rover/src/matlab_msg_gen/glnxa64/install/include/interfaces/interfaces/msg/rosidl_typesupport_introspection_c__visibility_control.h
[0.535s] -- Up-to-date: /home/ema/Desktop/work/rover/src/matlab_msg_gen/glnxa64/install/lib/libinterfaces__rosidl_typesupport_introspection_c.so
[0.535s] -- Up-to-date: /home/ema/Desktop/work/rover/src/matlab_msg_gen/glnxa64/install/lib/libinterfaces__rosidl_typesupport_c.so
[0.535s] -- Up-to-date: /home/ema/Desktop/work/rover/src/matlab_msg_gen/glnxa64/install/include/interfaces/interfaces
[0.535s] -- Up-to-date: /home/ema/Desktop/work/rover/src/matlab_msg_gen/glnxa64/install/include/interfaces/interfaces/msg
[0.535s] -- Up-to-date: /home/ema/Desktop/work/rover/src/matlab_msg_gen/glnxa64/install/include/interfaces/interfaces/msg/detail
[0.535s] -- Up-to-date: /home/ema/Desktop/work/rover/src/matlab_msg_gen/glnxa64/install/include/interfaces/interfaces/msg/detail/float32_array8__type_support.hpp
[0.535s] -- Up-to-date: /home/ema/Desktop/work/rover/src/matlab_msg_gen/glnxa64/install/include/interfaces/interfaces/msg/detail/float32_array12__type_support.hpp
[0.535s] -- Up-to-date: /home/ema/Desktop/work/rover/src/matlab_msg_gen/glnxa64/install/include/interfaces/interfaces/msg/detail/float32_array12__traits.hpp
[0.536s] -- Up-to-date: /home/ema/Desktop/work/rover/src/matlab_msg_gen/glnxa64/install/include/interfaces/interfaces/msg/detail/float32_array12__builder.hpp
[0.536s] -- Up-to-date: /home/ema/Desktop/work/rover/src/matlab_msg_gen/glnxa64/install/include/interfaces/interfaces/msg/detail/float32_array8__struct.hpp
[0.536s] -- Up-to-date: /home/ema/Desktop/work/rover/src/matlab_msg_gen/glnxa64/install/include/interfaces/interfaces/msg/detail/float32_array12__struct.hpp
[0.536s] -- Up-to-date: /home/ema/Desktop/work/rover/src/matlab_msg_gen/glnxa64/install/include/interfaces/interfaces/msg/detail/float32_array8__builder.hpp
[0.536s] -- Up-to-date: /home/ema/Desktop/work/rover/src/matlab_msg_gen/glnxa64/install/include/interfaces/interfaces/msg/detail/float32_array8__traits.hpp
[0.536s] -- Up-to-date: /home/ema/Desktop/work/rover/src/matlab_msg_gen/glnxa64/install/include/interfaces/interfaces/msg/float32_array12.hpp
[0.536s] -- Up-to-date: /home/ema/Desktop/work/rover/src/matlab_msg_gen/glnxa64/install/include/interfaces/interfaces/msg/float32_array8.hpp
[0.536s] -- Up-to-date: /home/ema/Desktop/work/rover/src/matlab_msg_gen/glnxa64/install/include/interfaces/interfaces/msg/rosidl_generator_cpp__visibility_control.hpp
[0.536s] -- Up-to-date: /home/ema/Desktop/work/rover/src/matlab_msg_gen/glnxa64/install/include/interfaces/interfaces
[0.536s] -- Up-to-date: /home/ema/Desktop/work/rover/src/matlab_msg_gen/glnxa64/install/include/interfaces/interfaces/msg
[0.536s] -- Up-to-date: /home/ema/Desktop/work/rover/src/matlab_msg_gen/glnxa64/install/include/interfaces/interfaces/msg/detail
[0.536s] -- Up-to-date: /home/ema/Desktop/work/rover/src/matlab_msg_gen/glnxa64/install/include/interfaces/interfaces/msg/detail/dds_fastrtps
[0.536s] -- Up-to-date: /home/ema/Desktop/work/rover/src/matlab_msg_gen/glnxa64/install/include/interfaces/interfaces/msg/detail/float32_array12__rosidl_typesupport_fastrtps_cpp.hpp
[0.536s] -- Up-to-date: /home/ema/Desktop/work/rover/src/matlab_msg_gen/glnxa64/install/include/interfaces/interfaces/msg/detail/float32_array8__rosidl_typesupport_fastrtps_cpp.hpp
[0.536s] -- Up-to-date: /home/ema/Desktop/work/rover/src/matlab_msg_gen/glnxa64/install/include/interfaces/interfaces/msg/rosidl_typesupport_fastrtps_cpp__visibility_control.h
[0.536s] -- Up-to-date: /home/ema/Desktop/work/rover/src/matlab_msg_gen/glnxa64/install/lib/libinterfaces__rosidl_typesupport_fastrtps_cpp.so
[0.536s] -- Up-to-date: /home/ema/Desktop/work/rover/src/matlab_msg_gen/glnxa64/install/include/interfaces/interfaces
[0.536s] -- Up-to-date: /home/ema/Desktop/work/rover/src/matlab_msg_gen/glnxa64/install/include/interfaces/interfaces/msg
[0.536s] -- Up-to-date: /home/ema/Desktop/work/rover/src/matlab_msg_gen/glnxa64/install/include/interfaces/interfaces/msg/detail
[0.536s] -- Up-to-date: /home/ema/Desktop/work/rover/src/matlab_msg_gen/glnxa64/install/include/interfaces/interfaces/msg/detail/float32_array8__rosidl_typesupport_introspection_cpp.hpp
[0.536s] -- Up-to-date: /home/ema/Desktop/work/rover/src/matlab_msg_gen/glnxa64/install/include/interfaces/interfaces/msg/detail/float32_array12__type_support.cpp
[0.536s] -- Up-to-date: /home/ema/Desktop/work/rover/src/matlab_msg_gen/glnxa64/install/include/interfaces/interfaces/msg/detail/float32_array8__type_support.cpp
[0.536s] -- Up-to-date: /home/ema/Desktop/work/rover/src/matlab_msg_gen/glnxa64/install/include/interfaces/interfaces/msg/detail/float32_array12__rosidl_typesupport_introspection_cpp.hpp
[0.536s] -- Up-to-date: /home/ema/Desktop/work/rover/src/matlab_msg_gen/glnxa64/install/lib/libinterfaces__rosidl_typesupport_introspection_cpp.so
[0.536s] -- Up-to-date: /home/ema/Desktop/work/rover/src/matlab_msg_gen/glnxa64/install/lib/libinterfaces__rosidl_typesupport_cpp.so
[0.536s] -- Up-to-date: /home/ema/Desktop/work/rover/src/matlab_msg_gen/glnxa64/install/share/interfaces/msg/Float32Array12.idl
[0.536s] -- Up-to-date: /home/ema/Desktop/work/rover/src/matlab_msg_gen/glnxa64/install/share/interfaces/msg/Float32Array8.idl
[0.536s] -- Up-to-date: /home/ema/Desktop/work/rover/src/matlab_msg_gen/glnxa64/install/share/interfaces/msg/Float32Array12.msg
[0.536s] -- Up-to-date: /home/ema/Desktop/work/rover/src/matlab_msg_gen/glnxa64/install/share/interfaces/msg/Float32Array8.msg
[0.536s] -- Up-to-date: /home/ema/Desktop/work/rover/src/matlab_msg_gen/glnxa64/install/include
[0.536s] -- Up-to-date: /home/ema/Desktop/work/rover/src/matlab_msg_gen/glnxa64/install/include/interfaces
[0.536s] -- Up-to-date: /home/ema/Desktop/work/rover/src/matlab_msg_gen/glnxa64/install/include/interfaces/visibility_control.h
[0.536s] -- Up-to-date: /home/ema/Desktop/work/rover/src/matlab_msg_gen/glnxa64/install/lib/libinterfaces_matlab.so
[0.536s] -- Up-to-date: /home/ema/Desktop/work/rover/src/matlab_msg_gen/glnxa64/install/m/
[0.536s] -- Up-to-date: /home/ema/Desktop/work/rover/src/matlab_msg_gen/glnxa64/install/m//+ros
[0.536s] -- Up-to-date: /home/ema/Desktop/work/rover/src/matlab_msg_gen/glnxa64/install/m//+ros/+internal
[0.536s] -- Up-to-date: /home/ema/Desktop/work/rover/src/matlab_msg_gen/glnxa64/install/m//+ros/+internal/+ros2
[0.536s] -- Up-to-date: /home/ema/Desktop/work/rover/src/matlab_msg_gen/glnxa64/install/m//+ros/+internal/+ros2/+custommessages
[0.536s] -- Up-to-date: /home/ema/Desktop/work/rover/src/matlab_msg_gen/glnxa64/install/m//+ros/+internal/+ros2/+custommessages/+interfaces
[0.536s] -- Up-to-date: /home/ema/Desktop/work/rover/src/matlab_msg_gen/glnxa64/install/m//+ros/+internal/+ros2/+custommessages/+interfaces/float32Array12.m
[0.536s] -- Up-to-date: /home/ema/Desktop/work/rover/src/matlab_msg_gen/glnxa64/install/m//+ros/+internal/+ros2/+custommessages/+interfaces/float32Array8.m
[0.536s] -- Up-to-date: /home/ema/Desktop/work/rover/src/matlab_msg_gen/glnxa64/install/share/ament_index/resource_index/package_run_dependencies/interfaces
[0.536s] -- Up-to-date: /home/ema/Desktop/work/rover/src/matlab_msg_gen/glnxa64/install/share/ament_index/resource_index/parent_prefix_path/interfaces
[0.536s] -- Up-to-date: /home/ema/Desktop/work/rover/src/matlab_msg_gen/glnxa64/install/share/interfaces/environment/ament_prefix_path.sh
[0.536s] -- Up-to-date: /home/ema/Desktop/work/rover/src/matlab_msg_gen/glnxa64/install/share/interfaces/environment/ament_prefix_path.dsv
[0.536s] -- Up-to-date: /home/ema/Desktop/work/rover/src/matlab_msg_gen/glnxa64/install/share/interfaces/environment/path.sh
[0.537s] -- Up-to-date: /home/ema/Desktop/work/rover/src/matlab_msg_gen/glnxa64/install/share/interfaces/environment/path.dsv
[0.537s] -- Up-to-date: /home/ema/Desktop/work/rover/src/matlab_msg_gen/glnxa64/install/share/interfaces/local_setup.bash
[0.537s] -- Up-to-date: /home/ema/Desktop/work/rover/src/matlab_msg_gen/glnxa64/install/share/interfaces/local_setup.sh
[0.537s] -- Up-to-date: /home/ema/Desktop/work/rover/src/matlab_msg_gen/glnxa64/install/share/interfaces/local_setup.zsh
[0.537s] -- Up-to-date: /home/ema/Desktop/work/rover/src/matlab_msg_gen/glnxa64/install/share/interfaces/local_setup.dsv
[0.537s] -- Installing: /home/ema/Desktop/work/rover/src/matlab_msg_gen/glnxa64/install/share/interfaces/package.dsv
[0.537s] -- Up-to-date: /home/ema/Desktop/work/rover/src/matlab_msg_gen/glnxa64/install/share/ament_index/resource_index/packages/interfaces
[0.537s] -- Up-to-date: /home/ema/Desktop/work/rover/src/matlab_msg_gen/glnxa64/install/share/interfaces/cmake/export_interfaces__rosidl_generator_cExport.cmake
[0.537s] -- Up-to-date: /home/ema/Desktop/work/rover/src/matlab_msg_gen/glnxa64/install/share/interfaces/cmake/export_interfaces__rosidl_generator_cExport-release.cmake
[0.537s] -- Up-to-date: /home/ema/Desktop/work/rover/src/matlab_msg_gen/glnxa64/install/share/interfaces/cmake/export_interfaces__rosidl_typesupport_fastrtps_cExport.cmake
[0.537s] -- Up-to-date: /home/ema/Desktop/work/rover/src/matlab_msg_gen/glnxa64/install/share/interfaces/cmake/export_interfaces__rosidl_typesupport_fastrtps_cExport-release.cmake
[0.537s] -- Up-to-date: /home/ema/Desktop/work/rover/src/matlab_msg_gen/glnxa64/install/share/interfaces/cmake/interfaces__rosidl_typesupport_introspection_cExport.cmake
[0.537s] -- Up-to-date: /home/ema/Desktop/work/rover/src/matlab_msg_gen/glnxa64/install/share/interfaces/cmake/interfaces__rosidl_typesupport_introspection_cExport-release.cmake
[0.537s] -- Up-to-date: /home/ema/Desktop/work/rover/src/matlab_msg_gen/glnxa64/install/share/interfaces/cmake/interfaces__rosidl_typesupport_cExport.cmake
[0.537s] -- Up-to-date: /home/ema/Desktop/work/rover/src/matlab_msg_gen/glnxa64/install/share/interfaces/cmake/interfaces__rosidl_typesupport_cExport-release.cmake
[0.537s] -- Up-to-date: /home/ema/Desktop/work/rover/src/matlab_msg_gen/glnxa64/install/share/interfaces/cmake/export_interfaces__rosidl_generator_cppExport.cmake
[0.537s] -- Up-to-date: /home/ema/Desktop/work/rover/src/matlab_msg_gen/glnxa64/install/share/interfaces/cmake/export_interfaces__rosidl_typesupport_fastrtps_cppExport.cmake
[0.537s] -- Up-to-date: /home/ema/Desktop/work/rover/src/matlab_msg_gen/glnxa64/install/share/interfaces/cmake/export_interfaces__rosidl_typesupport_fastrtps_cppExport-release.cmake
[0.537s] -- Up-to-date: /home/ema/Desktop/work/rover/src/matlab_msg_gen/glnxa64/install/share/interfaces/cmake/interfaces__rosidl_typesupport_introspection_cppExport.cmake
[0.537s] -- Up-to-date: /home/ema/Desktop/work/rover/src/matlab_msg_gen/glnxa64/install/share/interfaces/cmake/interfaces__rosidl_typesupport_introspection_cppExport-release.cmake
[0.537s] -- Up-to-date: /home/ema/Desktop/work/rover/src/matlab_msg_gen/glnxa64/install/share/interfaces/cmake/interfaces__rosidl_typesupport_cppExport.cmake
[0.537s] -- Up-to-date: /home/ema/Desktop/work/rover/src/matlab_msg_gen/glnxa64/install/share/interfaces/cmake/interfaces__rosidl_typesupport_cppExport-release.cmake
[0.537s] -- Up-to-date: /home/ema/Desktop/work/rover/src/matlab_msg_gen/glnxa64/install/share/interfaces/cmake/rosidl_cmake-extras.cmake
[0.537s] -- Up-to-date: /home/ema/Desktop/work/rover/src/matlab_msg_gen/glnxa64/install/share/interfaces/cmake/ament_cmake_export_include_directories-extras.cmake
[0.537s] -- Up-to-date: /home/ema/Desktop/work/rover/src/matlab_msg_gen/glnxa64/install/share/interfaces/cmake/ament_cmake_export_libraries-extras.cmake
[0.537s] -- Up-to-date: /home/ema/Desktop/work/rover/src/matlab_msg_gen/glnxa64/install/share/interfaces/cmake/ament_cmake_export_targets-extras.cmake
[0.537s] -- Up-to-date: /home/ema/Desktop/work/rover/src/matlab_msg_gen/glnxa64/install/share/interfaces/cmake/rosidl_cmake_export_typesupport_targets-extras.cmake
[0.537s] -- Up-to-date: /home/ema/Desktop/work/rover/src/matlab_msg_gen/glnxa64/install/share/interfaces/cmake/ament_cmake_export_dependencies-extras.cmake
[0.537s] -- Up-to-date: /home/ema/Desktop/work/rover/src/matlab_msg_gen/glnxa64/install/share/interfaces/cmake/rosidl_cmake_export_typesupport_libraries-extras.cmake
[0.537s] -- Up-to-date: /home/ema/Desktop/work/rover/src/matlab_msg_gen/glnxa64/install/share/interfaces/cmake/interfacesConfig.cmake
[0.537s] -- Up-to-date: /home/ema/Desktop/work/rover/src/matlab_msg_gen/glnxa64/install/share/interfaces/cmake/interfacesConfig-version.cmake
[0.537s] -- Installing: /home/ema/Desktop/work/rover/src/matlab_msg_gen/glnxa64/install/share/interfaces/package.xml
[0.539s] Invoked command in '/home/ema/Desktop/work/rover/src/matlab_msg_gen/glnxa64/build/interfaces' returned '0': DEBUGINFOD_URLS=https://debuginfod.ubuntu.com PS1=(venv) VIRTUAL_ENV_PROMPT=(venv) /usr/local/MATLAB/R2025b/bin/glnxa64/cmake/bin/cmake --install /home/ema/Desktop/work/rover/src/matlab_msg_gen/glnxa64/build/interfaces
