[0.205s] DEBUG:colcon:Command line arguments: ['/home/ema/.matlab/R2025b/ros2/glnxa64/venv/bin/colcon', 'build', '--merge-install', '--cmake-args', '-DCMAKE_BUILD_TYPE=Release', '-DCMAKE_SHARED_LINKER_FLAGS=-Wl,-no-as-needed', '-DBUILD_TESTING=OFF', '-DALIAS_ROS2_TF2=1', '-DCMAKE_CXX_FLAGS_RELEASE=-O0', '-G', 'Ninja', '-DCMAKE_C_COMPILER=/usr/bin/gcc-12', '-DCMAKE_CXX_COMPILER=/usr/bin/g++-12']
[0.205s] DEBUG:colcon:Parsed command line arguments: Namespace(log_base=None, log_level=None, verb_name='build', build_base='build', install_base='install', merge_install=True, symlink_install=False, test_result_base=None, continue_on_error=False, executor='parallel', parallel_workers=16, event_handlers=None, ignore_user_meta=False, metas=['./colcon.meta'], base_paths=['.'], packages_ignore=None, packages_ignore_regex=None, paths=None, packages_up_to=None, packages_up_to_regex=None, packages_above=None, packages_above_and_dependencies=None, packages_above_depth=None, packages_select_by_dep=None, packages_skip_by_dep=None, packages_skip_up_to=None, packages_select_build_failed=False, packages_skip_build_finished=False, packages_select_test_failures=False, packages_skip_test_passed=False, packages_select=None, packages_skip=None, packages_select_regex=None, packages_skip_regex=None, packages_start=None, packages_end=None, cmake_args=['-DCMAKE_BUILD_TYPE=Release', '-DCMAKE_SHARED_LINKER_FLAGS=-Wl,-no-as-needed', '-DBUILD_TESTING=OFF', '-DALIAS_ROS2_TF2=1', '-DCMAKE_CXX_FLAGS_RELEASE=-O0', '-G', 'Ninja', '-DCMAKE_C_COMPILER=/usr/bin/gcc-12', '-DCMAKE_CXX_COMPILER=/usr/bin/g++-12'], cmake_target=None, cmake_target_skip_unavailable=False, cmake_clean_cache=False, cmake_clean_first=False, cmake_force_configure=False, ament_cmake_args=None, catkin_cmake_args=None, catkin_skip_building_tests=False, verb_parser=<colcon_defaults.argument_parser.defaults.DefaultArgumentsDecorator object at 0x7407f8d81c00>, verb_extension=<colcon_core.verb.build.BuildVerb object at 0x7407f91ff550>, main=<bound method BuildVerb.main of <colcon_core.verb.build.BuildVerb object at 0x7407f91ff550>>)
[0.226s] Level 1:colcon.colcon_core.package_discovery:discover_packages(colcon_meta) check parameters
[0.226s] Level 1:colcon.colcon_core.package_discovery:discover_packages(recursive) check parameters
[0.226s] Level 1:colcon.colcon_core.package_discovery:discover_packages(ignore) check parameters
[0.226s] Level 1:colcon.colcon_core.package_discovery:discover_packages(path) check parameters
[0.226s] Level 1:colcon.colcon_core.package_discovery:discover_packages(colcon_meta) discover
[0.226s] Level 1:colcon.colcon_core.package_discovery:discover_packages(recursive) discover
[0.226s] INFO:colcon.colcon_core.package_discovery:Crawling recursively for packages in '/home/ema/Desktop/work/rover/src/matlab_msg_gen/glnxa64'
[0.226s] Level 1:colcon.colcon_core.package_identification:_identify(.) by extensions ['ignore', 'ignore_ament_install']
[0.226s] Level 1:colcon.colcon_core.package_identification:_identify(.) by extension 'ignore'
[0.226s] Level 1:colcon.colcon_core.package_identification:_identify(.) by extension 'ignore_ament_install'
[0.226s] Level 1:colcon.colcon_core.package_identification:_identify(.) by extensions ['colcon_pkg']
[0.226s] Level 1:colcon.colcon_core.package_identification:_identify(.) by extension 'colcon_pkg'
[0.226s] Level 1:colcon.colcon_core.package_identification:_identify(.) by extensions ['colcon_meta']
[0.226s] Level 1:colcon.colcon_core.package_identification:_identify(.) by extension 'colcon_meta'
[0.226s] Level 1:colcon.colcon_core.package_identification:_identify(.) by extensions ['ros']
[0.226s] Level 1:colcon.colcon_core.package_identification:_identify(.) by extension 'ros'
[0.239s] Level 1:colcon.colcon_core.package_identification:_identify(.) by extensions ['cmake', 'python']
[0.239s] Level 1:colcon.colcon_core.package_identification:_identify(.) by extension 'cmake'
[0.239s] Level 1:colcon.colcon_core.package_identification:_identify(.) by extension 'python'
[0.239s] Level 1:colcon.colcon_core.package_identification:_identify(.) by extensions ['python_setup_py']
[0.239s] Level 1:colcon.colcon_core.package_identification:_identify(.) by extension 'python_setup_py'
[0.239s] Level 1:colcon.colcon_core.package_identification:_identify(build) by extensions ['ignore', 'ignore_ament_install']
[0.240s] Level 1:colcon.colcon_core.package_identification:_identify(build) by extension 'ignore'
[0.240s] Level 1:colcon.colcon_core.package_identification:_identify(build) ignored
[0.240s] Level 1:colcon.colcon_core.package_identification:_identify(install) by extensions ['ignore', 'ignore_ament_install']
[0.240s] Level 1:colcon.colcon_core.package_identification:_identify(install) by extension 'ignore'
[0.240s] Level 1:colcon.colcon_core.package_identification:_identify(install) ignored
[0.240s] Level 1:colcon.colcon_core.package_identification:_identify(log) by extensions ['ignore', 'ignore_ament_install']
[0.240s] Level 1:colcon.colcon_core.package_identification:_identify(log) by extension 'ignore'
[0.240s] Level 1:colcon.colcon_core.package_identification:_identify(log) ignored
[0.240s] Level 1:colcon.colcon_core.package_identification:_identify(src) by extensions ['ignore', 'ignore_ament_install']
[0.240s] Level 1:colcon.colcon_core.package_identification:_identify(src) by extension 'ignore'
[0.240s] Level 1:colcon.colcon_core.package_identification:_identify(src) by extension 'ignore_ament_install'
[0.240s] Level 1:colcon.colcon_core.package_identification:_identify(src) by extensions ['colcon_pkg']
[0.240s] Level 1:colcon.colcon_core.package_identification:_identify(src) by extension 'colcon_pkg'
[0.240s] Level 1:colcon.colcon_core.package_identification:_identify(src) by extensions ['colcon_meta']
[0.240s] Level 1:colcon.colcon_core.package_identification:_identify(src) by extension 'colcon_meta'
[0.240s] Level 1:colcon.colcon_core.package_identification:_identify(src) by extensions ['ros']
[0.240s] Level 1:colcon.colcon_core.package_identification:_identify(src) by extension 'ros'
[0.240s] Level 1:colcon.colcon_core.package_identification:_identify(src) by extensions ['cmake', 'python']
[0.240s] Level 1:colcon.colcon_core.package_identification:_identify(src) by extension 'cmake'
[0.240s] Level 1:colcon.colcon_core.package_identification:_identify(src) by extension 'python'
[0.240s] Level 1:colcon.colcon_core.package_identification:_identify(src) by extensions ['python_setup_py']
[0.240s] Level 1:colcon.colcon_core.package_identification:_identify(src) by extension 'python_setup_py'
[0.240s] Level 1:colcon.colcon_core.package_identification:_identify(src/interfaces) by extensions ['ignore', 'ignore_ament_install']
[0.240s] Level 1:colcon.colcon_core.package_identification:_identify(src/interfaces) by extension 'ignore'
[0.240s] Level 1:colcon.colcon_core.package_identification:_identify(src/interfaces) by extension 'ignore_ament_install'
[0.240s] Level 1:colcon.colcon_core.package_identification:_identify(src/interfaces) by extensions ['colcon_pkg']
[0.240s] Level 1:colcon.colcon_core.package_identification:_identify(src/interfaces) by extension 'colcon_pkg'
[0.240s] Level 1:colcon.colcon_core.package_identification:_identify(src/interfaces) by extensions ['colcon_meta']
[0.240s] Level 1:colcon.colcon_core.package_identification:_identify(src/interfaces) by extension 'colcon_meta'
[0.240s] Level 1:colcon.colcon_core.package_identification:_identify(src/interfaces) by extensions ['ros']
[0.240s] Level 1:colcon.colcon_core.package_identification:_identify(src/interfaces) by extension 'ros'
[0.242s] DEBUG:colcon.colcon_core.package_identification:Package 'src/interfaces' with type 'ros.ament_cmake' and name 'interfaces'
[0.242s] Level 1:colcon.colcon_core.package_discovery:discover_packages(recursive) using defaults
[0.242s] Level 1:colcon.colcon_core.package_discovery:discover_packages(ignore) discover
[0.242s] Level 1:colcon.colcon_core.package_discovery:discover_packages(ignore) using defaults
[0.242s] Level 1:colcon.colcon_core.package_discovery:discover_packages(path) discover
[0.242s] Level 1:colcon.colcon_core.package_discovery:discover_packages(path) using defaults
[0.273s] Level 5:colcon.colcon_core.verb:set package 'interfaces' build argument 'cmake_args' from command line to '['-DCMAKE_BUILD_TYPE=Release', '-DCMAKE_SHARED_LINKER_FLAGS=-Wl,-no-as-needed', '-DBUILD_TESTING=OFF', '-DALIAS_ROS2_TF2=1', '-DCMAKE_CXX_FLAGS_RELEASE=-O0', '-G', 'Ninja', '-DCMAKE_C_COMPILER=/usr/bin/gcc-12', '-DCMAKE_CXX_COMPILER=/usr/bin/g++-12']'
[0.273s] Level 5:colcon.colcon_core.verb:set package 'interfaces' build argument 'cmake_target' from command line to 'None'
[0.273s] Level 5:colcon.colcon_core.verb:set package 'interfaces' build argument 'cmake_target_skip_unavailable' from command line to 'False'
[0.273s] Level 5:colcon.colcon_core.verb:set package 'interfaces' build argument 'cmake_clean_cache' from command line to 'False'
[0.273s] Level 5:colcon.colcon_core.verb:set package 'interfaces' build argument 'cmake_clean_first' from command line to 'False'
[0.273s] Level 5:colcon.colcon_core.verb:set package 'interfaces' build argument 'cmake_force_configure' from command line to 'False'
[0.273s] Level 5:colcon.colcon_core.verb:set package 'interfaces' build argument 'ament_cmake_args' from command line to 'None'
[0.273s] Level 5:colcon.colcon_core.verb:set package 'interfaces' build argument 'catkin_cmake_args' from command line to 'None'
[0.273s] Level 5:colcon.colcon_core.verb:set package 'interfaces' build argument 'catkin_skip_building_tests' from command line to 'False'
[0.273s] DEBUG:colcon.colcon_core.verb:Building package 'interfaces' with the following arguments: {'ament_cmake_args': None, 'build_base': '/home/ema/Desktop/work/rover/src/matlab_msg_gen/glnxa64/build/interfaces', 'catkin_cmake_args': None, 'catkin_skip_building_tests': False, 'cmake_args': ['-DCMAKE_BUILD_TYPE=Release', '-DCMAKE_SHARED_LINKER_FLAGS=-Wl,-no-as-needed', '-DBUILD_TESTING=OFF', '-DALIAS_ROS2_TF2=1', '-DCMAKE_CXX_FLAGS_RELEASE=-O0', '-G', 'Ninja', '-DCMAKE_C_COMPILER=/usr/bin/gcc-12', '-DCMAKE_CXX_COMPILER=/usr/bin/g++-12'], 'cmake_clean_cache': False, 'cmake_clean_first': False, 'cmake_force_configure': False, 'cmake_target': None, 'cmake_target_skip_unavailable': False, 'install_base': '/home/ema/Desktop/work/rover/src/matlab_msg_gen/glnxa64/install', 'merge_install': True, 'path': '/home/ema/Desktop/work/rover/src/matlab_msg_gen/glnxa64/src/interfaces', 'symlink_install': False, 'test_result_base': None}
[0.274s] INFO:colcon.colcon_core.executor:Executing jobs using 'parallel' executor
[0.280s] DEBUG:colcon.colcon_parallel_executor.executor.parallel:run_until_complete
[0.280s] INFO:colcon.colcon_ros.task.ament_cmake.build:Building ROS package in '/home/ema/Desktop/work/rover/src/matlab_msg_gen/glnxa64/src/interfaces' with build type 'ament_cmake'
[0.280s] INFO:colcon.colcon_cmake.task.cmake.build:Building CMake package in '/home/ema/Desktop/work/rover/src/matlab_msg_gen/glnxa64/src/interfaces'
[0.284s] INFO:colcon.colcon_core.plugin_system:Skipping extension 'colcon_core.shell.bat': Not used on non-Windows systems
[0.284s] INFO:colcon.colcon_core.shell:Skip shell extension 'powershell' for command environment: Not usable outside of PowerShell
[0.284s] DEBUG:colcon.colcon_core.shell:Skip shell extension 'dsv' for command environment
[0.297s] DEBUG:colcon.colcon_core.event_handler.log_command:Invoking command in '/home/ema/Desktop/work/rover/src/matlab_msg_gen/glnxa64/build/interfaces': DEBUGINFOD_URLS=https://debuginfod.ubuntu.com PS1=(venv) VIRTUAL_ENV_PROMPT=(venv) /usr/local/MATLAB/R2025b/bin/glnxa64/cmake/bin/cmake --build /home/ema/Desktop/work/rover/src/matlab_msg_gen/glnxa64/build/interfaces -- -j16 -l16
[0.803s] DEBUG:colcon.colcon_core.event_handler.log_command:Invoked command in '/home/ema/Desktop/work/rover/src/matlab_msg_gen/glnxa64/build/interfaces' returned '0': DEBUGINFOD_URLS=https://debuginfod.ubuntu.com PS1=(venv) VIRTUAL_ENV_PROMPT=(venv) /usr/local/MATLAB/R2025b/bin/glnxa64/cmake/bin/cmake --build /home/ema/Desktop/work/rover/src/matlab_msg_gen/glnxa64/build/interfaces -- -j16 -l16
[0.813s] DEBUG:colcon.colcon_core.event_handler.log_command:Invoking command in '/home/ema/Desktop/work/rover/src/matlab_msg_gen/glnxa64/build/interfaces': DEBUGINFOD_URLS=https://debuginfod.ubuntu.com PS1=(venv) VIRTUAL_ENV_PROMPT=(venv) /usr/local/MATLAB/R2025b/bin/glnxa64/cmake/bin/cmake --install /home/ema/Desktop/work/rover/src/matlab_msg_gen/glnxa64/build/interfaces
[0.820s] Level 1:colcon.colcon_core.environment:create_environment_scripts_only(interfaces)
[0.821s] DEBUG:colcon.colcon_core.event_handler.log_command:Invoked command in '/home/ema/Desktop/work/rover/src/matlab_msg_gen/glnxa64/build/interfaces' returned '0': DEBUGINFOD_URLS=https://debuginfod.ubuntu.com PS1=(venv) VIRTUAL_ENV_PROMPT=(venv) /usr/local/MATLAB/R2025b/bin/glnxa64/cmake/bin/cmake --install /home/ema/Desktop/work/rover/src/matlab_msg_gen/glnxa64/build/interfaces
[0.825s] Level 1:colcon.colcon_core.environment:checking '/home/ema/Desktop/work/rover/src/matlab_msg_gen/glnxa64/install' for CMake module files
[0.825s] Level 1:colcon.colcon_core.environment:checking '/home/ema/Desktop/work/rover/src/matlab_msg_gen/glnxa64/install' for CMake config files
[0.826s] Level 1:colcon.colcon_core.shell:create_environment_hook('interfaces', 'cmake_prefix_path')
[0.828s] INFO:colcon.colcon_core.shell:Creating environment hook '/home/ema/Desktop/work/rover/src/matlab_msg_gen/glnxa64/install/share/interfaces/hook/cmake_prefix_path.ps1'
[0.828s] INFO:colcon.colcon_core.shell:Creating environment descriptor '/home/ema/Desktop/work/rover/src/matlab_msg_gen/glnxa64/install/share/interfaces/hook/cmake_prefix_path.dsv'
[0.828s] INFO:colcon.colcon_core.shell:Creating environment hook '/home/ema/Desktop/work/rover/src/matlab_msg_gen/glnxa64/install/share/interfaces/hook/cmake_prefix_path.sh'
[0.829s] Level 1:colcon.colcon_core.environment:checking '/home/ema/Desktop/work/rover/src/matlab_msg_gen/glnxa64/install/lib'
[0.829s] Level 1:colcon.colcon_core.shell:create_environment_hook('interfaces', 'ld_library_path_lib')
[0.831s] INFO:colcon.colcon_core.shell:Creating environment hook '/home/ema/Desktop/work/rover/src/matlab_msg_gen/glnxa64/install/share/interfaces/hook/ld_library_path_lib.ps1'
[0.832s] INFO:colcon.colcon_core.shell:Creating environment descriptor '/home/ema/Desktop/work/rover/src/matlab_msg_gen/glnxa64/install/share/interfaces/hook/ld_library_path_lib.dsv'
[0.832s] INFO:colcon.colcon_core.shell:Creating environment hook '/home/ema/Desktop/work/rover/src/matlab_msg_gen/glnxa64/install/share/interfaces/hook/ld_library_path_lib.sh'
[0.832s] Level 1:colcon.colcon_core.environment:checking '/home/ema/Desktop/work/rover/src/matlab_msg_gen/glnxa64/install/bin'
[0.832s] Level 1:colcon.colcon_core.environment:checking '/home/ema/Desktop/work/rover/src/matlab_msg_gen/glnxa64/install/lib/pkgconfig/interfaces.pc'
[0.833s] Level 1:colcon.colcon_core.environment:checking '/home/ema/Desktop/work/rover/src/matlab_msg_gen/glnxa64/install/lib/python3.10/site-packages'
[0.833s] Level 1:colcon.colcon_core.environment:checking '/home/ema/Desktop/work/rover/src/matlab_msg_gen/glnxa64/install/bin'
[0.835s] INFO:colcon.colcon_core.shell:Creating package script '/home/ema/Desktop/work/rover/src/matlab_msg_gen/glnxa64/install/share/interfaces/package.ps1'
[0.836s] INFO:colcon.colcon_core.shell:Creating package descriptor '/home/ema/Desktop/work/rover/src/matlab_msg_gen/glnxa64/install/share/interfaces/package.dsv'
[0.836s] INFO:colcon.colcon_core.shell:Creating package script '/home/ema/Desktop/work/rover/src/matlab_msg_gen/glnxa64/install/share/interfaces/package.sh'
[0.836s] INFO:colcon.colcon_core.shell:Creating package script '/home/ema/Desktop/work/rover/src/matlab_msg_gen/glnxa64/install/share/interfaces/package.bash'
[0.837s] INFO:colcon.colcon_core.shell:Creating package script '/home/ema/Desktop/work/rover/src/matlab_msg_gen/glnxa64/install/share/interfaces/package.zsh'
[0.837s] Level 1:colcon.colcon_core.environment:create_file_with_runtime_dependencies(/home/ema/Desktop/work/rover/src/matlab_msg_gen/glnxa64/install/share/colcon-core/packages/interfaces)
[0.848s] Level 1:colcon.colcon_core.environment:create_environment_scripts_only(interfaces)
[0.851s] Level 1:colcon.colcon_core.environment:checking '/home/ema/Desktop/work/rover/src/matlab_msg_gen/glnxa64/install' for CMake module files
[0.852s] Level 1:colcon.colcon_core.environment:checking '/home/ema/Desktop/work/rover/src/matlab_msg_gen/glnxa64/install' for CMake config files
[0.852s] Level 1:colcon.colcon_core.shell:create_environment_hook('interfaces', 'cmake_prefix_path')
[0.854s] INFO:colcon.colcon_core.shell:Creating environment hook '/home/ema/Desktop/work/rover/src/matlab_msg_gen/glnxa64/install/share/interfaces/hook/cmake_prefix_path.ps1'
[0.854s] INFO:colcon.colcon_core.shell:Creating environment descriptor '/home/ema/Desktop/work/rover/src/matlab_msg_gen/glnxa64/install/share/interfaces/hook/cmake_prefix_path.dsv'
[0.854s] INFO:colcon.colcon_core.shell:Creating environment hook '/home/ema/Desktop/work/rover/src/matlab_msg_gen/glnxa64/install/share/interfaces/hook/cmake_prefix_path.sh'
[0.855s] Level 1:colcon.colcon_core.environment:checking '/home/ema/Desktop/work/rover/src/matlab_msg_gen/glnxa64/install/lib'
[0.855s] Level 1:colcon.colcon_core.shell:create_environment_hook('interfaces', 'ld_library_path_lib')
[0.857s] INFO:colcon.colcon_core.shell:Creating environment hook '/home/ema/Desktop/work/rover/src/matlab_msg_gen/glnxa64/install/share/interfaces/hook/ld_library_path_lib.ps1'
[0.857s] INFO:colcon.colcon_core.shell:Creating environment descriptor '/home/ema/Desktop/work/rover/src/matlab_msg_gen/glnxa64/install/share/interfaces/hook/ld_library_path_lib.dsv'
[0.857s] INFO:colcon.colcon_core.shell:Creating environment hook '/home/ema/Desktop/work/rover/src/matlab_msg_gen/glnxa64/install/share/interfaces/hook/ld_library_path_lib.sh'
[0.857s] Level 1:colcon.colcon_core.environment:checking '/home/ema/Desktop/work/rover/src/matlab_msg_gen/glnxa64/install/bin'
[0.857s] Level 1:colcon.colcon_core.environment:checking '/home/ema/Desktop/work/rover/src/matlab_msg_gen/glnxa64/install/lib/pkgconfig/interfaces.pc'
[0.858s] Level 1:colcon.colcon_core.environment:checking '/home/ema/Desktop/work/rover/src/matlab_msg_gen/glnxa64/install/lib/python3.10/site-packages'
[0.858s] Level 1:colcon.colcon_core.environment:checking '/home/ema/Desktop/work/rover/src/matlab_msg_gen/glnxa64/install/bin'
[0.860s] INFO:colcon.colcon_core.shell:Creating package script '/home/ema/Desktop/work/rover/src/matlab_msg_gen/glnxa64/install/share/interfaces/package.ps1'
[0.860s] INFO:colcon.colcon_core.shell:Creating package descriptor '/home/ema/Desktop/work/rover/src/matlab_msg_gen/glnxa64/install/share/interfaces/package.dsv'
[0.861s] INFO:colcon.colcon_core.shell:Creating package script '/home/ema/Desktop/work/rover/src/matlab_msg_gen/glnxa64/install/share/interfaces/package.sh'
[0.861s] INFO:colcon.colcon_core.shell:Creating package script '/home/ema/Desktop/work/rover/src/matlab_msg_gen/glnxa64/install/share/interfaces/package.bash'
[0.861s] INFO:colcon.colcon_core.shell:Creating package script '/home/ema/Desktop/work/rover/src/matlab_msg_gen/glnxa64/install/share/interfaces/package.zsh'
[0.861s] Level 1:colcon.colcon_core.environment:create_file_with_runtime_dependencies(/home/ema/Desktop/work/rover/src/matlab_msg_gen/glnxa64/install/share/colcon-core/packages/interfaces)
[0.862s] DEBUG:colcon.colcon_parallel_executor.executor.parallel:closing loop
[0.862s] DEBUG:colcon.colcon_parallel_executor.executor.parallel:loop closed
[0.862s] DEBUG:colcon.colcon_parallel_executor.executor.parallel:run_until_complete finished with '0'
[0.862s] DEBUG:colcon.colcon_core.event_reactor:joining thread
[0.865s] INFO:colcon.colcon_core.plugin_system:Skipping extension 'colcon_notification.desktop_notification.notify2': 'notify2' not found
[0.865s] INFO:colcon.colcon_core.plugin_system:Skipping extension 'colcon_notification.desktop_notification.terminal_notifier': Not used on non-Darwin systems
[0.865s] INFO:colcon.colcon_core.plugin_system:Skipping extension 'colcon_notification.desktop_notification.win32': Not used on non-Windows systems
[0.865s] INFO:colcon.colcon_notification.desktop_notification:Sending desktop notification using 'notify_send'
[0.875s] DEBUG:colcon.colcon_core.event_reactor:joined thread
[0.879s] INFO:colcon.colcon_core.shell:Creating prefix script '/home/ema/Desktop/work/rover/src/matlab_msg_gen/glnxa64/install/local_setup.ps1'
[0.879s] INFO:colcon.colcon_core.shell:Creating prefix util module '/home/ema/Desktop/work/rover/src/matlab_msg_gen/glnxa64/install/_local_setup_util_ps1.py'
[0.881s] INFO:colcon.colcon_core.shell:Creating prefix chain script '/home/ema/Desktop/work/rover/src/matlab_msg_gen/glnxa64/install/setup.ps1'
[0.883s] INFO:colcon.colcon_core.shell:Creating prefix script '/home/ema/Desktop/work/rover/src/matlab_msg_gen/glnxa64/install/local_setup.sh'
[0.883s] INFO:colcon.colcon_core.shell:Creating prefix util module '/home/ema/Desktop/work/rover/src/matlab_msg_gen/glnxa64/install/_local_setup_util_sh.py'
[0.884s] INFO:colcon.colcon_core.shell:Creating prefix chain script '/home/ema/Desktop/work/rover/src/matlab_msg_gen/glnxa64/install/setup.sh'
[0.886s] INFO:colcon.colcon_core.shell:Creating prefix script '/home/ema/Desktop/work/rover/src/matlab_msg_gen/glnxa64/install/local_setup.bash'
[0.887s] INFO:colcon.colcon_core.shell:Creating prefix chain script '/home/ema/Desktop/work/rover/src/matlab_msg_gen/glnxa64/install/setup.bash'
[0.889s] INFO:colcon.colcon_core.shell:Creating prefix script '/home/ema/Desktop/work/rover/src/matlab_msg_gen/glnxa64/install/local_setup.zsh'
[0.889s] INFO:colcon.colcon_core.shell:Creating prefix chain script '/home/ema/Desktop/work/rover/src/matlab_msg_gen/glnxa64/install/setup.zsh'
